[2024-06-29T19:26:43.629+0000] {processor.py:161} INFO - Started process (PID=50) to work on /home/airflow/.local/lib/python3.12/site-packages/airflow/example_dags/example_params_trigger_ui.py
[2024-06-29T19:26:43.644+0000] {processor.py:830} INFO - Processing file /home/airflow/.local/lib/python3.12/site-packages/airflow/example_dags/example_params_trigger_ui.py for tasks to queue
[2024-06-29T19:26:43.650+0000] {logging_mixin.py:188} INFO - [2024-06-29T19:26:43.649+0000] {dagbag.py:545} INFO - Filling up the DagBag from /home/airflow/.local/lib/python3.12/site-packages/airflow/example_dags/example_params_trigger_ui.py
[2024-06-29T19:26:44.771+0000] {processor.py:840} INFO - DAG(s) 'example_params_trigger_ui' retrieved from /home/airflow/.local/lib/python3.12/site-packages/airflow/example_dags/example_params_trigger_ui.py
[2024-06-29T19:26:45.231+0000] {logging_mixin.py:188} INFO - [2024-06-29T19:26:45.226+0000] {override.py:1829} INFO - Created Permission View: can delete on DAG:example_params_trigger_ui
[2024-06-29T19:26:45.260+0000] {logging_mixin.py:188} INFO - [2024-06-29T19:26:45.259+0000] {override.py:1829} INFO - Created Permission View: can read on DAG:example_params_trigger_ui
[2024-06-29T19:26:45.286+0000] {logging_mixin.py:188} INFO - [2024-06-29T19:26:45.285+0000] {override.py:1829} INFO - Created Permission View: can edit on DAG:example_params_trigger_ui
[2024-06-29T19:26:45.290+0000] {logging_mixin.py:188} INFO - [2024-06-29T19:26:45.287+0000] {dag.py:3096} INFO - Sync 1 DAGs
[2024-06-29T19:26:45.349+0000] {logging_mixin.py:188} INFO - [2024-06-29T19:26:45.349+0000] {dag.py:3118} INFO - Creating ORM DAG for example_params_trigger_ui
[2024-06-29T19:26:45.360+0000] {logging_mixin.py:188} INFO - [2024-06-29T19:26:45.359+0000] {dag.py:3954} INFO - Setting next_dagrun for example_params_trigger_ui to None, run_after=None
[2024-06-29T19:26:45.397+0000] {processor.py:183} INFO - Processing /home/airflow/.local/lib/python3.12/site-packages/airflow/example_dags/example_params_trigger_ui.py took 1.788 seconds
[2024-06-29T19:27:15.835+0000] {processor.py:161} INFO - Started process (PID=109) to work on /home/airflow/.local/lib/python3.12/site-packages/airflow/example_dags/example_params_trigger_ui.py
[2024-06-29T19:27:15.836+0000] {processor.py:830} INFO - Processing file /home/airflow/.local/lib/python3.12/site-packages/airflow/example_dags/example_params_trigger_ui.py for tasks to queue
[2024-06-29T19:27:15.839+0000] {logging_mixin.py:188} INFO - [2024-06-29T19:27:15.839+0000] {dagbag.py:545} INFO - Filling up the DagBag from /home/airflow/.local/lib/python3.12/site-packages/airflow/example_dags/example_params_trigger_ui.py
[2024-06-29T19:27:15.860+0000] {processor.py:840} INFO - DAG(s) 'example_params_trigger_ui' retrieved from /home/airflow/.local/lib/python3.12/site-packages/airflow/example_dags/example_params_trigger_ui.py
[2024-06-29T19:27:15.931+0000] {logging_mixin.py:188} INFO - [2024-06-29T19:27:15.931+0000] {dag.py:3096} INFO - Sync 1 DAGs
[2024-06-29T19:27:15.952+0000] {logging_mixin.py:188} INFO - [2024-06-29T19:27:15.952+0000] {dag.py:3954} INFO - Setting next_dagrun for example_params_trigger_ui to None, run_after=None
[2024-06-29T19:27:15.982+0000] {processor.py:183} INFO - Processing /home/airflow/.local/lib/python3.12/site-packages/airflow/example_dags/example_params_trigger_ui.py took 0.158 seconds
[2024-06-29T19:27:46.152+0000] {processor.py:161} INFO - Started process (PID=169) to work on /home/airflow/.local/lib/python3.12/site-packages/airflow/example_dags/example_params_trigger_ui.py
[2024-06-29T19:27:46.158+0000] {processor.py:830} INFO - Processing file /home/airflow/.local/lib/python3.12/site-packages/airflow/example_dags/example_params_trigger_ui.py for tasks to queue
[2024-06-29T19:27:46.165+0000] {logging_mixin.py:188} INFO - [2024-06-29T19:27:46.164+0000] {dagbag.py:545} INFO - Filling up the DagBag from /home/airflow/.local/lib/python3.12/site-packages/airflow/example_dags/example_params_trigger_ui.py
[2024-06-29T19:27:46.309+0000] {processor.py:840} INFO - DAG(s) 'example_params_trigger_ui' retrieved from /home/airflow/.local/lib/python3.12/site-packages/airflow/example_dags/example_params_trigger_ui.py
[2024-06-29T19:27:46.628+0000] {logging_mixin.py:188} INFO - [2024-06-29T19:27:46.626+0000] {dag.py:3096} INFO - Sync 1 DAGs
[2024-06-29T19:27:46.694+0000] {logging_mixin.py:188} INFO - [2024-06-29T19:27:46.693+0000] {dag.py:3954} INFO - Setting next_dagrun for example_params_trigger_ui to None, run_after=None
[2024-06-29T19:27:46.761+0000] {processor.py:183} INFO - Processing /home/airflow/.local/lib/python3.12/site-packages/airflow/example_dags/example_params_trigger_ui.py took 0.632 seconds
[2024-06-29T19:28:21.107+0000] {processor.py:161} INFO - Started process (PID=227) to work on /home/airflow/.local/lib/python3.12/site-packages/airflow/example_dags/example_params_trigger_ui.py
[2024-06-29T19:28:21.121+0000] {processor.py:830} INFO - Processing file /home/airflow/.local/lib/python3.12/site-packages/airflow/example_dags/example_params_trigger_ui.py for tasks to queue
[2024-06-29T19:28:21.126+0000] {logging_mixin.py:188} INFO - [2024-06-29T19:28:21.125+0000] {dagbag.py:545} INFO - Filling up the DagBag from /home/airflow/.local/lib/python3.12/site-packages/airflow/example_dags/example_params_trigger_ui.py
[2024-06-29T19:28:21.207+0000] {processor.py:840} INFO - DAG(s) 'example_params_trigger_ui' retrieved from /home/airflow/.local/lib/python3.12/site-packages/airflow/example_dags/example_params_trigger_ui.py
[2024-06-29T19:28:22.129+0000] {logging_mixin.py:188} INFO - [2024-06-29T19:28:22.127+0000] {dag.py:3096} INFO - Sync 1 DAGs
[2024-06-29T19:28:22.442+0000] {logging_mixin.py:188} INFO - [2024-06-29T19:28:22.441+0000] {dag.py:3954} INFO - Setting next_dagrun for example_params_trigger_ui to None, run_after=None
[2024-06-29T19:28:22.550+0000] {processor.py:183} INFO - Processing /home/airflow/.local/lib/python3.12/site-packages/airflow/example_dags/example_params_trigger_ui.py took 1.489 seconds
[2024-06-29T19:28:52.984+0000] {processor.py:161} INFO - Started process (PID=284) to work on /home/airflow/.local/lib/python3.12/site-packages/airflow/example_dags/example_params_trigger_ui.py
[2024-06-29T19:28:52.986+0000] {processor.py:830} INFO - Processing file /home/airflow/.local/lib/python3.12/site-packages/airflow/example_dags/example_params_trigger_ui.py for tasks to queue
[2024-06-29T19:28:52.989+0000] {logging_mixin.py:188} INFO - [2024-06-29T19:28:52.989+0000] {dagbag.py:545} INFO - Filling up the DagBag from /home/airflow/.local/lib/python3.12/site-packages/airflow/example_dags/example_params_trigger_ui.py
[2024-06-29T19:28:53.401+0000] {processor.py:840} INFO - DAG(s) 'example_params_trigger_ui' retrieved from /home/airflow/.local/lib/python3.12/site-packages/airflow/example_dags/example_params_trigger_ui.py
[2024-06-29T19:28:54.210+0000] {logging_mixin.py:188} INFO - [2024-06-29T19:28:54.204+0000] {dag.py:3096} INFO - Sync 1 DAGs
[2024-06-29T19:28:54.381+0000] {logging_mixin.py:188} INFO - [2024-06-29T19:28:54.380+0000] {dag.py:3954} INFO - Setting next_dagrun for example_params_trigger_ui to None, run_after=None
[2024-06-29T19:28:54.503+0000] {processor.py:183} INFO - Processing /home/airflow/.local/lib/python3.12/site-packages/airflow/example_dags/example_params_trigger_ui.py took 1.531 seconds
