[2024-06-29T19:26:55.916+0000] {processor.py:161} INFO - Started process (PID=72) to work on /home/airflow/.local/lib/python3.12/site-packages/airflow/example_dags/example_branch_datetime_operator.py
[2024-06-29T19:26:55.924+0000] {processor.py:830} INFO - Processing file /home/airflow/.local/lib/python3.12/site-packages/airflow/example_dags/example_branch_datetime_operator.py for tasks to queue
[2024-06-29T19:26:55.931+0000] {logging_mixin.py:188} INFO - [2024-06-29T19:26:55.929+0000] {dagbag.py:545} INFO - Filling up the DagBag from /home/airflow/.local/lib/python3.12/site-packages/airflow/example_dags/example_branch_datetime_operator.py
[2024-06-29T19:26:55.964+0000] {processor.py:840} INFO - DAG(s) 'example_branch_datetime_operator_2', 'example_branch_datetime_operator', 'example_branch_datetime_operator_3' retrieved from /home/airflow/.local/lib/python3.12/site-packages/airflow/example_dags/example_branch_datetime_operator.py
[2024-06-29T19:26:56.278+0000] {logging_mixin.py:188} INFO - [2024-06-29T19:26:56.276+0000] {override.py:1829} INFO - Created Permission View: can delete on DAG:example_branch_datetime_operator_2
[2024-06-29T19:26:56.303+0000] {logging_mixin.py:188} INFO - [2024-06-29T19:26:56.302+0000] {override.py:1829} INFO - Created Permission View: can read on DAG:example_branch_datetime_operator_2
[2024-06-29T19:26:56.318+0000] {logging_mixin.py:188} INFO - [2024-06-29T19:26:56.318+0000] {override.py:1829} INFO - Created Permission View: can edit on DAG:example_branch_datetime_operator_2
[2024-06-29T19:26:56.344+0000] {logging_mixin.py:188} INFO - [2024-06-29T19:26:56.344+0000] {override.py:1829} INFO - Created Permission View: can delete on DAG:example_branch_datetime_operator
[2024-06-29T19:26:56.359+0000] {logging_mixin.py:188} INFO - [2024-06-29T19:26:56.359+0000] {override.py:1829} INFO - Created Permission View: can read on DAG:example_branch_datetime_operator
[2024-06-29T19:26:56.374+0000] {logging_mixin.py:188} INFO - [2024-06-29T19:26:56.373+0000] {override.py:1829} INFO - Created Permission View: can edit on DAG:example_branch_datetime_operator
[2024-06-29T19:26:56.402+0000] {logging_mixin.py:188} INFO - [2024-06-29T19:26:56.402+0000] {override.py:1829} INFO - Created Permission View: can delete on DAG:example_branch_datetime_operator_3
[2024-06-29T19:26:56.418+0000] {logging_mixin.py:188} INFO - [2024-06-29T19:26:56.418+0000] {override.py:1829} INFO - Created Permission View: can read on DAG:example_branch_datetime_operator_3
[2024-06-29T19:26:56.455+0000] {logging_mixin.py:188} INFO - [2024-06-29T19:26:56.454+0000] {override.py:1829} INFO - Created Permission View: can edit on DAG:example_branch_datetime_operator_3
[2024-06-29T19:26:56.460+0000] {logging_mixin.py:188} INFO - [2024-06-29T19:26:56.458+0000] {dag.py:3096} INFO - Sync 3 DAGs
[2024-06-29T19:26:56.500+0000] {logging_mixin.py:188} INFO - [2024-06-29T19:26:56.499+0000] {dag.py:3118} INFO - Creating ORM DAG for example_branch_datetime_operator
[2024-06-29T19:26:56.502+0000] {logging_mixin.py:188} INFO - [2024-06-29T19:26:56.502+0000] {dag.py:3118} INFO - Creating ORM DAG for example_branch_datetime_operator_3
[2024-06-29T19:26:56.504+0000] {logging_mixin.py:188} INFO - [2024-06-29T19:26:56.503+0000] {dag.py:3118} INFO - Creating ORM DAG for example_branch_datetime_operator_2
[2024-06-29T19:26:56.530+0000] {logging_mixin.py:188} INFO - [2024-06-29T19:26:56.530+0000] {dag.py:3954} INFO - Setting next_dagrun for example_branch_datetime_operator to 2024-06-28 00:00:00+00:00, run_after=2024-06-29 00:00:00+00:00
[2024-06-29T19:26:56.534+0000] {logging_mixin.py:188} INFO - [2024-06-29T19:26:56.534+0000] {dag.py:3954} INFO - Setting next_dagrun for example_branch_datetime_operator_2 to 2024-06-28 00:00:00+00:00, run_after=2024-06-29 00:00:00+00:00
[2024-06-29T19:26:56.539+0000] {logging_mixin.py:188} INFO - [2024-06-29T19:26:56.539+0000] {dag.py:3954} INFO - Setting next_dagrun for example_branch_datetime_operator_3 to 2024-06-28 00:00:00+00:00, run_after=2024-06-29 00:00:00+00:00
[2024-06-29T19:26:56.590+0000] {processor.py:183} INFO - Processing /home/airflow/.local/lib/python3.12/site-packages/airflow/example_dags/example_branch_datetime_operator.py took 0.688 seconds
[2024-06-29T19:27:27.243+0000] {processor.py:161} INFO - Started process (PID=131) to work on /home/airflow/.local/lib/python3.12/site-packages/airflow/example_dags/example_branch_datetime_operator.py
[2024-06-29T19:27:27.245+0000] {processor.py:830} INFO - Processing file /home/airflow/.local/lib/python3.12/site-packages/airflow/example_dags/example_branch_datetime_operator.py for tasks to queue
[2024-06-29T19:27:27.249+0000] {logging_mixin.py:188} INFO - [2024-06-29T19:27:27.248+0000] {dagbag.py:545} INFO - Filling up the DagBag from /home/airflow/.local/lib/python3.12/site-packages/airflow/example_dags/example_branch_datetime_operator.py
[2024-06-29T19:27:27.270+0000] {processor.py:840} INFO - DAG(s) 'example_branch_datetime_operator', 'example_branch_datetime_operator_2', 'example_branch_datetime_operator_3' retrieved from /home/airflow/.local/lib/python3.12/site-packages/airflow/example_dags/example_branch_datetime_operator.py
[2024-06-29T19:27:27.351+0000] {logging_mixin.py:188} INFO - [2024-06-29T19:27:27.351+0000] {dag.py:3096} INFO - Sync 3 DAGs
[2024-06-29T19:27:27.407+0000] {logging_mixin.py:188} INFO - [2024-06-29T19:27:27.406+0000] {dag.py:3954} INFO - Setting next_dagrun for example_branch_datetime_operator to 2024-06-28 00:00:00+00:00, run_after=2024-06-29 00:00:00+00:00
[2024-06-29T19:27:27.416+0000] {logging_mixin.py:188} INFO - [2024-06-29T19:27:27.416+0000] {dag.py:3954} INFO - Setting next_dagrun for example_branch_datetime_operator_2 to 2024-06-28 00:00:00+00:00, run_after=2024-06-29 00:00:00+00:00
[2024-06-29T19:27:27.422+0000] {logging_mixin.py:188} INFO - [2024-06-29T19:27:27.421+0000] {dag.py:3954} INFO - Setting next_dagrun for example_branch_datetime_operator_3 to 2024-06-28 00:00:00+00:00, run_after=2024-06-29 00:00:00+00:00
[2024-06-29T19:27:27.483+0000] {processor.py:183} INFO - Processing /home/airflow/.local/lib/python3.12/site-packages/airflow/example_dags/example_branch_datetime_operator.py took 0.251 seconds
[2024-06-29T19:28:00.229+0000] {processor.py:161} INFO - Started process (PID=191) to work on /home/airflow/.local/lib/python3.12/site-packages/airflow/example_dags/example_branch_datetime_operator.py
[2024-06-29T19:28:00.234+0000] {processor.py:830} INFO - Processing file /home/airflow/.local/lib/python3.12/site-packages/airflow/example_dags/example_branch_datetime_operator.py for tasks to queue
[2024-06-29T19:28:00.249+0000] {logging_mixin.py:188} INFO - [2024-06-29T19:28:00.248+0000] {dagbag.py:545} INFO - Filling up the DagBag from /home/airflow/.local/lib/python3.12/site-packages/airflow/example_dags/example_branch_datetime_operator.py
[2024-06-29T19:28:00.295+0000] {processor.py:840} INFO - DAG(s) 'example_branch_datetime_operator_3', 'example_branch_datetime_operator_2', 'example_branch_datetime_operator' retrieved from /home/airflow/.local/lib/python3.12/site-packages/airflow/example_dags/example_branch_datetime_operator.py
[2024-06-29T19:28:00.412+0000] {logging_mixin.py:188} INFO - [2024-06-29T19:28:00.410+0000] {dag.py:3096} INFO - Sync 3 DAGs
[2024-06-29T19:28:00.544+0000] {logging_mixin.py:188} INFO - [2024-06-29T19:28:00.543+0000] {dag.py:3954} INFO - Setting next_dagrun for example_branch_datetime_operator to 2024-06-28 00:00:00+00:00, run_after=2024-06-29 00:00:00+00:00
[2024-06-29T19:28:00.573+0000] {logging_mixin.py:188} INFO - [2024-06-29T19:28:00.569+0000] {dag.py:3954} INFO - Setting next_dagrun for example_branch_datetime_operator_2 to 2024-06-28 00:00:00+00:00, run_after=2024-06-29 00:00:00+00:00
[2024-06-29T19:28:00.581+0000] {logging_mixin.py:188} INFO - [2024-06-29T19:28:00.581+0000] {dag.py:3954} INFO - Setting next_dagrun for example_branch_datetime_operator_3 to 2024-06-28 00:00:00+00:00, run_after=2024-06-29 00:00:00+00:00
[2024-06-29T19:28:00.660+0000] {processor.py:183} INFO - Processing /home/airflow/.local/lib/python3.12/site-packages/airflow/example_dags/example_branch_datetime_operator.py took 0.463 seconds
[2024-06-29T19:28:35.962+0000] {processor.py:161} INFO - Started process (PID=249) to work on /home/airflow/.local/lib/python3.12/site-packages/airflow/example_dags/example_branch_datetime_operator.py
[2024-06-29T19:28:35.969+0000] {processor.py:830} INFO - Processing file /home/airflow/.local/lib/python3.12/site-packages/airflow/example_dags/example_branch_datetime_operator.py for tasks to queue
[2024-06-29T19:28:35.973+0000] {logging_mixin.py:188} INFO - [2024-06-29T19:28:35.973+0000] {dagbag.py:545} INFO - Filling up the DagBag from /home/airflow/.local/lib/python3.12/site-packages/airflow/example_dags/example_branch_datetime_operator.py
[2024-06-29T19:28:36.077+0000] {processor.py:840} INFO - DAG(s) 'example_branch_datetime_operator_2', 'example_branch_datetime_operator_3', 'example_branch_datetime_operator' retrieved from /home/airflow/.local/lib/python3.12/site-packages/airflow/example_dags/example_branch_datetime_operator.py
[2024-06-29T19:28:36.230+0000] {logging_mixin.py:188} INFO - [2024-06-29T19:28:36.226+0000] {dag.py:3096} INFO - Sync 3 DAGs
[2024-06-29T19:28:36.437+0000] {logging_mixin.py:188} INFO - [2024-06-29T19:28:36.436+0000] {dag.py:3954} INFO - Setting next_dagrun for example_branch_datetime_operator to 2024-06-28 00:00:00+00:00, run_after=2024-06-29 00:00:00+00:00
[2024-06-29T19:28:36.482+0000] {logging_mixin.py:188} INFO - [2024-06-29T19:28:36.478+0000] {dag.py:3954} INFO - Setting next_dagrun for example_branch_datetime_operator_2 to 2024-06-28 00:00:00+00:00, run_after=2024-06-29 00:00:00+00:00
[2024-06-29T19:28:36.502+0000] {logging_mixin.py:188} INFO - [2024-06-29T19:28:36.501+0000] {dag.py:3954} INFO - Setting next_dagrun for example_branch_datetime_operator_3 to 2024-06-28 00:00:00+00:00, run_after=2024-06-29 00:00:00+00:00
[2024-06-29T19:28:36.651+0000] {processor.py:183} INFO - Processing /home/airflow/.local/lib/python3.12/site-packages/airflow/example_dags/example_branch_datetime_operator.py took 0.738 seconds
