[2024-06-29T19:26:56.503+0000] {processor.py:161} INFO - Started process (PID=74) to work on /home/airflow/.local/lib/python3.12/site-packages/airflow/example_dags/example_task_group.py
[2024-06-29T19:26:56.505+0000] {processor.py:830} INFO - Processing file /home/airflow/.local/lib/python3.12/site-packages/airflow/example_dags/example_task_group.py for tasks to queue
[2024-06-29T19:26:56.509+0000] {logging_mixin.py:188} INFO - [2024-06-29T19:26:56.508+0000] {dagbag.py:545} INFO - Filling up the DagBag from /home/airflow/.local/lib/python3.12/site-packages/airflow/example_dags/example_task_group.py
[2024-06-29T19:26:56.538+0000] {processor.py:840} INFO - DAG(s) 'example_task_group' retrieved from /home/airflow/.local/lib/python3.12/site-packages/airflow/example_dags/example_task_group.py
[2024-06-29T19:26:57.422+0000] {logging_mixin.py:188} INFO - [2024-06-29T19:26:57.421+0000] {override.py:1829} INFO - Created Permission View: can delete on DAG:example_task_group
[2024-06-29T19:26:57.868+0000] {logging_mixin.py:188} INFO - [2024-06-29T19:26:57.867+0000] {override.py:1829} INFO - Created Permission View: can read on DAG:example_task_group
[2024-06-29T19:26:57.938+0000] {logging_mixin.py:188} INFO - [2024-06-29T19:26:57.937+0000] {override.py:1829} INFO - Created Permission View: can edit on DAG:example_task_group
[2024-06-29T19:26:57.940+0000] {logging_mixin.py:188} INFO - [2024-06-29T19:26:57.939+0000] {dag.py:3096} INFO - Sync 1 DAGs
[2024-06-29T19:26:57.966+0000] {logging_mixin.py:188} INFO - [2024-06-29T19:26:57.966+0000] {dag.py:3118} INFO - Creating ORM DAG for example_task_group
[2024-06-29T19:26:57.988+0000] {logging_mixin.py:188} INFO - [2024-06-29T19:26:57.987+0000] {dag.py:3954} INFO - Setting next_dagrun for example_task_group to 2024-06-28 00:00:00+00:00, run_after=2024-06-29 00:00:00+00:00
[2024-06-29T19:26:58.028+0000] {processor.py:183} INFO - Processing /home/airflow/.local/lib/python3.12/site-packages/airflow/example_dags/example_task_group.py took 1.536 seconds
[2024-06-29T19:27:28.477+0000] {processor.py:161} INFO - Started process (PID=133) to work on /home/airflow/.local/lib/python3.12/site-packages/airflow/example_dags/example_task_group.py
[2024-06-29T19:27:28.481+0000] {processor.py:830} INFO - Processing file /home/airflow/.local/lib/python3.12/site-packages/airflow/example_dags/example_task_group.py for tasks to queue
[2024-06-29T19:27:28.490+0000] {logging_mixin.py:188} INFO - [2024-06-29T19:27:28.487+0000] {dagbag.py:545} INFO - Filling up the DagBag from /home/airflow/.local/lib/python3.12/site-packages/airflow/example_dags/example_task_group.py
[2024-06-29T19:27:28.515+0000] {processor.py:840} INFO - DAG(s) 'example_task_group' retrieved from /home/airflow/.local/lib/python3.12/site-packages/airflow/example_dags/example_task_group.py
[2024-06-29T19:27:28.558+0000] {logging_mixin.py:188} INFO - [2024-06-29T19:27:28.558+0000] {dag.py:3096} INFO - Sync 1 DAGs
[2024-06-29T19:27:28.602+0000] {logging_mixin.py:188} INFO - [2024-06-29T19:27:28.601+0000] {dag.py:3954} INFO - Setting next_dagrun for example_task_group to 2024-06-28 00:00:00+00:00, run_after=2024-06-29 00:00:00+00:00
[2024-06-29T19:27:28.644+0000] {processor.py:183} INFO - Processing /home/airflow/.local/lib/python3.12/site-packages/airflow/example_dags/example_task_group.py took 0.177 seconds
[2024-06-29T19:28:00.815+0000] {processor.py:161} INFO - Started process (PID=193) to work on /home/airflow/.local/lib/python3.12/site-packages/airflow/example_dags/example_task_group.py
[2024-06-29T19:28:00.820+0000] {processor.py:830} INFO - Processing file /home/airflow/.local/lib/python3.12/site-packages/airflow/example_dags/example_task_group.py for tasks to queue
[2024-06-29T19:28:00.828+0000] {logging_mixin.py:188} INFO - [2024-06-29T19:28:00.827+0000] {dagbag.py:545} INFO - Filling up the DagBag from /home/airflow/.local/lib/python3.12/site-packages/airflow/example_dags/example_task_group.py
[2024-06-29T19:28:00.868+0000] {processor.py:840} INFO - DAG(s) 'example_task_group' retrieved from /home/airflow/.local/lib/python3.12/site-packages/airflow/example_dags/example_task_group.py
[2024-06-29T19:28:00.955+0000] {logging_mixin.py:188} INFO - [2024-06-29T19:28:00.954+0000] {dag.py:3096} INFO - Sync 1 DAGs
[2024-06-29T19:28:01.142+0000] {logging_mixin.py:188} INFO - [2024-06-29T19:28:01.141+0000] {dag.py:3954} INFO - Setting next_dagrun for example_task_group to 2024-06-28 00:00:00+00:00, run_after=2024-06-29 00:00:00+00:00
[2024-06-29T19:28:01.234+0000] {processor.py:183} INFO - Processing /home/airflow/.local/lib/python3.12/site-packages/airflow/example_dags/example_task_group.py took 0.439 seconds
[2024-06-29T19:28:36.803+0000] {processor.py:161} INFO - Started process (PID=251) to work on /home/airflow/.local/lib/python3.12/site-packages/airflow/example_dags/example_task_group.py
[2024-06-29T19:28:36.807+0000] {processor.py:830} INFO - Processing file /home/airflow/.local/lib/python3.12/site-packages/airflow/example_dags/example_task_group.py for tasks to queue
[2024-06-29T19:28:36.816+0000] {logging_mixin.py:188} INFO - [2024-06-29T19:28:36.814+0000] {dagbag.py:545} INFO - Filling up the DagBag from /home/airflow/.local/lib/python3.12/site-packages/airflow/example_dags/example_task_group.py
[2024-06-29T19:28:36.886+0000] {processor.py:840} INFO - DAG(s) 'example_task_group' retrieved from /home/airflow/.local/lib/python3.12/site-packages/airflow/example_dags/example_task_group.py
[2024-06-29T19:28:37.094+0000] {logging_mixin.py:188} INFO - [2024-06-29T19:28:37.094+0000] {dag.py:3096} INFO - Sync 1 DAGs
[2024-06-29T19:28:37.364+0000] {logging_mixin.py:188} INFO - [2024-06-29T19:28:37.363+0000] {dag.py:3954} INFO - Setting next_dagrun for example_task_group to 2024-06-28 00:00:00+00:00, run_after=2024-06-29 00:00:00+00:00
[2024-06-29T19:28:37.578+0000] {processor.py:183} INFO - Processing /home/airflow/.local/lib/python3.12/site-packages/airflow/example_dags/example_task_group.py took 0.802 seconds
