[2024-06-29T19:26:54.053+0000] {processor.py:161} INFO - Started process (PID=67) to work on /home/airflow/.local/lib/python3.12/site-packages/airflow/example_dags/example_trigger_target_dag.py
[2024-06-29T19:26:54.056+0000] {processor.py:830} INFO - Processing file /home/airflow/.local/lib/python3.12/site-packages/airflow/example_dags/example_trigger_target_dag.py for tasks to queue
[2024-06-29T19:26:54.060+0000] {logging_mixin.py:188} INFO - [2024-06-29T19:26:54.059+0000] {dagbag.py:545} INFO - Filling up the DagBag from /home/airflow/.local/lib/python3.12/site-packages/airflow/example_dags/example_trigger_target_dag.py
[2024-06-29T19:26:54.084+0000] {processor.py:840} INFO - DAG(s) 'example_trigger_target_dag' retrieved from /home/airflow/.local/lib/python3.12/site-packages/airflow/example_dags/example_trigger_target_dag.py
[2024-06-29T19:26:54.390+0000] {logging_mixin.py:188} INFO - [2024-06-29T19:26:54.388+0000] {override.py:1829} INFO - Created Permission View: can delete on DAG:example_trigger_target_dag
[2024-06-29T19:26:54.412+0000] {logging_mixin.py:188} INFO - [2024-06-29T19:26:54.411+0000] {override.py:1829} INFO - Created Permission View: can read on DAG:example_trigger_target_dag
[2024-06-29T19:26:54.426+0000] {logging_mixin.py:188} INFO - [2024-06-29T19:26:54.425+0000] {override.py:1829} INFO - Created Permission View: can edit on DAG:example_trigger_target_dag
[2024-06-29T19:26:54.427+0000] {logging_mixin.py:188} INFO - [2024-06-29T19:26:54.427+0000] {dag.py:3096} INFO - Sync 1 DAGs
[2024-06-29T19:26:54.457+0000] {logging_mixin.py:188} INFO - [2024-06-29T19:26:54.457+0000] {dag.py:3118} INFO - Creating ORM DAG for example_trigger_target_dag
[2024-06-29T19:26:54.460+0000] {logging_mixin.py:188} INFO - [2024-06-29T19:26:54.459+0000] {dag.py:3954} INFO - Setting next_dagrun for example_trigger_target_dag to None, run_after=None
[2024-06-29T19:26:54.517+0000] {processor.py:183} INFO - Processing /home/airflow/.local/lib/python3.12/site-packages/airflow/example_dags/example_trigger_target_dag.py took 0.475 seconds
[2024-06-29T19:27:24.687+0000] {processor.py:161} INFO - Started process (PID=126) to work on /home/airflow/.local/lib/python3.12/site-packages/airflow/example_dags/example_trigger_target_dag.py
[2024-06-29T19:27:24.689+0000] {processor.py:830} INFO - Processing file /home/airflow/.local/lib/python3.12/site-packages/airflow/example_dags/example_trigger_target_dag.py for tasks to queue
[2024-06-29T19:27:24.696+0000] {logging_mixin.py:188} INFO - [2024-06-29T19:27:24.695+0000] {dagbag.py:545} INFO - Filling up the DagBag from /home/airflow/.local/lib/python3.12/site-packages/airflow/example_dags/example_trigger_target_dag.py
[2024-06-29T19:27:24.713+0000] {processor.py:840} INFO - DAG(s) 'example_trigger_target_dag' retrieved from /home/airflow/.local/lib/python3.12/site-packages/airflow/example_dags/example_trigger_target_dag.py
[2024-06-29T19:27:24.740+0000] {logging_mixin.py:188} INFO - [2024-06-29T19:27:24.740+0000] {dag.py:3096} INFO - Sync 1 DAGs
[2024-06-29T19:27:24.758+0000] {logging_mixin.py:188} INFO - [2024-06-29T19:27:24.757+0000] {dag.py:3954} INFO - Setting next_dagrun for example_trigger_target_dag to None, run_after=None
[2024-06-29T19:27:24.782+0000] {processor.py:183} INFO - Processing /home/airflow/.local/lib/python3.12/site-packages/airflow/example_dags/example_trigger_target_dag.py took 0.111 seconds
[2024-06-29T19:27:58.219+0000] {processor.py:161} INFO - Started process (PID=186) to work on /home/airflow/.local/lib/python3.12/site-packages/airflow/example_dags/example_trigger_target_dag.py
[2024-06-29T19:27:58.223+0000] {processor.py:830} INFO - Processing file /home/airflow/.local/lib/python3.12/site-packages/airflow/example_dags/example_trigger_target_dag.py for tasks to queue
[2024-06-29T19:27:58.234+0000] {logging_mixin.py:188} INFO - [2024-06-29T19:27:58.234+0000] {dagbag.py:545} INFO - Filling up the DagBag from /home/airflow/.local/lib/python3.12/site-packages/airflow/example_dags/example_trigger_target_dag.py
[2024-06-29T19:27:58.276+0000] {processor.py:840} INFO - DAG(s) 'example_trigger_target_dag' retrieved from /home/airflow/.local/lib/python3.12/site-packages/airflow/example_dags/example_trigger_target_dag.py
[2024-06-29T19:27:58.521+0000] {logging_mixin.py:188} INFO - [2024-06-29T19:27:58.520+0000] {dag.py:3096} INFO - Sync 1 DAGs
[2024-06-29T19:27:58.602+0000] {logging_mixin.py:188} INFO - [2024-06-29T19:27:58.601+0000] {dag.py:3954} INFO - Setting next_dagrun for example_trigger_target_dag to None, run_after=None
[2024-06-29T19:27:58.723+0000] {processor.py:183} INFO - Processing /home/airflow/.local/lib/python3.12/site-packages/airflow/example_dags/example_trigger_target_dag.py took 0.542 seconds
[2024-06-29T19:28:32.337+0000] {processor.py:161} INFO - Started process (PID=244) to work on /home/airflow/.local/lib/python3.12/site-packages/airflow/example_dags/example_trigger_target_dag.py
[2024-06-29T19:28:32.370+0000] {processor.py:830} INFO - Processing file /home/airflow/.local/lib/python3.12/site-packages/airflow/example_dags/example_trigger_target_dag.py for tasks to queue
[2024-06-29T19:28:32.394+0000] {logging_mixin.py:188} INFO - [2024-06-29T19:28:32.391+0000] {dagbag.py:545} INFO - Filling up the DagBag from /home/airflow/.local/lib/python3.12/site-packages/airflow/example_dags/example_trigger_target_dag.py
[2024-06-29T19:28:32.556+0000] {processor.py:840} INFO - DAG(s) 'example_trigger_target_dag' retrieved from /home/airflow/.local/lib/python3.12/site-packages/airflow/example_dags/example_trigger_target_dag.py
[2024-06-29T19:28:33.099+0000] {logging_mixin.py:188} INFO - [2024-06-29T19:28:33.094+0000] {dag.py:3096} INFO - Sync 1 DAGs
[2024-06-29T19:28:33.519+0000] {logging_mixin.py:188} INFO - [2024-06-29T19:28:33.518+0000] {dag.py:3954} INFO - Setting next_dagrun for example_trigger_target_dag to None, run_after=None
[2024-06-29T19:28:33.858+0000] {processor.py:183} INFO - Processing /home/airflow/.local/lib/python3.12/site-packages/airflow/example_dags/example_trigger_target_dag.py took 1.590 seconds
