[2024-06-29T19:26:48.591+0000] {processor.py:161} INFO - Started process (PID=55) to work on /home/airflow/.local/lib/python3.12/site-packages/airflow/example_dags/example_branch_labels.py
[2024-06-29T19:26:48.593+0000] {processor.py:830} INFO - Processing file /home/airflow/.local/lib/python3.12/site-packages/airflow/example_dags/example_branch_labels.py for tasks to queue
[2024-06-29T19:26:48.597+0000] {logging_mixin.py:188} INFO - [2024-06-29T19:26:48.596+0000] {dagbag.py:545} INFO - Filling up the DagBag from /home/airflow/.local/lib/python3.12/site-packages/airflow/example_dags/example_branch_labels.py
[2024-06-29T19:26:48.617+0000] {processor.py:840} INFO - DAG(s) 'example_branch_labels' retrieved from /home/airflow/.local/lib/python3.12/site-packages/airflow/example_dags/example_branch_labels.py
[2024-06-29T19:26:48.911+0000] {logging_mixin.py:188} INFO - [2024-06-29T19:26:48.910+0000] {override.py:1829} INFO - Created Permission View: can delete on DAG:example_branch_labels
[2024-06-29T19:26:48.939+0000] {logging_mixin.py:188} INFO - [2024-06-29T19:26:48.938+0000] {override.py:1829} INFO - Created Permission View: can read on DAG:example_branch_labels
[2024-06-29T19:26:48.954+0000] {logging_mixin.py:188} INFO - [2024-06-29T19:26:48.953+0000] {override.py:1829} INFO - Created Permission View: can edit on DAG:example_branch_labels
[2024-06-29T19:26:48.956+0000] {logging_mixin.py:188} INFO - [2024-06-29T19:26:48.955+0000] {dag.py:3096} INFO - Sync 1 DAGs
[2024-06-29T19:26:48.990+0000] {logging_mixin.py:188} INFO - [2024-06-29T19:26:48.990+0000] {dag.py:3118} INFO - Creating ORM DAG for example_branch_labels
[2024-06-29T19:26:49.020+0000] {logging_mixin.py:188} INFO - [2024-06-29T19:26:49.019+0000] {dag.py:3954} INFO - Setting next_dagrun for example_branch_labels to 2024-06-28 00:00:00+00:00, run_after=2024-06-29 00:00:00+00:00
[2024-06-29T19:26:49.055+0000] {processor.py:183} INFO - Processing /home/airflow/.local/lib/python3.12/site-packages/airflow/example_dags/example_branch_labels.py took 0.472 seconds
[2024-06-29T19:27:19.477+0000] {processor.py:161} INFO - Started process (PID=114) to work on /home/airflow/.local/lib/python3.12/site-packages/airflow/example_dags/example_branch_labels.py
[2024-06-29T19:27:19.479+0000] {processor.py:830} INFO - Processing file /home/airflow/.local/lib/python3.12/site-packages/airflow/example_dags/example_branch_labels.py for tasks to queue
[2024-06-29T19:27:19.482+0000] {logging_mixin.py:188} INFO - [2024-06-29T19:27:19.481+0000] {dagbag.py:545} INFO - Filling up the DagBag from /home/airflow/.local/lib/python3.12/site-packages/airflow/example_dags/example_branch_labels.py
[2024-06-29T19:27:19.504+0000] {processor.py:840} INFO - DAG(s) 'example_branch_labels' retrieved from /home/airflow/.local/lib/python3.12/site-packages/airflow/example_dags/example_branch_labels.py
[2024-06-29T19:27:19.632+0000] {logging_mixin.py:188} INFO - [2024-06-29T19:27:19.625+0000] {dag.py:3096} INFO - Sync 1 DAGs
[2024-06-29T19:27:19.809+0000] {logging_mixin.py:188} INFO - [2024-06-29T19:27:19.809+0000] {dag.py:3954} INFO - Setting next_dagrun for example_branch_labels to 2024-06-28 00:00:00+00:00, run_after=2024-06-29 00:00:00+00:00
[2024-06-29T19:27:19.872+0000] {processor.py:183} INFO - Processing /home/airflow/.local/lib/python3.12/site-packages/airflow/example_dags/example_branch_labels.py took 0.404 seconds
[2024-06-29T19:27:50.654+0000] {processor.py:161} INFO - Started process (PID=174) to work on /home/airflow/.local/lib/python3.12/site-packages/airflow/example_dags/example_branch_labels.py
[2024-06-29T19:27:50.657+0000] {processor.py:830} INFO - Processing file /home/airflow/.local/lib/python3.12/site-packages/airflow/example_dags/example_branch_labels.py for tasks to queue
[2024-06-29T19:27:50.662+0000] {logging_mixin.py:188} INFO - [2024-06-29T19:27:50.661+0000] {dagbag.py:545} INFO - Filling up the DagBag from /home/airflow/.local/lib/python3.12/site-packages/airflow/example_dags/example_branch_labels.py
[2024-06-29T19:27:50.695+0000] {processor.py:840} INFO - DAG(s) 'example_branch_labels' retrieved from /home/airflow/.local/lib/python3.12/site-packages/airflow/example_dags/example_branch_labels.py
[2024-06-29T19:27:50.785+0000] {logging_mixin.py:188} INFO - [2024-06-29T19:27:50.784+0000] {dag.py:3096} INFO - Sync 1 DAGs
[2024-06-29T19:27:50.864+0000] {logging_mixin.py:188} INFO - [2024-06-29T19:27:50.861+0000] {dag.py:3954} INFO - Setting next_dagrun for example_branch_labels to 2024-06-28 00:00:00+00:00, run_after=2024-06-29 00:00:00+00:00
[2024-06-29T19:27:50.946+0000] {processor.py:183} INFO - Processing /home/airflow/.local/lib/python3.12/site-packages/airflow/example_dags/example_branch_labels.py took 0.303 seconds
[2024-06-29T19:28:25.029+0000] {processor.py:161} INFO - Started process (PID=232) to work on /home/airflow/.local/lib/python3.12/site-packages/airflow/example_dags/example_branch_labels.py
[2024-06-29T19:28:25.048+0000] {processor.py:830} INFO - Processing file /home/airflow/.local/lib/python3.12/site-packages/airflow/example_dags/example_branch_labels.py for tasks to queue
[2024-06-29T19:28:25.065+0000] {logging_mixin.py:188} INFO - [2024-06-29T19:28:25.064+0000] {dagbag.py:545} INFO - Filling up the DagBag from /home/airflow/.local/lib/python3.12/site-packages/airflow/example_dags/example_branch_labels.py
[2024-06-29T19:28:25.120+0000] {processor.py:840} INFO - DAG(s) 'example_branch_labels' retrieved from /home/airflow/.local/lib/python3.12/site-packages/airflow/example_dags/example_branch_labels.py
[2024-06-29T19:28:25.247+0000] {logging_mixin.py:188} INFO - [2024-06-29T19:28:25.246+0000] {dag.py:3096} INFO - Sync 1 DAGs
[2024-06-29T19:28:25.520+0000] {logging_mixin.py:188} INFO - [2024-06-29T19:28:25.519+0000] {dag.py:3954} INFO - Setting next_dagrun for example_branch_labels to 2024-06-28 00:00:00+00:00, run_after=2024-06-29 00:00:00+00:00
[2024-06-29T19:28:25.714+0000] {processor.py:183} INFO - Processing /home/airflow/.local/lib/python3.12/site-packages/airflow/example_dags/example_branch_labels.py took 0.759 seconds
[2024-06-29T19:28:56.432+0000] {processor.py:161} INFO - Started process (PID=289) to work on /home/airflow/.local/lib/python3.12/site-packages/airflow/example_dags/example_branch_labels.py
[2024-06-29T19:28:56.434+0000] {processor.py:830} INFO - Processing file /home/airflow/.local/lib/python3.12/site-packages/airflow/example_dags/example_branch_labels.py for tasks to queue
[2024-06-29T19:28:56.438+0000] {logging_mixin.py:188} INFO - [2024-06-29T19:28:56.437+0000] {dagbag.py:545} INFO - Filling up the DagBag from /home/airflow/.local/lib/python3.12/site-packages/airflow/example_dags/example_branch_labels.py
[2024-06-29T19:28:56.476+0000] {processor.py:840} INFO - DAG(s) 'example_branch_labels' retrieved from /home/airflow/.local/lib/python3.12/site-packages/airflow/example_dags/example_branch_labels.py
[2024-06-29T19:28:56.781+0000] {logging_mixin.py:188} INFO - [2024-06-29T19:28:56.779+0000] {dag.py:3096} INFO - Sync 1 DAGs
[2024-06-29T19:28:57.065+0000] {logging_mixin.py:188} INFO - [2024-06-29T19:28:57.065+0000] {dag.py:3954} INFO - Setting next_dagrun for example_branch_labels to 2024-06-28 00:00:00+00:00, run_after=2024-06-29 00:00:00+00:00
[2024-06-29T19:28:57.418+0000] {processor.py:183} INFO - Processing /home/airflow/.local/lib/python3.12/site-packages/airflow/example_dags/example_branch_labels.py took 1.003 seconds
