[2024-06-29T19:26:55.227+0000] {processor.py:161} INFO - Started process (PID=70) to work on /home/airflow/.local/lib/python3.12/site-packages/airflow/example_dags/example_params_ui_tutorial.py
[2024-06-29T19:26:55.230+0000] {processor.py:830} INFO - Processing file /home/airflow/.local/lib/python3.12/site-packages/airflow/example_dags/example_params_ui_tutorial.py for tasks to queue
[2024-06-29T19:26:55.235+0000] {logging_mixin.py:188} INFO - [2024-06-29T19:26:55.234+0000] {dagbag.py:545} INFO - Filling up the DagBag from /home/airflow/.local/lib/python3.12/site-packages/airflow/example_dags/example_params_ui_tutorial.py
[2024-06-29T19:26:55.276+0000] {processor.py:840} INFO - DAG(s) 'example_params_ui_tutorial' retrieved from /home/airflow/.local/lib/python3.12/site-packages/airflow/example_dags/example_params_ui_tutorial.py
[2024-06-29T19:26:55.669+0000] {logging_mixin.py:188} INFO - [2024-06-29T19:26:55.667+0000] {override.py:1829} INFO - Created Permission View: can delete on DAG:example_params_ui_tutorial
[2024-06-29T19:26:55.689+0000] {logging_mixin.py:188} INFO - [2024-06-29T19:26:55.688+0000] {override.py:1829} INFO - Created Permission View: can read on DAG:example_params_ui_tutorial
[2024-06-29T19:26:55.708+0000] {logging_mixin.py:188} INFO - [2024-06-29T19:26:55.707+0000] {override.py:1829} INFO - Created Permission View: can edit on DAG:example_params_ui_tutorial
[2024-06-29T19:26:55.710+0000] {logging_mixin.py:188} INFO - [2024-06-29T19:26:55.709+0000] {dag.py:3096} INFO - Sync 1 DAGs
[2024-06-29T19:26:55.741+0000] {logging_mixin.py:188} INFO - [2024-06-29T19:26:55.741+0000] {dag.py:3118} INFO - Creating ORM DAG for example_params_ui_tutorial
[2024-06-29T19:26:55.744+0000] {logging_mixin.py:188} INFO - [2024-06-29T19:26:55.744+0000] {dag.py:3954} INFO - Setting next_dagrun for example_params_ui_tutorial to None, run_after=None
[2024-06-29T19:26:55.814+0000] {processor.py:183} INFO - Processing /home/airflow/.local/lib/python3.12/site-packages/airflow/example_dags/example_params_ui_tutorial.py took 0.601 seconds
[2024-06-29T19:27:26.002+0000] {processor.py:161} INFO - Started process (PID=129) to work on /home/airflow/.local/lib/python3.12/site-packages/airflow/example_dags/example_params_ui_tutorial.py
[2024-06-29T19:27:26.004+0000] {processor.py:830} INFO - Processing file /home/airflow/.local/lib/python3.12/site-packages/airflow/example_dags/example_params_ui_tutorial.py for tasks to queue
[2024-06-29T19:27:26.007+0000] {logging_mixin.py:188} INFO - [2024-06-29T19:27:26.007+0000] {dagbag.py:545} INFO - Filling up the DagBag from /home/airflow/.local/lib/python3.12/site-packages/airflow/example_dags/example_params_ui_tutorial.py
[2024-06-29T19:27:26.032+0000] {processor.py:840} INFO - DAG(s) 'example_params_ui_tutorial' retrieved from /home/airflow/.local/lib/python3.12/site-packages/airflow/example_dags/example_params_ui_tutorial.py
[2024-06-29T19:27:26.113+0000] {logging_mixin.py:188} INFO - [2024-06-29T19:27:26.113+0000] {dag.py:3096} INFO - Sync 1 DAGs
[2024-06-29T19:27:26.134+0000] {logging_mixin.py:188} INFO - [2024-06-29T19:27:26.134+0000] {dag.py:3954} INFO - Setting next_dagrun for example_params_ui_tutorial to None, run_after=None
[2024-06-29T19:27:26.164+0000] {processor.py:183} INFO - Processing /home/airflow/.local/lib/python3.12/site-packages/airflow/example_dags/example_params_ui_tutorial.py took 0.170 seconds
[2024-06-29T19:27:59.522+0000] {processor.py:161} INFO - Started process (PID=189) to work on /home/airflow/.local/lib/python3.12/site-packages/airflow/example_dags/example_params_ui_tutorial.py
[2024-06-29T19:27:59.529+0000] {processor.py:830} INFO - Processing file /home/airflow/.local/lib/python3.12/site-packages/airflow/example_dags/example_params_ui_tutorial.py for tasks to queue
[2024-06-29T19:27:59.551+0000] {logging_mixin.py:188} INFO - [2024-06-29T19:27:59.546+0000] {dagbag.py:545} INFO - Filling up the DagBag from /home/airflow/.local/lib/python3.12/site-packages/airflow/example_dags/example_params_ui_tutorial.py
[2024-06-29T19:27:59.620+0000] {processor.py:840} INFO - DAG(s) 'example_params_ui_tutorial' retrieved from /home/airflow/.local/lib/python3.12/site-packages/airflow/example_dags/example_params_ui_tutorial.py
[2024-06-29T19:27:59.874+0000] {logging_mixin.py:188} INFO - [2024-06-29T19:27:59.873+0000] {dag.py:3096} INFO - Sync 1 DAGs
[2024-06-29T19:27:59.980+0000] {logging_mixin.py:188} INFO - [2024-06-29T19:27:59.980+0000] {dag.py:3954} INFO - Setting next_dagrun for example_params_ui_tutorial to None, run_after=None
[2024-06-29T19:28:00.128+0000] {processor.py:183} INFO - Processing /home/airflow/.local/lib/python3.12/site-packages/airflow/example_dags/example_params_ui_tutorial.py took 0.626 seconds
[2024-06-29T19:28:34.832+0000] {processor.py:161} INFO - Started process (PID=247) to work on /home/airflow/.local/lib/python3.12/site-packages/airflow/example_dags/example_params_ui_tutorial.py
[2024-06-29T19:28:34.835+0000] {processor.py:830} INFO - Processing file /home/airflow/.local/lib/python3.12/site-packages/airflow/example_dags/example_params_ui_tutorial.py for tasks to queue
[2024-06-29T19:28:34.862+0000] {logging_mixin.py:188} INFO - [2024-06-29T19:28:34.854+0000] {dagbag.py:545} INFO - Filling up the DagBag from /home/airflow/.local/lib/python3.12/site-packages/airflow/example_dags/example_params_ui_tutorial.py
[2024-06-29T19:28:35.008+0000] {processor.py:840} INFO - DAG(s) 'example_params_ui_tutorial' retrieved from /home/airflow/.local/lib/python3.12/site-packages/airflow/example_dags/example_params_ui_tutorial.py
[2024-06-29T19:28:35.371+0000] {logging_mixin.py:188} INFO - [2024-06-29T19:28:35.371+0000] {dag.py:3096} INFO - Sync 1 DAGs
[2024-06-29T19:28:35.442+0000] {logging_mixin.py:188} INFO - [2024-06-29T19:28:35.441+0000] {dag.py:3954} INFO - Setting next_dagrun for example_params_ui_tutorial to None, run_after=None
[2024-06-29T19:28:35.669+0000] {processor.py:183} INFO - Processing /home/airflow/.local/lib/python3.12/site-packages/airflow/example_dags/example_params_ui_tutorial.py took 0.868 seconds
