[2024-06-29T19:27:01.738+0000] {processor.py:161} INFO - Started process (PID=87) to work on /home/airflow/.local/lib/python3.12/site-packages/airflow/example_dags/example_skip_dag.py
[2024-06-29T19:27:01.739+0000] {processor.py:830} INFO - Processing file /home/airflow/.local/lib/python3.12/site-packages/airflow/example_dags/example_skip_dag.py for tasks to queue
[2024-06-29T19:27:01.743+0000] {logging_mixin.py:188} INFO - [2024-06-29T19:27:01.743+0000] {dagbag.py:545} INFO - Filling up the DagBag from /home/airflow/.local/lib/python3.12/site-packages/airflow/example_dags/example_skip_dag.py
[2024-06-29T19:27:01.753+0000] {processor.py:840} INFO - DAG(s) 'example_skip_dag' retrieved from /home/airflow/.local/lib/python3.12/site-packages/airflow/example_dags/example_skip_dag.py
[2024-06-29T19:27:02.038+0000] {logging_mixin.py:188} INFO - [2024-06-29T19:27:02.037+0000] {override.py:1829} INFO - Created Permission View: can delete on DAG:example_skip_dag
[2024-06-29T19:27:02.062+0000] {logging_mixin.py:188} INFO - [2024-06-29T19:27:02.061+0000] {override.py:1829} INFO - Created Permission View: can read on DAG:example_skip_dag
[2024-06-29T19:27:02.074+0000] {logging_mixin.py:188} INFO - [2024-06-29T19:27:02.074+0000] {override.py:1829} INFO - Created Permission View: can edit on DAG:example_skip_dag
[2024-06-29T19:27:02.077+0000] {logging_mixin.py:188} INFO - [2024-06-29T19:27:02.076+0000] {dag.py:3096} INFO - Sync 1 DAGs
[2024-06-29T19:27:02.099+0000] {logging_mixin.py:188} INFO - [2024-06-29T19:27:02.099+0000] {dag.py:3118} INFO - Creating ORM DAG for example_skip_dag
[2024-06-29T19:27:02.117+0000] {logging_mixin.py:188} INFO - [2024-06-29T19:27:02.117+0000] {dag.py:3954} INFO - Setting next_dagrun for example_skip_dag to 2024-06-28 00:00:00+00:00, run_after=2024-06-29 00:00:00+00:00
[2024-06-29T19:27:02.150+0000] {processor.py:183} INFO - Processing /home/airflow/.local/lib/python3.12/site-packages/airflow/example_dags/example_skip_dag.py took 0.421 seconds
[2024-06-29T19:27:35.000+0000] {processor.py:161} INFO - Started process (PID=146) to work on /home/airflow/.local/lib/python3.12/site-packages/airflow/example_dags/example_skip_dag.py
[2024-06-29T19:27:35.004+0000] {processor.py:830} INFO - Processing file /home/airflow/.local/lib/python3.12/site-packages/airflow/example_dags/example_skip_dag.py for tasks to queue
[2024-06-29T19:27:35.015+0000] {logging_mixin.py:188} INFO - [2024-06-29T19:27:35.013+0000] {dagbag.py:545} INFO - Filling up the DagBag from /home/airflow/.local/lib/python3.12/site-packages/airflow/example_dags/example_skip_dag.py
[2024-06-29T19:27:35.039+0000] {processor.py:840} INFO - DAG(s) 'example_skip_dag' retrieved from /home/airflow/.local/lib/python3.12/site-packages/airflow/example_dags/example_skip_dag.py
[2024-06-29T19:27:35.133+0000] {logging_mixin.py:188} INFO - [2024-06-29T19:27:35.132+0000] {dag.py:3096} INFO - Sync 1 DAGs
[2024-06-29T19:27:35.383+0000] {logging_mixin.py:188} INFO - [2024-06-29T19:27:35.382+0000] {dag.py:3954} INFO - Setting next_dagrun for example_skip_dag to 2024-06-28 00:00:00+00:00, run_after=2024-06-29 00:00:00+00:00
[2024-06-29T19:27:36.109+0000] {processor.py:183} INFO - Processing /home/airflow/.local/lib/python3.12/site-packages/airflow/example_dags/example_skip_dag.py took 1.123 seconds
[2024-06-29T19:28:07.765+0000] {processor.py:161} INFO - Started process (PID=205) to work on /home/airflow/.local/lib/python3.12/site-packages/airflow/example_dags/example_skip_dag.py
[2024-06-29T19:28:07.794+0000] {processor.py:830} INFO - Processing file /home/airflow/.local/lib/python3.12/site-packages/airflow/example_dags/example_skip_dag.py for tasks to queue
[2024-06-29T19:28:07.827+0000] {logging_mixin.py:188} INFO - [2024-06-29T19:28:07.826+0000] {dagbag.py:545} INFO - Filling up the DagBag from /home/airflow/.local/lib/python3.12/site-packages/airflow/example_dags/example_skip_dag.py
[2024-06-29T19:28:07.855+0000] {processor.py:840} INFO - DAG(s) 'example_skip_dag' retrieved from /home/airflow/.local/lib/python3.12/site-packages/airflow/example_dags/example_skip_dag.py
[2024-06-29T19:28:07.981+0000] {logging_mixin.py:188} INFO - [2024-06-29T19:28:07.980+0000] {dag.py:3096} INFO - Sync 1 DAGs
[2024-06-29T19:28:08.252+0000] {logging_mixin.py:188} INFO - [2024-06-29T19:28:08.248+0000] {dag.py:3954} INFO - Setting next_dagrun for example_skip_dag to 2024-06-28 00:00:00+00:00, run_after=2024-06-29 00:00:00+00:00
[2024-06-29T19:28:08.668+0000] {processor.py:183} INFO - Processing /home/airflow/.local/lib/python3.12/site-packages/airflow/example_dags/example_skip_dag.py took 0.934 seconds
[2024-06-29T19:28:41.220+0000] {processor.py:161} INFO - Started process (PID=264) to work on /home/airflow/.local/lib/python3.12/site-packages/airflow/example_dags/example_skip_dag.py
[2024-06-29T19:28:41.221+0000] {processor.py:830} INFO - Processing file /home/airflow/.local/lib/python3.12/site-packages/airflow/example_dags/example_skip_dag.py for tasks to queue
[2024-06-29T19:28:41.225+0000] {logging_mixin.py:188} INFO - [2024-06-29T19:28:41.225+0000] {dagbag.py:545} INFO - Filling up the DagBag from /home/airflow/.local/lib/python3.12/site-packages/airflow/example_dags/example_skip_dag.py
[2024-06-29T19:28:41.241+0000] {processor.py:840} INFO - DAG(s) 'example_skip_dag' retrieved from /home/airflow/.local/lib/python3.12/site-packages/airflow/example_dags/example_skip_dag.py
[2024-06-29T19:28:41.287+0000] {logging_mixin.py:188} INFO - [2024-06-29T19:28:41.286+0000] {dag.py:3096} INFO - Sync 1 DAGs
[2024-06-29T19:28:41.330+0000] {logging_mixin.py:188} INFO - [2024-06-29T19:28:41.329+0000] {dag.py:3954} INFO - Setting next_dagrun for example_skip_dag to 2024-06-28 00:00:00+00:00, run_after=2024-06-29 00:00:00+00:00
[2024-06-29T19:28:41.361+0000] {processor.py:183} INFO - Processing /home/airflow/.local/lib/python3.12/site-packages/airflow/example_dags/example_skip_dag.py took 0.152 seconds
