[2024-06-29T19:26:59.979+0000] {processor.py:161} INFO - Started process (PID=82) to work on /home/airflow/.local/lib/python3.12/site-packages/airflow/example_dags/example_trigger_controller_dag.py
[2024-06-29T19:26:59.981+0000] {processor.py:830} INFO - Processing file /home/airflow/.local/lib/python3.12/site-packages/airflow/example_dags/example_trigger_controller_dag.py for tasks to queue
[2024-06-29T19:26:59.985+0000] {logging_mixin.py:188} INFO - [2024-06-29T19:26:59.984+0000] {dagbag.py:545} INFO - Filling up the DagBag from /home/airflow/.local/lib/python3.12/site-packages/airflow/example_dags/example_trigger_controller_dag.py
[2024-06-29T19:26:59.997+0000] {processor.py:840} INFO - DAG(s) 'example_trigger_controller_dag' retrieved from /home/airflow/.local/lib/python3.12/site-packages/airflow/example_dags/example_trigger_controller_dag.py
[2024-06-29T19:27:00.288+0000] {logging_mixin.py:188} INFO - [2024-06-29T19:27:00.286+0000] {override.py:1829} INFO - Created Permission View: can delete on DAG:example_trigger_controller_dag
[2024-06-29T19:27:00.318+0000] {logging_mixin.py:188} INFO - [2024-06-29T19:27:00.318+0000] {override.py:1829} INFO - Created Permission View: can read on DAG:example_trigger_controller_dag
[2024-06-29T19:27:00.338+0000] {logging_mixin.py:188} INFO - [2024-06-29T19:27:00.338+0000] {override.py:1829} INFO - Created Permission View: can edit on DAG:example_trigger_controller_dag
[2024-06-29T19:27:00.341+0000] {logging_mixin.py:188} INFO - [2024-06-29T19:27:00.339+0000] {dag.py:3096} INFO - Sync 1 DAGs
[2024-06-29T19:27:00.368+0000] {logging_mixin.py:188} INFO - [2024-06-29T19:27:00.367+0000] {dag.py:3118} INFO - Creating ORM DAG for example_trigger_controller_dag
[2024-06-29T19:27:00.401+0000] {logging_mixin.py:188} INFO - [2024-06-29T19:27:00.400+0000] {dag.py:3954} INFO - Setting next_dagrun for example_trigger_controller_dag to 2021-01-01 00:00:00+00:00, run_after=2021-01-01 00:00:00+00:00
[2024-06-29T19:27:00.431+0000] {processor.py:183} INFO - Processing /home/airflow/.local/lib/python3.12/site-packages/airflow/example_dags/example_trigger_controller_dag.py took 0.467 seconds
[2024-06-29T19:27:34.341+0000] {processor.py:161} INFO - Started process (PID=141) to work on /home/airflow/.local/lib/python3.12/site-packages/airflow/example_dags/example_trigger_controller_dag.py
[2024-06-29T19:27:34.343+0000] {processor.py:830} INFO - Processing file /home/airflow/.local/lib/python3.12/site-packages/airflow/example_dags/example_trigger_controller_dag.py for tasks to queue
[2024-06-29T19:27:34.348+0000] {logging_mixin.py:188} INFO - [2024-06-29T19:27:34.347+0000] {dagbag.py:545} INFO - Filling up the DagBag from /home/airflow/.local/lib/python3.12/site-packages/airflow/example_dags/example_trigger_controller_dag.py
[2024-06-29T19:27:34.359+0000] {processor.py:840} INFO - DAG(s) 'example_trigger_controller_dag' retrieved from /home/airflow/.local/lib/python3.12/site-packages/airflow/example_dags/example_trigger_controller_dag.py
[2024-06-29T19:27:34.393+0000] {logging_mixin.py:188} INFO - [2024-06-29T19:27:34.392+0000] {dag.py:3096} INFO - Sync 1 DAGs
[2024-06-29T19:27:34.430+0000] {logging_mixin.py:188} INFO - [2024-06-29T19:27:34.430+0000] {dag.py:3954} INFO - Setting next_dagrun for example_trigger_controller_dag to 2021-01-01 00:00:00+00:00, run_after=2021-01-01 00:00:00+00:00
[2024-06-29T19:27:34.489+0000] {processor.py:183} INFO - Processing /home/airflow/.local/lib/python3.12/site-packages/airflow/example_dags/example_trigger_controller_dag.py took 0.157 seconds
[2024-06-29T19:28:05.434+0000] {processor.py:161} INFO - Started process (PID=201) to work on /home/airflow/.local/lib/python3.12/site-packages/airflow/example_dags/example_trigger_controller_dag.py
[2024-06-29T19:28:05.468+0000] {processor.py:830} INFO - Processing file /home/airflow/.local/lib/python3.12/site-packages/airflow/example_dags/example_trigger_controller_dag.py for tasks to queue
[2024-06-29T19:28:05.471+0000] {logging_mixin.py:188} INFO - [2024-06-29T19:28:05.471+0000] {dagbag.py:545} INFO - Filling up the DagBag from /home/airflow/.local/lib/python3.12/site-packages/airflow/example_dags/example_trigger_controller_dag.py
[2024-06-29T19:28:05.488+0000] {processor.py:840} INFO - DAG(s) 'example_trigger_controller_dag' retrieved from /home/airflow/.local/lib/python3.12/site-packages/airflow/example_dags/example_trigger_controller_dag.py
[2024-06-29T19:28:05.628+0000] {logging_mixin.py:188} INFO - [2024-06-29T19:28:05.627+0000] {dag.py:3096} INFO - Sync 1 DAGs
[2024-06-29T19:28:05.813+0000] {logging_mixin.py:188} INFO - [2024-06-29T19:28:05.812+0000] {dag.py:3954} INFO - Setting next_dagrun for example_trigger_controller_dag to 2021-01-01 00:00:00+00:00, run_after=2021-01-01 00:00:00+00:00
[2024-06-29T19:28:05.976+0000] {processor.py:183} INFO - Processing /home/airflow/.local/lib/python3.12/site-packages/airflow/example_dags/example_trigger_controller_dag.py took 0.554 seconds
[2024-06-29T19:28:40.178+0000] {processor.py:161} INFO - Started process (PID=259) to work on /home/airflow/.local/lib/python3.12/site-packages/airflow/example_dags/example_trigger_controller_dag.py
[2024-06-29T19:28:40.180+0000] {processor.py:830} INFO - Processing file /home/airflow/.local/lib/python3.12/site-packages/airflow/example_dags/example_trigger_controller_dag.py for tasks to queue
[2024-06-29T19:28:40.187+0000] {logging_mixin.py:188} INFO - [2024-06-29T19:28:40.186+0000] {dagbag.py:545} INFO - Filling up the DagBag from /home/airflow/.local/lib/python3.12/site-packages/airflow/example_dags/example_trigger_controller_dag.py
[2024-06-29T19:28:40.214+0000] {processor.py:840} INFO - DAG(s) 'example_trigger_controller_dag' retrieved from /home/airflow/.local/lib/python3.12/site-packages/airflow/example_dags/example_trigger_controller_dag.py
[2024-06-29T19:28:40.295+0000] {logging_mixin.py:188} INFO - [2024-06-29T19:28:40.289+0000] {dag.py:3096} INFO - Sync 1 DAGs
[2024-06-29T19:28:40.382+0000] {logging_mixin.py:188} INFO - [2024-06-29T19:28:40.381+0000] {dag.py:3954} INFO - Setting next_dagrun for example_trigger_controller_dag to 2021-01-01 00:00:00+00:00, run_after=2021-01-01 00:00:00+00:00
[2024-06-29T19:28:40.464+0000] {processor.py:183} INFO - Processing /home/airflow/.local/lib/python3.12/site-packages/airflow/example_dags/example_trigger_controller_dag.py took 0.305 seconds
