[2024-06-29T19:26:59.870+0000] {processor.py:161} INFO - Started process (PID=81) to work on /home/airflow/.local/lib/python3.12/site-packages/airflow/example_dags/example_subdag_operator.py
[2024-06-29T19:26:59.872+0000] {processor.py:830} INFO - Processing file /home/airflow/.local/lib/python3.12/site-packages/airflow/example_dags/example_subdag_operator.py for tasks to queue
[2024-06-29T19:26:59.877+0000] {logging_mixin.py:188} INFO - [2024-06-29T19:26:59.876+0000] {dagbag.py:545} INFO - Filling up the DagBag from /home/airflow/.local/lib/python3.12/site-packages/airflow/example_dags/example_subdag_operator.py
[2024-06-29T19:26:59.952+0000] {processor.py:840} INFO - DAG(s) 'example_subdag_operator.section-1', 'example_subdag_operator.section-2', 'example_subdag_operator' retrieved from /home/airflow/.local/lib/python3.12/site-packages/airflow/example_dags/example_subdag_operator.py
[2024-06-29T19:27:00.240+0000] {logging_mixin.py:188} INFO - [2024-06-29T19:27:00.238+0000] {override.py:1829} INFO - Created Permission View: can delete on DAG:example_subdag_operator
[2024-06-29T19:27:00.266+0000] {logging_mixin.py:188} INFO - [2024-06-29T19:27:00.265+0000] {override.py:1829} INFO - Created Permission View: can read on DAG:example_subdag_operator
[2024-06-29T19:27:00.280+0000] {logging_mixin.py:188} INFO - [2024-06-29T19:27:00.280+0000] {override.py:1829} INFO - Created Permission View: can edit on DAG:example_subdag_operator
[2024-06-29T19:27:00.282+0000] {logging_mixin.py:188} INFO - [2024-06-29T19:27:00.281+0000] {dag.py:3096} INFO - Sync 3 DAGs
[2024-06-29T19:27:00.315+0000] {logging_mixin.py:188} INFO - [2024-06-29T19:27:00.315+0000] {dag.py:3118} INFO - Creating ORM DAG for example_subdag_operator
[2024-06-29T19:27:00.317+0000] {logging_mixin.py:188} INFO - [2024-06-29T19:27:00.317+0000] {dag.py:3118} INFO - Creating ORM DAG for example_subdag_operator.section-2
[2024-06-29T19:27:00.318+0000] {logging_mixin.py:188} INFO - [2024-06-29T19:27:00.318+0000] {dag.py:3118} INFO - Creating ORM DAG for example_subdag_operator.section-1
[2024-06-29T19:27:00.346+0000] {logging_mixin.py:188} INFO - [2024-06-29T19:27:00.346+0000] {dag.py:3954} INFO - Setting next_dagrun for example_subdag_operator to 2022-01-01 00:00:00+00:00, run_after=2022-01-01 00:00:00+00:00
[2024-06-29T19:27:00.348+0000] {logging_mixin.py:188} INFO - [2024-06-29T19:27:00.348+0000] {dag.py:3954} INFO - Setting next_dagrun for example_subdag_operator.section-1 to None, run_after=None
[2024-06-29T19:27:00.350+0000] {logging_mixin.py:188} INFO - [2024-06-29T19:27:00.349+0000] {dag.py:3954} INFO - Setting next_dagrun for example_subdag_operator.section-2 to None, run_after=None
[2024-06-29T19:27:00.374+0000] {logging_mixin.py:188} INFO - [2024-06-29T19:27:00.374+0000] {dag.py:3096} INFO - Sync 2 DAGs
[2024-06-29T19:27:00.393+0000] {logging_mixin.py:188} INFO - [2024-06-29T19:27:00.393+0000] {dag.py:3954} INFO - Setting next_dagrun for example_subdag_operator.section-1 to None, run_after=None
[2024-06-29T19:27:00.403+0000] {logging_mixin.py:188} INFO - [2024-06-29T19:27:00.403+0000] {dag.py:3954} INFO - Setting next_dagrun for example_subdag_operator.section-2 to None, run_after=None
[2024-06-29T19:27:00.427+0000] {processor.py:183} INFO - Processing /home/airflow/.local/lib/python3.12/site-packages/airflow/example_dags/example_subdag_operator.py took 0.567 seconds
[2024-06-29T19:27:34.131+0000] {processor.py:161} INFO - Started process (PID=140) to work on /home/airflow/.local/lib/python3.12/site-packages/airflow/example_dags/example_subdag_operator.py
[2024-06-29T19:27:34.134+0000] {processor.py:830} INFO - Processing file /home/airflow/.local/lib/python3.12/site-packages/airflow/example_dags/example_subdag_operator.py for tasks to queue
[2024-06-29T19:27:34.138+0000] {logging_mixin.py:188} INFO - [2024-06-29T19:27:34.137+0000] {dagbag.py:545} INFO - Filling up the DagBag from /home/airflow/.local/lib/python3.12/site-packages/airflow/example_dags/example_subdag_operator.py
[2024-06-29T19:27:34.171+0000] {processor.py:840} INFO - DAG(s) 'example_subdag_operator.section-1', 'example_subdag_operator.section-2', 'example_subdag_operator' retrieved from /home/airflow/.local/lib/python3.12/site-packages/airflow/example_dags/example_subdag_operator.py
[2024-06-29T19:27:34.203+0000] {logging_mixin.py:188} INFO - [2024-06-29T19:27:34.202+0000] {dag.py:3096} INFO - Sync 3 DAGs
[2024-06-29T19:27:34.243+0000] {logging_mixin.py:188} INFO - [2024-06-29T19:27:34.243+0000] {dag.py:3954} INFO - Setting next_dagrun for example_subdag_operator to 2022-01-01 00:00:00+00:00, run_after=2022-01-01 00:00:00+00:00
[2024-06-29T19:27:34.248+0000] {logging_mixin.py:188} INFO - [2024-06-29T19:27:34.248+0000] {dag.py:3954} INFO - Setting next_dagrun for example_subdag_operator.section-1 to None, run_after=None
[2024-06-29T19:27:34.250+0000] {logging_mixin.py:188} INFO - [2024-06-29T19:27:34.250+0000] {dag.py:3954} INFO - Setting next_dagrun for example_subdag_operator.section-2 to None, run_after=None
[2024-06-29T19:27:34.261+0000] {logging_mixin.py:188} INFO - [2024-06-29T19:27:34.260+0000] {dag.py:3096} INFO - Sync 2 DAGs
[2024-06-29T19:27:34.269+0000] {logging_mixin.py:188} INFO - [2024-06-29T19:27:34.269+0000] {dag.py:3954} INFO - Setting next_dagrun for example_subdag_operator.section-1 to None, run_after=None
[2024-06-29T19:27:34.270+0000] {logging_mixin.py:188} INFO - [2024-06-29T19:27:34.270+0000] {dag.py:3954} INFO - Setting next_dagrun for example_subdag_operator.section-2 to None, run_after=None
[2024-06-29T19:27:34.288+0000] {processor.py:183} INFO - Processing /home/airflow/.local/lib/python3.12/site-packages/airflow/example_dags/example_subdag_operator.py took 0.165 seconds
[2024-06-29T19:28:05.403+0000] {processor.py:161} INFO - Started process (PID=200) to work on /home/airflow/.local/lib/python3.12/site-packages/airflow/example_dags/example_subdag_operator.py
[2024-06-29T19:28:05.410+0000] {processor.py:830} INFO - Processing file /home/airflow/.local/lib/python3.12/site-packages/airflow/example_dags/example_subdag_operator.py for tasks to queue
[2024-06-29T19:28:05.427+0000] {logging_mixin.py:188} INFO - [2024-06-29T19:28:05.427+0000] {dagbag.py:545} INFO - Filling up the DagBag from /home/airflow/.local/lib/python3.12/site-packages/airflow/example_dags/example_subdag_operator.py
[2024-06-29T19:28:05.623+0000] {processor.py:840} INFO - DAG(s) 'example_subdag_operator.section-1', 'example_subdag_operator.section-2', 'example_subdag_operator' retrieved from /home/airflow/.local/lib/python3.12/site-packages/airflow/example_dags/example_subdag_operator.py
[2024-06-29T19:28:05.755+0000] {logging_mixin.py:188} INFO - [2024-06-29T19:28:05.754+0000] {dag.py:3096} INFO - Sync 3 DAGs
[2024-06-29T19:28:05.991+0000] {logging_mixin.py:188} INFO - [2024-06-29T19:28:05.990+0000] {dag.py:3954} INFO - Setting next_dagrun for example_subdag_operator to 2022-01-01 00:00:00+00:00, run_after=2022-01-01 00:00:00+00:00
[2024-06-29T19:28:06.022+0000] {logging_mixin.py:188} INFO - [2024-06-29T19:28:06.021+0000] {dag.py:3954} INFO - Setting next_dagrun for example_subdag_operator.section-1 to None, run_after=None
[2024-06-29T19:28:06.047+0000] {logging_mixin.py:188} INFO - [2024-06-29T19:28:06.047+0000] {dag.py:3954} INFO - Setting next_dagrun for example_subdag_operator.section-2 to None, run_after=None
[2024-06-29T19:28:06.094+0000] {logging_mixin.py:188} INFO - [2024-06-29T19:28:06.093+0000] {dag.py:3096} INFO - Sync 2 DAGs
[2024-06-29T19:28:06.135+0000] {logging_mixin.py:188} INFO - [2024-06-29T19:28:06.135+0000] {dag.py:3954} INFO - Setting next_dagrun for example_subdag_operator.section-1 to None, run_after=None
[2024-06-29T19:28:06.149+0000] {logging_mixin.py:188} INFO - [2024-06-29T19:28:06.148+0000] {dag.py:3954} INFO - Setting next_dagrun for example_subdag_operator.section-2 to None, run_after=None
[2024-06-29T19:28:06.225+0000] {processor.py:183} INFO - Processing /home/airflow/.local/lib/python3.12/site-packages/airflow/example_dags/example_subdag_operator.py took 0.841 seconds
[2024-06-29T19:28:40.147+0000] {processor.py:161} INFO - Started process (PID=258) to work on /home/airflow/.local/lib/python3.12/site-packages/airflow/example_dags/example_subdag_operator.py
[2024-06-29T19:28:40.150+0000] {processor.py:830} INFO - Processing file /home/airflow/.local/lib/python3.12/site-packages/airflow/example_dags/example_subdag_operator.py for tasks to queue
[2024-06-29T19:28:40.157+0000] {logging_mixin.py:188} INFO - [2024-06-29T19:28:40.155+0000] {dagbag.py:545} INFO - Filling up the DagBag from /home/airflow/.local/lib/python3.12/site-packages/airflow/example_dags/example_subdag_operator.py
[2024-06-29T19:28:40.292+0000] {processor.py:840} INFO - DAG(s) 'example_subdag_operator.section-1', 'example_subdag_operator.section-2', 'example_subdag_operator' retrieved from /home/airflow/.local/lib/python3.12/site-packages/airflow/example_dags/example_subdag_operator.py
[2024-06-29T19:28:40.390+0000] {logging_mixin.py:188} INFO - [2024-06-29T19:28:40.385+0000] {dag.py:3096} INFO - Sync 3 DAGs
[2024-06-29T19:28:40.481+0000] {logging_mixin.py:188} INFO - [2024-06-29T19:28:40.480+0000] {dag.py:3954} INFO - Setting next_dagrun for example_subdag_operator to 2022-01-01 00:00:00+00:00, run_after=2022-01-01 00:00:00+00:00
[2024-06-29T19:28:40.498+0000] {logging_mixin.py:188} INFO - [2024-06-29T19:28:40.497+0000] {dag.py:3954} INFO - Setting next_dagrun for example_subdag_operator.section-1 to None, run_after=None
[2024-06-29T19:28:40.502+0000] {logging_mixin.py:188} INFO - [2024-06-29T19:28:40.502+0000] {dag.py:3954} INFO - Setting next_dagrun for example_subdag_operator.section-2 to None, run_after=None
[2024-06-29T19:28:40.533+0000] {logging_mixin.py:188} INFO - [2024-06-29T19:28:40.532+0000] {dag.py:3096} INFO - Sync 2 DAGs
[2024-06-29T19:28:40.554+0000] {logging_mixin.py:188} INFO - [2024-06-29T19:28:40.554+0000] {dag.py:3954} INFO - Setting next_dagrun for example_subdag_operator.section-1 to None, run_after=None
[2024-06-29T19:28:40.556+0000] {logging_mixin.py:188} INFO - [2024-06-29T19:28:40.555+0000] {dag.py:3954} INFO - Setting next_dagrun for example_subdag_operator.section-2 to None, run_after=None
[2024-06-29T19:28:40.593+0000] {processor.py:183} INFO - Processing /home/airflow/.local/lib/python3.12/site-packages/airflow/example_dags/example_subdag_operator.py took 0.464 seconds
