[2024-06-29T19:27:02.213+0000] {processor.py:161} INFO - Started process (PID=89) to work on /home/airflow/.local/lib/python3.12/site-packages/airflow/example_dags/example_datasets.py
[2024-06-29T19:27:02.215+0000] {processor.py:830} INFO - Processing file /home/airflow/.local/lib/python3.12/site-packages/airflow/example_dags/example_datasets.py for tasks to queue
[2024-06-29T19:27:02.217+0000] {logging_mixin.py:188} INFO - [2024-06-29T19:27:02.217+0000] {dagbag.py:545} INFO - Filling up the DagBag from /home/airflow/.local/lib/python3.12/site-packages/airflow/example_dags/example_datasets.py
[2024-06-29T19:27:02.248+0000] {processor.py:840} INFO - DAG(s) 'dataset_consumes_1_and_2', 'dataset_consumes_1', 'consume_1_or_2_with_dataset_expressions', 'dataset_produces_1', 'dataset_consumes_unknown_never_scheduled', 'consume_1_or_both_2_and_3_with_dataset_expressions', 'consume_1_and_2_with_dataset_expressions', 'dataset_consumes_1_never_scheduled', 'dataset_produces_2', 'conditional_dataset_and_time_based_timetable' retrieved from /home/airflow/.local/lib/python3.12/site-packages/airflow/example_dags/example_datasets.py
[2024-06-29T19:27:02.409+0000] {logging_mixin.py:188} INFO - [2024-06-29T19:27:02.408+0000] {override.py:1829} INFO - Created Permission View: can delete on DAG:dataset_consumes_1_and_2
[2024-06-29T19:27:02.422+0000] {logging_mixin.py:188} INFO - [2024-06-29T19:27:02.422+0000] {override.py:1829} INFO - Created Permission View: can read on DAG:dataset_consumes_1_and_2
[2024-06-29T19:27:02.432+0000] {logging_mixin.py:188} INFO - [2024-06-29T19:27:02.431+0000] {override.py:1829} INFO - Created Permission View: can edit on DAG:dataset_consumes_1_and_2
[2024-06-29T19:27:02.451+0000] {logging_mixin.py:188} INFO - [2024-06-29T19:27:02.450+0000] {override.py:1829} INFO - Created Permission View: can delete on DAG:dataset_consumes_1
[2024-06-29T19:27:02.461+0000] {logging_mixin.py:188} INFO - [2024-06-29T19:27:02.461+0000] {override.py:1829} INFO - Created Permission View: can read on DAG:dataset_consumes_1
[2024-06-29T19:27:02.473+0000] {logging_mixin.py:188} INFO - [2024-06-29T19:27:02.472+0000] {override.py:1829} INFO - Created Permission View: can edit on DAG:dataset_consumes_1
[2024-06-29T19:27:02.490+0000] {logging_mixin.py:188} INFO - [2024-06-29T19:27:02.489+0000] {override.py:1829} INFO - Created Permission View: can delete on DAG:consume_1_or_2_with_dataset_expressions
[2024-06-29T19:27:02.502+0000] {logging_mixin.py:188} INFO - [2024-06-29T19:27:02.502+0000] {override.py:1829} INFO - Created Permission View: can read on DAG:consume_1_or_2_with_dataset_expressions
[2024-06-29T19:27:02.513+0000] {logging_mixin.py:188} INFO - [2024-06-29T19:27:02.512+0000] {override.py:1829} INFO - Created Permission View: can edit on DAG:consume_1_or_2_with_dataset_expressions
[2024-06-29T19:27:02.533+0000] {logging_mixin.py:188} INFO - [2024-06-29T19:27:02.532+0000] {override.py:1829} INFO - Created Permission View: can delete on DAG:dataset_produces_1
[2024-06-29T19:27:02.546+0000] {logging_mixin.py:188} INFO - [2024-06-29T19:27:02.545+0000] {override.py:1829} INFO - Created Permission View: can read on DAG:dataset_produces_1
[2024-06-29T19:27:02.555+0000] {logging_mixin.py:188} INFO - [2024-06-29T19:27:02.555+0000] {override.py:1829} INFO - Created Permission View: can edit on DAG:dataset_produces_1
[2024-06-29T19:27:02.574+0000] {logging_mixin.py:188} INFO - [2024-06-29T19:27:02.574+0000] {override.py:1829} INFO - Created Permission View: can delete on DAG:dataset_consumes_unknown_never_scheduled
[2024-06-29T19:27:02.584+0000] {logging_mixin.py:188} INFO - [2024-06-29T19:27:02.584+0000] {override.py:1829} INFO - Created Permission View: can read on DAG:dataset_consumes_unknown_never_scheduled
[2024-06-29T19:27:02.594+0000] {logging_mixin.py:188} INFO - [2024-06-29T19:27:02.594+0000] {override.py:1829} INFO - Created Permission View: can edit on DAG:dataset_consumes_unknown_never_scheduled
[2024-06-29T19:27:02.615+0000] {logging_mixin.py:188} INFO - [2024-06-29T19:27:02.615+0000] {override.py:1829} INFO - Created Permission View: can delete on DAG:consume_1_or_both_2_and_3_with_dataset_expressions
[2024-06-29T19:27:02.625+0000] {logging_mixin.py:188} INFO - [2024-06-29T19:27:02.624+0000] {override.py:1829} INFO - Created Permission View: can read on DAG:consume_1_or_both_2_and_3_with_dataset_expressions
[2024-06-29T19:27:02.647+0000] {logging_mixin.py:188} INFO - [2024-06-29T19:27:02.646+0000] {override.py:1829} INFO - Created Permission View: can edit on DAG:consume_1_or_both_2_and_3_with_dataset_expressions
[2024-06-29T19:27:02.675+0000] {logging_mixin.py:188} INFO - [2024-06-29T19:27:02.674+0000] {override.py:1829} INFO - Created Permission View: can delete on DAG:consume_1_and_2_with_dataset_expressions
[2024-06-29T19:27:02.688+0000] {logging_mixin.py:188} INFO - [2024-06-29T19:27:02.687+0000] {override.py:1829} INFO - Created Permission View: can read on DAG:consume_1_and_2_with_dataset_expressions
[2024-06-29T19:27:02.709+0000] {logging_mixin.py:188} INFO - [2024-06-29T19:27:02.708+0000] {override.py:1829} INFO - Created Permission View: can edit on DAG:consume_1_and_2_with_dataset_expressions
[2024-06-29T19:27:02.742+0000] {logging_mixin.py:188} INFO - [2024-06-29T19:27:02.742+0000] {override.py:1829} INFO - Created Permission View: can delete on DAG:dataset_consumes_1_never_scheduled
[2024-06-29T19:27:02.763+0000] {logging_mixin.py:188} INFO - [2024-06-29T19:27:02.762+0000] {override.py:1829} INFO - Created Permission View: can read on DAG:dataset_consumes_1_never_scheduled
[2024-06-29T19:27:02.785+0000] {logging_mixin.py:188} INFO - [2024-06-29T19:27:02.784+0000] {override.py:1829} INFO - Created Permission View: can edit on DAG:dataset_consumes_1_never_scheduled
[2024-06-29T19:27:02.817+0000] {logging_mixin.py:188} INFO - [2024-06-29T19:27:02.816+0000] {override.py:1829} INFO - Created Permission View: can delete on DAG:dataset_produces_2
[2024-06-29T19:27:02.831+0000] {logging_mixin.py:188} INFO - [2024-06-29T19:27:02.830+0000] {override.py:1829} INFO - Created Permission View: can read on DAG:dataset_produces_2
[2024-06-29T19:27:02.844+0000] {logging_mixin.py:188} INFO - [2024-06-29T19:27:02.843+0000] {override.py:1829} INFO - Created Permission View: can edit on DAG:dataset_produces_2
[2024-06-29T19:27:02.869+0000] {logging_mixin.py:188} INFO - [2024-06-29T19:27:02.868+0000] {override.py:1829} INFO - Created Permission View: can delete on DAG:conditional_dataset_and_time_based_timetable
[2024-06-29T19:27:02.883+0000] {logging_mixin.py:188} INFO - [2024-06-29T19:27:02.882+0000] {override.py:1829} INFO - Created Permission View: can read on DAG:conditional_dataset_and_time_based_timetable
[2024-06-29T19:27:02.896+0000] {logging_mixin.py:188} INFO - [2024-06-29T19:27:02.895+0000] {override.py:1829} INFO - Created Permission View: can edit on DAG:conditional_dataset_and_time_based_timetable
[2024-06-29T19:27:02.897+0000] {logging_mixin.py:188} INFO - [2024-06-29T19:27:02.897+0000] {dag.py:3096} INFO - Sync 10 DAGs
[2024-06-29T19:27:02.940+0000] {logging_mixin.py:188} INFO - [2024-06-29T19:27:02.940+0000] {dag.py:3118} INFO - Creating ORM DAG for consume_1_or_both_2_and_3_with_dataset_expressions
[2024-06-29T19:27:02.943+0000] {logging_mixin.py:188} INFO - [2024-06-29T19:27:02.942+0000] {dag.py:3118} INFO - Creating ORM DAG for dataset_produces_1
[2024-06-29T19:27:02.945+0000] {logging_mixin.py:188} INFO - [2024-06-29T19:27:02.944+0000] {dag.py:3118} INFO - Creating ORM DAG for dataset_consumes_1_never_scheduled
[2024-06-29T19:27:02.947+0000] {logging_mixin.py:188} INFO - [2024-06-29T19:27:02.946+0000] {dag.py:3118} INFO - Creating ORM DAG for dataset_consumes_1_and_2
[2024-06-29T19:27:02.949+0000] {logging_mixin.py:188} INFO - [2024-06-29T19:27:02.948+0000] {dag.py:3118} INFO - Creating ORM DAG for consume_1_and_2_with_dataset_expressions
[2024-06-29T19:27:02.951+0000] {logging_mixin.py:188} INFO - [2024-06-29T19:27:02.950+0000] {dag.py:3118} INFO - Creating ORM DAG for dataset_consumes_unknown_never_scheduled
[2024-06-29T19:27:02.953+0000] {logging_mixin.py:188} INFO - [2024-06-29T19:27:02.952+0000] {dag.py:3118} INFO - Creating ORM DAG for conditional_dataset_and_time_based_timetable
[2024-06-29T19:27:02.955+0000] {logging_mixin.py:188} INFO - [2024-06-29T19:27:02.954+0000] {dag.py:3118} INFO - Creating ORM DAG for consume_1_or_2_with_dataset_expressions
[2024-06-29T19:27:02.956+0000] {logging_mixin.py:188} INFO - [2024-06-29T19:27:02.956+0000] {dag.py:3118} INFO - Creating ORM DAG for dataset_produces_2
[2024-06-29T19:27:02.958+0000] {logging_mixin.py:188} INFO - [2024-06-29T19:27:02.957+0000] {dag.py:3118} INFO - Creating ORM DAG for dataset_consumes_1
[2024-06-29T19:27:02.984+0000] {logging_mixin.py:188} INFO - [2024-06-29T19:27:02.984+0000] {dag.py:3954} INFO - Setting next_dagrun for conditional_dataset_and_time_based_timetable to 2024-06-26 01:00:00+00:00, run_after=2024-06-26 01:00:00+00:00
[2024-06-29T19:27:02.986+0000] {logging_mixin.py:188} INFO - [2024-06-29T19:27:02.986+0000] {dag.py:3954} INFO - Setting next_dagrun for consume_1_and_2_with_dataset_expressions to None, run_after=None
[2024-06-29T19:27:02.987+0000] {logging_mixin.py:188} INFO - [2024-06-29T19:27:02.987+0000] {dag.py:3954} INFO - Setting next_dagrun for consume_1_or_2_with_dataset_expressions to None, run_after=None
[2024-06-29T19:27:02.988+0000] {logging_mixin.py:188} INFO - [2024-06-29T19:27:02.988+0000] {dag.py:3954} INFO - Setting next_dagrun for consume_1_or_both_2_and_3_with_dataset_expressions to None, run_after=None
[2024-06-29T19:27:02.989+0000] {logging_mixin.py:188} INFO - [2024-06-29T19:27:02.989+0000] {dag.py:3954} INFO - Setting next_dagrun for dataset_consumes_1 to None, run_after=None
[2024-06-29T19:27:02.991+0000] {logging_mixin.py:188} INFO - [2024-06-29T19:27:02.991+0000] {dag.py:3954} INFO - Setting next_dagrun for dataset_consumes_1_and_2 to None, run_after=None
[2024-06-29T19:27:02.993+0000] {logging_mixin.py:188} INFO - [2024-06-29T19:27:02.993+0000] {dag.py:3954} INFO - Setting next_dagrun for dataset_consumes_1_never_scheduled to None, run_after=None
[2024-06-29T19:27:02.995+0000] {logging_mixin.py:188} INFO - [2024-06-29T19:27:02.995+0000] {dag.py:3954} INFO - Setting next_dagrun for dataset_consumes_unknown_never_scheduled to None, run_after=None
[2024-06-29T19:27:03.000+0000] {logging_mixin.py:188} INFO - [2024-06-29T19:27:02.999+0000] {dag.py:3954} INFO - Setting next_dagrun for dataset_produces_1 to 2024-06-28 00:00:00+00:00, run_after=2024-06-29 00:00:00+00:00
[2024-06-29T19:27:03.001+0000] {logging_mixin.py:188} INFO - [2024-06-29T19:27:03.001+0000] {dag.py:3954} INFO - Setting next_dagrun for dataset_produces_2 to None, run_after=None
[2024-06-29T19:27:03.095+0000] {processor.py:183} INFO - Processing /home/airflow/.local/lib/python3.12/site-packages/airflow/example_dags/example_datasets.py took 0.892 seconds
[2024-06-29T19:27:37.471+0000] {processor.py:161} INFO - Started process (PID=148) to work on /home/airflow/.local/lib/python3.12/site-packages/airflow/example_dags/example_datasets.py
[2024-06-29T19:27:37.503+0000] {processor.py:830} INFO - Processing file /home/airflow/.local/lib/python3.12/site-packages/airflow/example_dags/example_datasets.py for tasks to queue
[2024-06-29T19:27:37.533+0000] {logging_mixin.py:188} INFO - [2024-06-29T19:27:37.532+0000] {dagbag.py:545} INFO - Filling up the DagBag from /home/airflow/.local/lib/python3.12/site-packages/airflow/example_dags/example_datasets.py
[2024-06-29T19:27:38.073+0000] {processor.py:840} INFO - DAG(s) 'dataset_consumes_1', 'dataset_consumes_1_never_scheduled', 'conditional_dataset_and_time_based_timetable', 'dataset_produces_1', 'dataset_produces_2', 'consume_1_or_both_2_and_3_with_dataset_expressions', 'consume_1_or_2_with_dataset_expressions', 'dataset_consumes_unknown_never_scheduled', 'dataset_consumes_1_and_2', 'consume_1_and_2_with_dataset_expressions' retrieved from /home/airflow/.local/lib/python3.12/site-packages/airflow/example_dags/example_datasets.py
[2024-06-29T19:27:39.498+0000] {logging_mixin.py:188} INFO - [2024-06-29T19:27:39.483+0000] {dag.py:3096} INFO - Sync 10 DAGs
[2024-06-29T19:27:39.845+0000] {logging_mixin.py:188} INFO - [2024-06-29T19:27:39.843+0000] {dag.py:3954} INFO - Setting next_dagrun for conditional_dataset_and_time_based_timetable to 2024-06-26 01:00:00+00:00, run_after=2024-06-26 01:00:00+00:00
[2024-06-29T19:27:39.872+0000] {logging_mixin.py:188} INFO - [2024-06-29T19:27:39.871+0000] {dag.py:3954} INFO - Setting next_dagrun for consume_1_and_2_with_dataset_expressions to None, run_after=None
[2024-06-29T19:27:39.880+0000] {logging_mixin.py:188} INFO - [2024-06-29T19:27:39.879+0000] {dag.py:3954} INFO - Setting next_dagrun for consume_1_or_2_with_dataset_expressions to None, run_after=None
[2024-06-29T19:27:39.895+0000] {logging_mixin.py:188} INFO - [2024-06-29T19:27:39.894+0000] {dag.py:3954} INFO - Setting next_dagrun for consume_1_or_both_2_and_3_with_dataset_expressions to None, run_after=None
[2024-06-29T19:27:39.913+0000] {logging_mixin.py:188} INFO - [2024-06-29T19:27:39.912+0000] {dag.py:3954} INFO - Setting next_dagrun for dataset_consumes_1 to None, run_after=None
[2024-06-29T19:27:39.924+0000] {logging_mixin.py:188} INFO - [2024-06-29T19:27:39.923+0000] {dag.py:3954} INFO - Setting next_dagrun for dataset_consumes_1_and_2 to None, run_after=None
[2024-06-29T19:27:39.935+0000] {logging_mixin.py:188} INFO - [2024-06-29T19:27:39.934+0000] {dag.py:3954} INFO - Setting next_dagrun for dataset_consumes_1_never_scheduled to None, run_after=None
[2024-06-29T19:27:39.941+0000] {logging_mixin.py:188} INFO - [2024-06-29T19:27:39.940+0000] {dag.py:3954} INFO - Setting next_dagrun for dataset_consumes_unknown_never_scheduled to None, run_after=None
[2024-06-29T19:27:39.966+0000] {logging_mixin.py:188} INFO - [2024-06-29T19:27:39.965+0000] {dag.py:3954} INFO - Setting next_dagrun for dataset_produces_1 to 2024-06-28 00:00:00+00:00, run_after=2024-06-29 00:00:00+00:00
[2024-06-29T19:27:39.978+0000] {logging_mixin.py:188} INFO - [2024-06-29T19:27:39.977+0000] {dag.py:3954} INFO - Setting next_dagrun for dataset_produces_2 to None, run_after=None
[2024-06-29T19:27:40.252+0000] {processor.py:183} INFO - Processing /home/airflow/.local/lib/python3.12/site-packages/airflow/example_dags/example_datasets.py took 2.700 seconds
[2024-06-29T19:28:10.991+0000] {processor.py:161} INFO - Started process (PID=209) to work on /home/airflow/.local/lib/python3.12/site-packages/airflow/example_dags/example_datasets.py
[2024-06-29T19:28:11.001+0000] {processor.py:830} INFO - Processing file /home/airflow/.local/lib/python3.12/site-packages/airflow/example_dags/example_datasets.py for tasks to queue
[2024-06-29T19:28:11.022+0000] {logging_mixin.py:188} INFO - [2024-06-29T19:28:11.013+0000] {dagbag.py:545} INFO - Filling up the DagBag from /home/airflow/.local/lib/python3.12/site-packages/airflow/example_dags/example_datasets.py
[2024-06-29T19:28:11.351+0000] {processor.py:840} INFO - DAG(s) 'dataset_produces_1', 'dataset_consumes_unknown_never_scheduled', 'consume_1_or_both_2_and_3_with_dataset_expressions', 'consume_1_and_2_with_dataset_expressions', 'dataset_produces_2', 'consume_1_or_2_with_dataset_expressions', 'conditional_dataset_and_time_based_timetable', 'dataset_consumes_1_and_2', 'dataset_consumes_1_never_scheduled', 'dataset_consumes_1' retrieved from /home/airflow/.local/lib/python3.12/site-packages/airflow/example_dags/example_datasets.py
[2024-06-29T19:28:11.615+0000] {logging_mixin.py:188} INFO - [2024-06-29T19:28:11.615+0000] {dag.py:3096} INFO - Sync 10 DAGs
[2024-06-29T19:28:11.912+0000] {logging_mixin.py:188} INFO - [2024-06-29T19:28:11.911+0000] {dag.py:3954} INFO - Setting next_dagrun for conditional_dataset_and_time_based_timetable to 2024-06-26 01:00:00+00:00, run_after=2024-06-26 01:00:00+00:00
[2024-06-29T19:28:11.927+0000] {logging_mixin.py:188} INFO - [2024-06-29T19:28:11.926+0000] {dag.py:3954} INFO - Setting next_dagrun for consume_1_and_2_with_dataset_expressions to None, run_after=None
[2024-06-29T19:28:11.932+0000] {logging_mixin.py:188} INFO - [2024-06-29T19:28:11.931+0000] {dag.py:3954} INFO - Setting next_dagrun for consume_1_or_2_with_dataset_expressions to None, run_after=None
[2024-06-29T19:28:11.937+0000] {logging_mixin.py:188} INFO - [2024-06-29T19:28:11.936+0000] {dag.py:3954} INFO - Setting next_dagrun for consume_1_or_both_2_and_3_with_dataset_expressions to None, run_after=None
[2024-06-29T19:28:11.940+0000] {logging_mixin.py:188} INFO - [2024-06-29T19:28:11.940+0000] {dag.py:3954} INFO - Setting next_dagrun for dataset_consumes_1 to None, run_after=None
[2024-06-29T19:28:11.948+0000] {logging_mixin.py:188} INFO - [2024-06-29T19:28:11.947+0000] {dag.py:3954} INFO - Setting next_dagrun for dataset_consumes_1_and_2 to None, run_after=None
[2024-06-29T19:28:11.953+0000] {logging_mixin.py:188} INFO - [2024-06-29T19:28:11.953+0000] {dag.py:3954} INFO - Setting next_dagrun for dataset_consumes_1_never_scheduled to None, run_after=None
[2024-06-29T19:28:11.957+0000] {logging_mixin.py:188} INFO - [2024-06-29T19:28:11.957+0000] {dag.py:3954} INFO - Setting next_dagrun for dataset_consumes_unknown_never_scheduled to None, run_after=None
[2024-06-29T19:28:11.971+0000] {logging_mixin.py:188} INFO - [2024-06-29T19:28:11.971+0000] {dag.py:3954} INFO - Setting next_dagrun for dataset_produces_1 to 2024-06-28 00:00:00+00:00, run_after=2024-06-29 00:00:00+00:00
[2024-06-29T19:28:12.017+0000] {logging_mixin.py:188} INFO - [2024-06-29T19:28:12.016+0000] {dag.py:3954} INFO - Setting next_dagrun for dataset_produces_2 to None, run_after=None
[2024-06-29T19:28:12.317+0000] {processor.py:183} INFO - Processing /home/airflow/.local/lib/python3.12/site-packages/airflow/example_dags/example_datasets.py took 1.412 seconds
[2024-06-29T19:28:42.745+0000] {processor.py:161} INFO - Started process (PID=267) to work on /home/airflow/.local/lib/python3.12/site-packages/airflow/example_dags/example_datasets.py
[2024-06-29T19:28:42.848+0000] {processor.py:830} INFO - Processing file /home/airflow/.local/lib/python3.12/site-packages/airflow/example_dags/example_datasets.py for tasks to queue
[2024-06-29T19:28:42.856+0000] {logging_mixin.py:188} INFO - [2024-06-29T19:28:42.855+0000] {dagbag.py:545} INFO - Filling up the DagBag from /home/airflow/.local/lib/python3.12/site-packages/airflow/example_dags/example_datasets.py
[2024-06-29T19:28:43.301+0000] {processor.py:840} INFO - DAG(s) 'dataset_produces_1', 'consume_1_or_both_2_and_3_with_dataset_expressions', 'dataset_consumes_1', 'dataset_consumes_1_never_scheduled', 'conditional_dataset_and_time_based_timetable', 'consume_1_or_2_with_dataset_expressions', 'dataset_consumes_unknown_never_scheduled', 'consume_1_and_2_with_dataset_expressions', 'dataset_consumes_1_and_2', 'dataset_produces_2' retrieved from /home/airflow/.local/lib/python3.12/site-packages/airflow/example_dags/example_datasets.py
[2024-06-29T19:28:43.496+0000] {logging_mixin.py:188} INFO - [2024-06-29T19:28:43.495+0000] {dag.py:3096} INFO - Sync 10 DAGs
[2024-06-29T19:28:43.777+0000] {logging_mixin.py:188} INFO - [2024-06-29T19:28:43.774+0000] {dag.py:3954} INFO - Setting next_dagrun for conditional_dataset_and_time_based_timetable to 2024-06-26 01:00:00+00:00, run_after=2024-06-26 01:00:00+00:00
[2024-06-29T19:28:43.825+0000] {logging_mixin.py:188} INFO - [2024-06-29T19:28:43.825+0000] {dag.py:3954} INFO - Setting next_dagrun for consume_1_and_2_with_dataset_expressions to None, run_after=None
[2024-06-29T19:28:43.831+0000] {logging_mixin.py:188} INFO - [2024-06-29T19:28:43.831+0000] {dag.py:3954} INFO - Setting next_dagrun for consume_1_or_2_with_dataset_expressions to None, run_after=None
[2024-06-29T19:28:43.837+0000] {logging_mixin.py:188} INFO - [2024-06-29T19:28:43.836+0000] {dag.py:3954} INFO - Setting next_dagrun for consume_1_or_both_2_and_3_with_dataset_expressions to None, run_after=None
[2024-06-29T19:28:43.854+0000] {logging_mixin.py:188} INFO - [2024-06-29T19:28:43.850+0000] {dag.py:3954} INFO - Setting next_dagrun for dataset_consumes_1 to None, run_after=None
[2024-06-29T19:28:43.860+0000] {logging_mixin.py:188} INFO - [2024-06-29T19:28:43.859+0000] {dag.py:3954} INFO - Setting next_dagrun for dataset_consumes_1_and_2 to None, run_after=None
[2024-06-29T19:28:43.869+0000] {logging_mixin.py:188} INFO - [2024-06-29T19:28:43.868+0000] {dag.py:3954} INFO - Setting next_dagrun for dataset_consumes_1_never_scheduled to None, run_after=None
[2024-06-29T19:28:43.876+0000] {logging_mixin.py:188} INFO - [2024-06-29T19:28:43.875+0000] {dag.py:3954} INFO - Setting next_dagrun for dataset_consumes_unknown_never_scheduled to None, run_after=None
[2024-06-29T19:28:43.917+0000] {logging_mixin.py:188} INFO - [2024-06-29T19:28:43.916+0000] {dag.py:3954} INFO - Setting next_dagrun for dataset_produces_1 to 2024-06-28 00:00:00+00:00, run_after=2024-06-29 00:00:00+00:00
[2024-06-29T19:28:43.928+0000] {logging_mixin.py:188} INFO - [2024-06-29T19:28:43.927+0000] {dag.py:3954} INFO - Setting next_dagrun for dataset_produces_2 to None, run_after=None
[2024-06-29T19:28:44.202+0000] {processor.py:183} INFO - Processing /home/airflow/.local/lib/python3.12/site-packages/airflow/example_dags/example_datasets.py took 1.469 seconds
