[2024-06-29T19:26:40.831+0000] {processor.py:161} INFO - Started process (PID=46) to work on /home/airflow/.local/lib/python3.12/site-packages/airflow/example_dags/example_latest_only.py
[2024-06-29T19:26:40.841+0000] {processor.py:830} INFO - Processing file /home/airflow/.local/lib/python3.12/site-packages/airflow/example_dags/example_latest_only.py for tasks to queue
[2024-06-29T19:26:40.884+0000] {logging_mixin.py:188} INFO - [2024-06-29T19:26:40.882+0000] {dagbag.py:545} INFO - Filling up the DagBag from /home/airflow/.local/lib/python3.12/site-packages/airflow/example_dags/example_latest_only.py
[2024-06-29T19:26:41.014+0000] {processor.py:840} INFO - DAG(s) 'latest_only' retrieved from /home/airflow/.local/lib/python3.12/site-packages/airflow/example_dags/example_latest_only.py
[2024-06-29T19:26:41.927+0000] {logging_mixin.py:188} INFO - [2024-06-29T19:26:41.925+0000] {override.py:1829} INFO - Created Permission View: can delete on DAG:latest_only
[2024-06-29T19:26:41.956+0000] {logging_mixin.py:188} INFO - [2024-06-29T19:26:41.955+0000] {override.py:1829} INFO - Created Permission View: can read on DAG:latest_only
[2024-06-29T19:26:41.973+0000] {logging_mixin.py:188} INFO - [2024-06-29T19:26:41.972+0000] {override.py:1829} INFO - Created Permission View: can edit on DAG:latest_only
[2024-06-29T19:26:41.977+0000] {logging_mixin.py:188} INFO - [2024-06-29T19:26:41.975+0000] {dag.py:3096} INFO - Sync 1 DAGs
[2024-06-29T19:26:42.039+0000] {logging_mixin.py:188} INFO - [2024-06-29T19:26:42.039+0000] {dag.py:3118} INFO - Creating ORM DAG for latest_only
[2024-06-29T19:26:42.089+0000] {logging_mixin.py:188} INFO - [2024-06-29T19:26:42.089+0000] {dag.py:3954} INFO - Setting next_dagrun for latest_only to 2024-06-29 12:00:00+00:00, run_after=2024-06-29 16:00:00+00:00
[2024-06-29T19:26:42.167+0000] {processor.py:183} INFO - Processing /home/airflow/.local/lib/python3.12/site-packages/airflow/example_dags/example_latest_only.py took 1.415 seconds
[2024-06-29T19:27:12.350+0000] {processor.py:161} INFO - Started process (PID=105) to work on /home/airflow/.local/lib/python3.12/site-packages/airflow/example_dags/example_latest_only.py
[2024-06-29T19:27:12.351+0000] {processor.py:830} INFO - Processing file /home/airflow/.local/lib/python3.12/site-packages/airflow/example_dags/example_latest_only.py for tasks to queue
[2024-06-29T19:27:12.354+0000] {logging_mixin.py:188} INFO - [2024-06-29T19:27:12.353+0000] {dagbag.py:545} INFO - Filling up the DagBag from /home/airflow/.local/lib/python3.12/site-packages/airflow/example_dags/example_latest_only.py
[2024-06-29T19:27:12.365+0000] {processor.py:840} INFO - DAG(s) 'latest_only' retrieved from /home/airflow/.local/lib/python3.12/site-packages/airflow/example_dags/example_latest_only.py
[2024-06-29T19:27:12.404+0000] {logging_mixin.py:188} INFO - [2024-06-29T19:27:12.403+0000] {dag.py:3096} INFO - Sync 1 DAGs
[2024-06-29T19:27:12.477+0000] {logging_mixin.py:188} INFO - [2024-06-29T19:27:12.477+0000] {dag.py:3954} INFO - Setting next_dagrun for latest_only to 2024-06-29 12:00:00+00:00, run_after=2024-06-29 16:00:00+00:00
[2024-06-29T19:27:12.514+0000] {processor.py:183} INFO - Processing /home/airflow/.local/lib/python3.12/site-packages/airflow/example_dags/example_latest_only.py took 0.172 seconds
[2024-06-29T19:27:43.624+0000] {processor.py:161} INFO - Started process (PID=165) to work on /home/airflow/.local/lib/python3.12/site-packages/airflow/example_dags/example_latest_only.py
[2024-06-29T19:27:43.627+0000] {processor.py:830} INFO - Processing file /home/airflow/.local/lib/python3.12/site-packages/airflow/example_dags/example_latest_only.py for tasks to queue
[2024-06-29T19:27:43.632+0000] {logging_mixin.py:188} INFO - [2024-06-29T19:27:43.631+0000] {dagbag.py:545} INFO - Filling up the DagBag from /home/airflow/.local/lib/python3.12/site-packages/airflow/example_dags/example_latest_only.py
[2024-06-29T19:27:43.650+0000] {processor.py:840} INFO - DAG(s) 'latest_only' retrieved from /home/airflow/.local/lib/python3.12/site-packages/airflow/example_dags/example_latest_only.py
[2024-06-29T19:27:43.732+0000] {logging_mixin.py:188} INFO - [2024-06-29T19:27:43.728+0000] {dag.py:3096} INFO - Sync 1 DAGs
[2024-06-29T19:27:43.859+0000] {logging_mixin.py:188} INFO - [2024-06-29T19:27:43.858+0000] {dag.py:3954} INFO - Setting next_dagrun for latest_only to 2024-06-29 12:00:00+00:00, run_after=2024-06-29 16:00:00+00:00
[2024-06-29T19:27:43.951+0000] {processor.py:183} INFO - Processing /home/airflow/.local/lib/python3.12/site-packages/airflow/example_dags/example_latest_only.py took 0.367 seconds
[2024-06-29T19:28:14.647+0000] {processor.py:161} INFO - Started process (PID=221) to work on /home/airflow/.local/lib/python3.12/site-packages/airflow/example_dags/example_latest_only.py
[2024-06-29T19:28:14.650+0000] {processor.py:830} INFO - Processing file /home/airflow/.local/lib/python3.12/site-packages/airflow/example_dags/example_latest_only.py for tasks to queue
[2024-06-29T19:28:14.676+0000] {logging_mixin.py:188} INFO - [2024-06-29T19:28:14.675+0000] {dagbag.py:545} INFO - Filling up the DagBag from /home/airflow/.local/lib/python3.12/site-packages/airflow/example_dags/example_latest_only.py
[2024-06-29T19:28:14.731+0000] {processor.py:840} INFO - DAG(s) 'latest_only' retrieved from /home/airflow/.local/lib/python3.12/site-packages/airflow/example_dags/example_latest_only.py
[2024-06-29T19:28:15.109+0000] {logging_mixin.py:188} INFO - [2024-06-29T19:28:15.107+0000] {dag.py:3096} INFO - Sync 1 DAGs
[2024-06-29T19:28:15.499+0000] {logging_mixin.py:188} INFO - [2024-06-29T19:28:15.488+0000] {dag.py:3954} INFO - Setting next_dagrun for latest_only to 2024-06-29 12:00:00+00:00, run_after=2024-06-29 16:00:00+00:00
[2024-06-29T19:28:15.639+0000] {processor.py:183} INFO - Processing /home/airflow/.local/lib/python3.12/site-packages/airflow/example_dags/example_latest_only.py took 1.075 seconds
[2024-06-29T19:28:46.133+0000] {processor.py:161} INFO - Started process (PID=280) to work on /home/airflow/.local/lib/python3.12/site-packages/airflow/example_dags/example_latest_only.py
[2024-06-29T19:28:46.156+0000] {processor.py:830} INFO - Processing file /home/airflow/.local/lib/python3.12/site-packages/airflow/example_dags/example_latest_only.py for tasks to queue
[2024-06-29T19:28:46.175+0000] {logging_mixin.py:188} INFO - [2024-06-29T19:28:46.174+0000] {dagbag.py:545} INFO - Filling up the DagBag from /home/airflow/.local/lib/python3.12/site-packages/airflow/example_dags/example_latest_only.py
[2024-06-29T19:28:46.230+0000] {processor.py:840} INFO - DAG(s) 'latest_only' retrieved from /home/airflow/.local/lib/python3.12/site-packages/airflow/example_dags/example_latest_only.py
[2024-06-29T19:28:46.421+0000] {logging_mixin.py:188} INFO - [2024-06-29T19:28:46.418+0000] {dag.py:3096} INFO - Sync 1 DAGs
[2024-06-29T19:28:46.575+0000] {logging_mixin.py:188} INFO - [2024-06-29T19:28:46.574+0000] {dag.py:3954} INFO - Setting next_dagrun for latest_only to 2024-06-29 12:00:00+00:00, run_after=2024-06-29 16:00:00+00:00
[2024-06-29T19:28:46.726+0000] {processor.py:183} INFO - Processing /home/airflow/.local/lib/python3.12/site-packages/airflow/example_dags/example_latest_only.py took 0.652 seconds
