[2024-06-29T19:27:01.365+0000] {processor.py:161} INFO - Started process (PID=86) to work on /home/airflow/.local/lib/python3.12/site-packages/airflow/example_dags/example_branch_operator.py
[2024-06-29T19:27:01.367+0000] {processor.py:830} INFO - Processing file /home/airflow/.local/lib/python3.12/site-packages/airflow/example_dags/example_branch_operator.py for tasks to queue
[2024-06-29T19:27:01.370+0000] {logging_mixin.py:188} INFO - [2024-06-29T19:27:01.369+0000] {dagbag.py:545} INFO - Filling up the DagBag from /home/airflow/.local/lib/python3.12/site-packages/airflow/example_dags/example_branch_operator.py
[2024-06-29T19:27:01.400+0000] {processor.py:840} INFO - DAG(s) 'example_branch_operator' retrieved from /home/airflow/.local/lib/python3.12/site-packages/airflow/example_dags/example_branch_operator.py
[2024-06-29T19:27:01.580+0000] {logging_mixin.py:188} INFO - [2024-06-29T19:27:01.579+0000] {override.py:1829} INFO - Created Permission View: can delete on DAG:example_branch_operator
[2024-06-29T19:27:01.597+0000] {logging_mixin.py:188} INFO - [2024-06-29T19:27:01.597+0000] {override.py:1829} INFO - Created Permission View: can read on DAG:example_branch_operator
[2024-06-29T19:27:01.611+0000] {logging_mixin.py:188} INFO - [2024-06-29T19:27:01.610+0000] {override.py:1829} INFO - Created Permission View: can edit on DAG:example_branch_operator
[2024-06-29T19:27:01.615+0000] {logging_mixin.py:188} INFO - [2024-06-29T19:27:01.612+0000] {dag.py:3096} INFO - Sync 1 DAGs
[2024-06-29T19:27:01.635+0000] {logging_mixin.py:188} INFO - [2024-06-29T19:27:01.634+0000] {dag.py:3118} INFO - Creating ORM DAG for example_branch_operator
[2024-06-29T19:27:01.653+0000] {logging_mixin.py:188} INFO - [2024-06-29T19:27:01.653+0000] {dag.py:3954} INFO - Setting next_dagrun for example_branch_operator to 2024-06-28 00:00:00+00:00, run_after=2024-06-29 00:00:00+00:00
[2024-06-29T19:27:01.686+0000] {processor.py:183} INFO - Processing /home/airflow/.local/lib/python3.12/site-packages/airflow/example_dags/example_branch_operator.py took 0.329 seconds
[2024-06-29T19:27:34.958+0000] {processor.py:161} INFO - Started process (PID=145) to work on /home/airflow/.local/lib/python3.12/site-packages/airflow/example_dags/example_branch_operator.py
[2024-06-29T19:27:34.962+0000] {processor.py:830} INFO - Processing file /home/airflow/.local/lib/python3.12/site-packages/airflow/example_dags/example_branch_operator.py for tasks to queue
[2024-06-29T19:27:34.966+0000] {logging_mixin.py:188} INFO - [2024-06-29T19:27:34.965+0000] {dagbag.py:545} INFO - Filling up the DagBag from /home/airflow/.local/lib/python3.12/site-packages/airflow/example_dags/example_branch_operator.py
[2024-06-29T19:27:35.014+0000] {processor.py:840} INFO - DAG(s) 'example_branch_operator' retrieved from /home/airflow/.local/lib/python3.12/site-packages/airflow/example_dags/example_branch_operator.py
[2024-06-29T19:27:35.230+0000] {logging_mixin.py:188} INFO - [2024-06-29T19:27:35.215+0000] {dag.py:3096} INFO - Sync 1 DAGs
[2024-06-29T19:27:35.894+0000] {logging_mixin.py:188} INFO - [2024-06-29T19:27:35.876+0000] {dag.py:3954} INFO - Setting next_dagrun for example_branch_operator to 2024-06-28 00:00:00+00:00, run_after=2024-06-29 00:00:00+00:00
[2024-06-29T19:27:36.549+0000] {processor.py:183} INFO - Processing /home/airflow/.local/lib/python3.12/site-packages/airflow/example_dags/example_branch_operator.py took 1.607 seconds
[2024-06-29T19:28:08.013+0000] {processor.py:161} INFO - Started process (PID=206) to work on /home/airflow/.local/lib/python3.12/site-packages/airflow/example_dags/example_branch_operator.py
[2024-06-29T19:28:08.026+0000] {processor.py:830} INFO - Processing file /home/airflow/.local/lib/python3.12/site-packages/airflow/example_dags/example_branch_operator.py for tasks to queue
[2024-06-29T19:28:08.031+0000] {logging_mixin.py:188} INFO - [2024-06-29T19:28:08.030+0000] {dagbag.py:545} INFO - Filling up the DagBag from /home/airflow/.local/lib/python3.12/site-packages/airflow/example_dags/example_branch_operator.py
[2024-06-29T19:28:08.728+0000] {processor.py:840} INFO - DAG(s) 'example_branch_operator' retrieved from /home/airflow/.local/lib/python3.12/site-packages/airflow/example_dags/example_branch_operator.py
[2024-06-29T19:28:08.859+0000] {logging_mixin.py:188} INFO - [2024-06-29T19:28:08.858+0000] {dag.py:3096} INFO - Sync 1 DAGs
[2024-06-29T19:28:09.005+0000] {logging_mixin.py:188} INFO - [2024-06-29T19:28:09.004+0000] {dag.py:3954} INFO - Setting next_dagrun for example_branch_operator to 2024-06-28 00:00:00+00:00, run_after=2024-06-29 00:00:00+00:00
[2024-06-29T19:28:09.146+0000] {processor.py:183} INFO - Processing /home/airflow/.local/lib/python3.12/site-packages/airflow/example_dags/example_branch_operator.py took 1.067 seconds
[2024-06-29T19:28:41.126+0000] {processor.py:161} INFO - Started process (PID=263) to work on /home/airflow/.local/lib/python3.12/site-packages/airflow/example_dags/example_branch_operator.py
[2024-06-29T19:28:41.128+0000] {processor.py:830} INFO - Processing file /home/airflow/.local/lib/python3.12/site-packages/airflow/example_dags/example_branch_operator.py for tasks to queue
[2024-06-29T19:28:41.132+0000] {logging_mixin.py:188} INFO - [2024-06-29T19:28:41.131+0000] {dagbag.py:545} INFO - Filling up the DagBag from /home/airflow/.local/lib/python3.12/site-packages/airflow/example_dags/example_branch_operator.py
[2024-06-29T19:28:41.162+0000] {processor.py:840} INFO - DAG(s) 'example_branch_operator' retrieved from /home/airflow/.local/lib/python3.12/site-packages/airflow/example_dags/example_branch_operator.py
[2024-06-29T19:28:41.214+0000] {logging_mixin.py:188} INFO - [2024-06-29T19:28:41.213+0000] {dag.py:3096} INFO - Sync 1 DAGs
[2024-06-29T19:28:41.254+0000] {logging_mixin.py:188} INFO - [2024-06-29T19:28:41.254+0000] {dag.py:3954} INFO - Setting next_dagrun for example_branch_operator to 2024-06-28 00:00:00+00:00, run_after=2024-06-29 00:00:00+00:00
[2024-06-29T19:28:41.288+0000] {processor.py:183} INFO - Processing /home/airflow/.local/lib/python3.12/site-packages/airflow/example_dags/example_branch_operator.py took 0.173 seconds
