[2024-06-29T19:26:55.307+0000] {processor.py:161} INFO - Started process (PID=71) to work on /home/airflow/.local/lib/python3.12/site-packages/airflow/example_dags/example_complex.py
[2024-06-29T19:26:55.310+0000] {processor.py:830} INFO - Processing file /home/airflow/.local/lib/python3.12/site-packages/airflow/example_dags/example_complex.py for tasks to queue
[2024-06-29T19:26:55.313+0000] {logging_mixin.py:188} INFO - [2024-06-29T19:26:55.312+0000] {dagbag.py:545} INFO - Filling up the DagBag from /home/airflow/.local/lib/python3.12/site-packages/airflow/example_dags/example_complex.py
[2024-06-29T19:26:55.339+0000] {processor.py:840} INFO - DAG(s) 'example_complex' retrieved from /home/airflow/.local/lib/python3.12/site-packages/airflow/example_dags/example_complex.py
[2024-06-29T19:26:55.705+0000] {logging_mixin.py:188} INFO - [2024-06-29T19:26:55.703+0000] {override.py:1829} INFO - Created Permission View: can delete on DAG:example_complex
[2024-06-29T19:26:55.732+0000] {logging_mixin.py:188} INFO - [2024-06-29T19:26:55.731+0000] {override.py:1829} INFO - Created Permission View: can read on DAG:example_complex
[2024-06-29T19:26:55.788+0000] {logging_mixin.py:188} INFO - [2024-06-29T19:26:55.786+0000] {override.py:1829} INFO - Created Permission View: can edit on DAG:example_complex
[2024-06-29T19:26:55.790+0000] {logging_mixin.py:188} INFO - [2024-06-29T19:26:55.790+0000] {dag.py:3096} INFO - Sync 1 DAGs
[2024-06-29T19:26:55.828+0000] {logging_mixin.py:188} INFO - [2024-06-29T19:26:55.828+0000] {dag.py:3118} INFO - Creating ORM DAG for example_complex
[2024-06-29T19:26:55.831+0000] {logging_mixin.py:188} INFO - [2024-06-29T19:26:55.830+0000] {dag.py:3954} INFO - Setting next_dagrun for example_complex to None, run_after=None
[2024-06-29T19:26:55.903+0000] {processor.py:183} INFO - Processing /home/airflow/.local/lib/python3.12/site-packages/airflow/example_dags/example_complex.py took 0.608 seconds
[2024-06-29T19:27:26.212+0000] {processor.py:161} INFO - Started process (PID=130) to work on /home/airflow/.local/lib/python3.12/site-packages/airflow/example_dags/example_complex.py
[2024-06-29T19:27:26.218+0000] {processor.py:830} INFO - Processing file /home/airflow/.local/lib/python3.12/site-packages/airflow/example_dags/example_complex.py for tasks to queue
[2024-06-29T19:27:26.220+0000] {logging_mixin.py:188} INFO - [2024-06-29T19:27:26.220+0000] {dagbag.py:545} INFO - Filling up the DagBag from /home/airflow/.local/lib/python3.12/site-packages/airflow/example_dags/example_complex.py
[2024-06-29T19:27:26.238+0000] {processor.py:840} INFO - DAG(s) 'example_complex' retrieved from /home/airflow/.local/lib/python3.12/site-packages/airflow/example_dags/example_complex.py
[2024-06-29T19:27:26.286+0000] {logging_mixin.py:188} INFO - [2024-06-29T19:27:26.286+0000] {dag.py:3096} INFO - Sync 1 DAGs
[2024-06-29T19:27:26.306+0000] {logging_mixin.py:188} INFO - [2024-06-29T19:27:26.306+0000] {dag.py:3954} INFO - Setting next_dagrun for example_complex to None, run_after=None
[2024-06-29T19:27:26.337+0000] {processor.py:183} INFO - Processing /home/airflow/.local/lib/python3.12/site-packages/airflow/example_dags/example_complex.py took 0.132 seconds
[2024-06-29T19:27:59.714+0000] {processor.py:161} INFO - Started process (PID=190) to work on /home/airflow/.local/lib/python3.12/site-packages/airflow/example_dags/example_complex.py
[2024-06-29T19:27:59.717+0000] {processor.py:830} INFO - Processing file /home/airflow/.local/lib/python3.12/site-packages/airflow/example_dags/example_complex.py for tasks to queue
[2024-06-29T19:27:59.724+0000] {logging_mixin.py:188} INFO - [2024-06-29T19:27:59.724+0000] {dagbag.py:545} INFO - Filling up the DagBag from /home/airflow/.local/lib/python3.12/site-packages/airflow/example_dags/example_complex.py
[2024-06-29T19:27:59.787+0000] {processor.py:840} INFO - DAG(s) 'example_complex' retrieved from /home/airflow/.local/lib/python3.12/site-packages/airflow/example_dags/example_complex.py
[2024-06-29T19:27:59.969+0000] {logging_mixin.py:188} INFO - [2024-06-29T19:27:59.968+0000] {dag.py:3096} INFO - Sync 1 DAGs
[2024-06-29T19:28:00.097+0000] {logging_mixin.py:188} INFO - [2024-06-29T19:28:00.096+0000] {dag.py:3954} INFO - Setting next_dagrun for example_complex to None, run_after=None
[2024-06-29T19:28:00.201+0000] {processor.py:183} INFO - Processing /home/airflow/.local/lib/python3.12/site-packages/airflow/example_dags/example_complex.py took 0.513 seconds
[2024-06-29T19:28:35.252+0000] {processor.py:161} INFO - Started process (PID=248) to work on /home/airflow/.local/lib/python3.12/site-packages/airflow/example_dags/example_complex.py
[2024-06-29T19:28:35.255+0000] {processor.py:830} INFO - Processing file /home/airflow/.local/lib/python3.12/site-packages/airflow/example_dags/example_complex.py for tasks to queue
[2024-06-29T19:28:35.270+0000] {logging_mixin.py:188} INFO - [2024-06-29T19:28:35.264+0000] {dagbag.py:545} INFO - Filling up the DagBag from /home/airflow/.local/lib/python3.12/site-packages/airflow/example_dags/example_complex.py
[2024-06-29T19:28:35.335+0000] {processor.py:840} INFO - DAG(s) 'example_complex' retrieved from /home/airflow/.local/lib/python3.12/site-packages/airflow/example_dags/example_complex.py
[2024-06-29T19:28:35.772+0000] {logging_mixin.py:188} INFO - [2024-06-29T19:28:35.771+0000] {dag.py:3096} INFO - Sync 1 DAGs
[2024-06-29T19:28:35.866+0000] {logging_mixin.py:188} INFO - [2024-06-29T19:28:35.866+0000] {dag.py:3954} INFO - Setting next_dagrun for example_complex to None, run_after=None
[2024-06-29T19:28:35.990+0000] {processor.py:183} INFO - Processing /home/airflow/.local/lib/python3.12/site-packages/airflow/example_dags/example_complex.py took 0.762 seconds
