[2024-06-29T19:27:01.740+0000] {processor.py:161} INFO - Started process (PID=88) to work on /home/airflow/.local/lib/python3.12/site-packages/airflow/example_dags/example_setup_teardown.py
[2024-06-29T19:27:01.743+0000] {processor.py:830} INFO - Processing file /home/airflow/.local/lib/python3.12/site-packages/airflow/example_dags/example_setup_teardown.py for tasks to queue
[2024-06-29T19:27:01.746+0000] {logging_mixin.py:188} INFO - [2024-06-29T19:27:01.745+0000] {dagbag.py:545} INFO - Filling up the DagBag from /home/airflow/.local/lib/python3.12/site-packages/airflow/example_dags/example_setup_teardown.py
[2024-06-29T19:27:01.760+0000] {processor.py:840} INFO - DAG(s) 'example_setup_teardown' retrieved from /home/airflow/.local/lib/python3.12/site-packages/airflow/example_dags/example_setup_teardown.py
[2024-06-29T19:27:02.053+0000] {logging_mixin.py:188} INFO - [2024-06-29T19:27:02.052+0000] {override.py:1829} INFO - Created Permission View: can delete on DAG:example_setup_teardown
[2024-06-29T19:27:02.076+0000] {logging_mixin.py:188} INFO - [2024-06-29T19:27:02.075+0000] {override.py:1829} INFO - Created Permission View: can read on DAG:example_setup_teardown
[2024-06-29T19:27:02.088+0000] {logging_mixin.py:188} INFO - [2024-06-29T19:27:02.088+0000] {override.py:1829} INFO - Created Permission View: can edit on DAG:example_setup_teardown
[2024-06-29T19:27:02.090+0000] {logging_mixin.py:188} INFO - [2024-06-29T19:27:02.089+0000] {dag.py:3096} INFO - Sync 1 DAGs
[2024-06-29T19:27:02.113+0000] {logging_mixin.py:188} INFO - [2024-06-29T19:27:02.113+0000] {dag.py:3118} INFO - Creating ORM DAG for example_setup_teardown
[2024-06-29T19:27:02.133+0000] {logging_mixin.py:188} INFO - [2024-06-29T19:27:02.132+0000] {dag.py:3954} INFO - Setting next_dagrun for example_setup_teardown to 2024-06-28 00:00:00+00:00, run_after=2024-06-29 00:00:00+00:00
[2024-06-29T19:27:02.167+0000] {processor.py:183} INFO - Processing /home/airflow/.local/lib/python3.12/site-packages/airflow/example_dags/example_setup_teardown.py took 0.435 seconds
[2024-06-29T19:27:36.929+0000] {processor.py:161} INFO - Started process (PID=147) to work on /home/airflow/.local/lib/python3.12/site-packages/airflow/example_dags/example_setup_teardown.py
[2024-06-29T19:27:37.036+0000] {processor.py:830} INFO - Processing file /home/airflow/.local/lib/python3.12/site-packages/airflow/example_dags/example_setup_teardown.py for tasks to queue
[2024-06-29T19:27:37.214+0000] {logging_mixin.py:188} INFO - [2024-06-29T19:27:37.210+0000] {dagbag.py:545} INFO - Filling up the DagBag from /home/airflow/.local/lib/python3.12/site-packages/airflow/example_dags/example_setup_teardown.py
[2024-06-29T19:27:37.542+0000] {processor.py:840} INFO - DAG(s) 'example_setup_teardown' retrieved from /home/airflow/.local/lib/python3.12/site-packages/airflow/example_dags/example_setup_teardown.py
[2024-06-29T19:27:38.036+0000] {logging_mixin.py:188} INFO - [2024-06-29T19:27:38.035+0000] {dag.py:3096} INFO - Sync 1 DAGs
[2024-06-29T19:27:38.953+0000] {logging_mixin.py:188} INFO - [2024-06-29T19:27:38.952+0000] {dag.py:3954} INFO - Setting next_dagrun for example_setup_teardown to 2024-06-28 00:00:00+00:00, run_after=2024-06-29 00:00:00+00:00
[2024-06-29T19:27:39.470+0000] {processor.py:183} INFO - Processing /home/airflow/.local/lib/python3.12/site-packages/airflow/example_dags/example_setup_teardown.py took 2.451 seconds
[2024-06-29T19:28:10.348+0000] {processor.py:161} INFO - Started process (PID=207) to work on /home/airflow/.local/lib/python3.12/site-packages/airflow/example_dags/example_setup_teardown.py
[2024-06-29T19:28:10.391+0000] {processor.py:830} INFO - Processing file /home/airflow/.local/lib/python3.12/site-packages/airflow/example_dags/example_setup_teardown.py for tasks to queue
[2024-06-29T19:28:10.479+0000] {logging_mixin.py:188} INFO - [2024-06-29T19:28:10.475+0000] {dagbag.py:545} INFO - Filling up the DagBag from /home/airflow/.local/lib/python3.12/site-packages/airflow/example_dags/example_setup_teardown.py
[2024-06-29T19:28:10.637+0000] {processor.py:840} INFO - DAG(s) 'example_setup_teardown' retrieved from /home/airflow/.local/lib/python3.12/site-packages/airflow/example_dags/example_setup_teardown.py
[2024-06-29T19:28:10.853+0000] {logging_mixin.py:188} INFO - [2024-06-29T19:28:10.852+0000] {dag.py:3096} INFO - Sync 1 DAGs
[2024-06-29T19:28:11.103+0000] {logging_mixin.py:188} INFO - [2024-06-29T19:28:11.103+0000] {dag.py:3954} INFO - Setting next_dagrun for example_setup_teardown to 2024-06-28 00:00:00+00:00, run_after=2024-06-29 00:00:00+00:00
[2024-06-29T19:28:11.250+0000] {processor.py:183} INFO - Processing /home/airflow/.local/lib/python3.12/site-packages/airflow/example_dags/example_setup_teardown.py took 1.041 seconds
[2024-06-29T19:28:41.414+0000] {processor.py:161} INFO - Started process (PID=266) to work on /home/airflow/.local/lib/python3.12/site-packages/airflow/example_dags/example_setup_teardown.py
[2024-06-29T19:28:41.416+0000] {processor.py:830} INFO - Processing file /home/airflow/.local/lib/python3.12/site-packages/airflow/example_dags/example_setup_teardown.py for tasks to queue
[2024-06-29T19:28:41.418+0000] {logging_mixin.py:188} INFO - [2024-06-29T19:28:41.418+0000] {dagbag.py:545} INFO - Filling up the DagBag from /home/airflow/.local/lib/python3.12/site-packages/airflow/example_dags/example_setup_teardown.py
[2024-06-29T19:28:41.431+0000] {processor.py:840} INFO - DAG(s) 'example_setup_teardown' retrieved from /home/airflow/.local/lib/python3.12/site-packages/airflow/example_dags/example_setup_teardown.py
[2024-06-29T19:28:41.460+0000] {logging_mixin.py:188} INFO - [2024-06-29T19:28:41.460+0000] {dag.py:3096} INFO - Sync 1 DAGs
[2024-06-29T19:28:41.491+0000] {logging_mixin.py:188} INFO - [2024-06-29T19:28:41.491+0000] {dag.py:3954} INFO - Setting next_dagrun for example_setup_teardown to 2024-06-28 00:00:00+00:00, run_after=2024-06-29 00:00:00+00:00
[2024-06-29T19:28:41.522+0000] {processor.py:183} INFO - Processing /home/airflow/.local/lib/python3.12/site-packages/airflow/example_dags/example_setup_teardown.py took 0.116 seconds
