[2024-06-29T19:26:49.164+0000] {processor.py:161} INFO - Started process (PID=57) to work on /home/airflow/.local/lib/python3.12/site-packages/airflow/example_dags/example_sensors.py
[2024-06-29T19:26:49.166+0000] {processor.py:830} INFO - Processing file /home/airflow/.local/lib/python3.12/site-packages/airflow/example_dags/example_sensors.py for tasks to queue
[2024-06-29T19:26:49.172+0000] {logging_mixin.py:188} INFO - [2024-06-29T19:26:49.170+0000] {dagbag.py:545} INFO - Filling up the DagBag from /home/airflow/.local/lib/python3.12/site-packages/airflow/example_dags/example_sensors.py
[2024-06-29T19:26:49.208+0000] {processor.py:840} INFO - DAG(s) 'example_sensors' retrieved from /home/airflow/.local/lib/python3.12/site-packages/airflow/example_dags/example_sensors.py
[2024-06-29T19:26:49.641+0000] {logging_mixin.py:188} INFO - [2024-06-29T19:26:49.640+0000] {override.py:1829} INFO - Created Permission View: can delete on DAG:example_sensors
[2024-06-29T19:26:49.665+0000] {logging_mixin.py:188} INFO - [2024-06-29T19:26:49.665+0000] {override.py:1829} INFO - Created Permission View: can read on DAG:example_sensors
[2024-06-29T19:26:49.679+0000] {logging_mixin.py:188} INFO - [2024-06-29T19:26:49.678+0000] {override.py:1829} INFO - Created Permission View: can edit on DAG:example_sensors
[2024-06-29T19:26:49.680+0000] {logging_mixin.py:188} INFO - [2024-06-29T19:26:49.680+0000] {dag.py:3096} INFO - Sync 1 DAGs
[2024-06-29T19:26:49.715+0000] {logging_mixin.py:188} INFO - [2024-06-29T19:26:49.715+0000] {dag.py:3118} INFO - Creating ORM DAG for example_sensors
[2024-06-29T19:26:49.718+0000] {logging_mixin.py:188} INFO - [2024-06-29T19:26:49.717+0000] {dag.py:3954} INFO - Setting next_dagrun for example_sensors to None, run_after=None
[2024-06-29T19:26:49.763+0000] {processor.py:183} INFO - Processing /home/airflow/.local/lib/python3.12/site-packages/airflow/example_dags/example_sensors.py took 0.618 seconds
[2024-06-29T19:27:19.941+0000] {processor.py:161} INFO - Started process (PID=116) to work on /home/airflow/.local/lib/python3.12/site-packages/airflow/example_dags/example_sensors.py
[2024-06-29T19:27:19.943+0000] {processor.py:830} INFO - Processing file /home/airflow/.local/lib/python3.12/site-packages/airflow/example_dags/example_sensors.py for tasks to queue
[2024-06-29T19:27:19.953+0000] {logging_mixin.py:188} INFO - [2024-06-29T19:27:19.949+0000] {dagbag.py:545} INFO - Filling up the DagBag from /home/airflow/.local/lib/python3.12/site-packages/airflow/example_dags/example_sensors.py
[2024-06-29T19:27:19.975+0000] {processor.py:840} INFO - DAG(s) 'example_sensors' retrieved from /home/airflow/.local/lib/python3.12/site-packages/airflow/example_dags/example_sensors.py
[2024-06-29T19:27:20.070+0000] {logging_mixin.py:188} INFO - [2024-06-29T19:27:20.069+0000] {dag.py:3096} INFO - Sync 1 DAGs
[2024-06-29T19:27:20.135+0000] {logging_mixin.py:188} INFO - [2024-06-29T19:27:20.135+0000] {dag.py:3954} INFO - Setting next_dagrun for example_sensors to None, run_after=None
[2024-06-29T19:27:20.190+0000] {processor.py:183} INFO - Processing /home/airflow/.local/lib/python3.12/site-packages/airflow/example_dags/example_sensors.py took 0.259 seconds
[2024-06-29T19:27:51.079+0000] {processor.py:161} INFO - Started process (PID=176) to work on /home/airflow/.local/lib/python3.12/site-packages/airflow/example_dags/example_sensors.py
[2024-06-29T19:27:51.084+0000] {processor.py:830} INFO - Processing file /home/airflow/.local/lib/python3.12/site-packages/airflow/example_dags/example_sensors.py for tasks to queue
[2024-06-29T19:27:51.092+0000] {logging_mixin.py:188} INFO - [2024-06-29T19:27:51.091+0000] {dagbag.py:545} INFO - Filling up the DagBag from /home/airflow/.local/lib/python3.12/site-packages/airflow/example_dags/example_sensors.py
[2024-06-29T19:27:51.130+0000] {processor.py:840} INFO - DAG(s) 'example_sensors' retrieved from /home/airflow/.local/lib/python3.12/site-packages/airflow/example_dags/example_sensors.py
[2024-06-29T19:27:51.237+0000] {logging_mixin.py:188} INFO - [2024-06-29T19:27:51.237+0000] {dag.py:3096} INFO - Sync 1 DAGs
[2024-06-29T19:27:51.300+0000] {logging_mixin.py:188} INFO - [2024-06-29T19:27:51.299+0000] {dag.py:3954} INFO - Setting next_dagrun for example_sensors to None, run_after=None
[2024-06-29T19:27:51.363+0000] {processor.py:183} INFO - Processing /home/airflow/.local/lib/python3.12/site-packages/airflow/example_dags/example_sensors.py took 0.298 seconds
[2024-06-29T19:28:27.088+0000] {processor.py:161} INFO - Started process (PID=234) to work on /home/airflow/.local/lib/python3.12/site-packages/airflow/example_dags/example_sensors.py
[2024-06-29T19:28:27.127+0000] {processor.py:830} INFO - Processing file /home/airflow/.local/lib/python3.12/site-packages/airflow/example_dags/example_sensors.py for tasks to queue
[2024-06-29T19:28:27.150+0000] {logging_mixin.py:188} INFO - [2024-06-29T19:28:27.149+0000] {dagbag.py:545} INFO - Filling up the DagBag from /home/airflow/.local/lib/python3.12/site-packages/airflow/example_dags/example_sensors.py
[2024-06-29T19:28:27.197+0000] {processor.py:840} INFO - DAG(s) 'example_sensors' retrieved from /home/airflow/.local/lib/python3.12/site-packages/airflow/example_dags/example_sensors.py
[2024-06-29T19:28:27.324+0000] {logging_mixin.py:188} INFO - [2024-06-29T19:28:27.323+0000] {dag.py:3096} INFO - Sync 1 DAGs
[2024-06-29T19:28:27.488+0000] {logging_mixin.py:188} INFO - [2024-06-29T19:28:27.487+0000] {dag.py:3954} INFO - Setting next_dagrun for example_sensors to None, run_after=None
[2024-06-29T19:28:27.596+0000] {processor.py:183} INFO - Processing /home/airflow/.local/lib/python3.12/site-packages/airflow/example_dags/example_sensors.py took 0.831 seconds
[2024-06-29T19:29:02.691+0000] {processor.py:161} INFO - Started process (PID=293) to work on /home/airflow/.local/lib/python3.12/site-packages/airflow/example_dags/example_sensors.py
[2024-06-29T19:29:02.720+0000] {processor.py:830} INFO - Processing file /home/airflow/.local/lib/python3.12/site-packages/airflow/example_dags/example_sensors.py for tasks to queue
[2024-06-29T19:29:02.733+0000] {logging_mixin.py:188} INFO - [2024-06-29T19:29:02.727+0000] {dagbag.py:545} INFO - Filling up the DagBag from /home/airflow/.local/lib/python3.12/site-packages/airflow/example_dags/example_sensors.py
[2024-06-29T19:29:02.907+0000] {processor.py:840} INFO - DAG(s) 'example_sensors' retrieved from /home/airflow/.local/lib/python3.12/site-packages/airflow/example_dags/example_sensors.py
[2024-06-29T19:29:03.588+0000] {logging_mixin.py:188} INFO - [2024-06-29T19:29:03.587+0000] {dag.py:3096} INFO - Sync 1 DAGs
[2024-06-29T19:29:03.873+0000] {logging_mixin.py:188} INFO - [2024-06-29T19:29:03.873+0000] {dag.py:3954} INFO - Setting next_dagrun for example_sensors to None, run_after=None
[2024-06-29T19:29:04.127+0000] {processor.py:183} INFO - Processing /home/airflow/.local/lib/python3.12/site-packages/airflow/example_dags/example_sensors.py took 1.470 seconds
