[2024-06-29T19:27:02.801+0000] {processor.py:161} INFO - Started process (PID=90) to work on /home/airflow/.local/lib/python3.12/site-packages/airflow/example_dags/example_latest_only_with_trigger.py
[2024-06-29T19:27:02.804+0000] {processor.py:830} INFO - Processing file /home/airflow/.local/lib/python3.12/site-packages/airflow/example_dags/example_latest_only_with_trigger.py for tasks to queue
[2024-06-29T19:27:02.810+0000] {logging_mixin.py:188} INFO - [2024-06-29T19:27:02.810+0000] {dagbag.py:545} INFO - Filling up the DagBag from /home/airflow/.local/lib/python3.12/site-packages/airflow/example_dags/example_latest_only_with_trigger.py
[2024-06-29T19:27:02.836+0000] {processor.py:840} INFO - DAG(s) 'latest_only_with_trigger' retrieved from /home/airflow/.local/lib/python3.12/site-packages/airflow/example_dags/example_latest_only_with_trigger.py
[2024-06-29T19:27:03.111+0000] {logging_mixin.py:188} INFO - [2024-06-29T19:27:03.109+0000] {override.py:1829} INFO - Created Permission View: can delete on DAG:latest_only_with_trigger
[2024-06-29T19:27:03.132+0000] {logging_mixin.py:188} INFO - [2024-06-29T19:27:03.132+0000] {override.py:1829} INFO - Created Permission View: can read on DAG:latest_only_with_trigger
[2024-06-29T19:27:03.147+0000] {logging_mixin.py:188} INFO - [2024-06-29T19:27:03.146+0000] {override.py:1829} INFO - Created Permission View: can edit on DAG:latest_only_with_trigger
[2024-06-29T19:27:03.149+0000] {logging_mixin.py:188} INFO - [2024-06-29T19:27:03.148+0000] {dag.py:3096} INFO - Sync 1 DAGs
[2024-06-29T19:27:03.171+0000] {logging_mixin.py:188} INFO - [2024-06-29T19:27:03.170+0000] {dag.py:3118} INFO - Creating ORM DAG for latest_only_with_trigger
[2024-06-29T19:27:03.190+0000] {logging_mixin.py:188} INFO - [2024-06-29T19:27:03.190+0000] {dag.py:3954} INFO - Setting next_dagrun for latest_only_with_trigger to 2024-06-29 12:00:00+00:00, run_after=2024-06-29 16:00:00+00:00
[2024-06-29T19:27:03.231+0000] {processor.py:183} INFO - Processing /home/airflow/.local/lib/python3.12/site-packages/airflow/example_dags/example_latest_only_with_trigger.py took 0.462 seconds
[2024-06-29T19:27:40.169+0000] {processor.py:161} INFO - Started process (PID=150) to work on /home/airflow/.local/lib/python3.12/site-packages/airflow/example_dags/example_latest_only_with_trigger.py
[2024-06-29T19:27:40.175+0000] {processor.py:830} INFO - Processing file /home/airflow/.local/lib/python3.12/site-packages/airflow/example_dags/example_latest_only_with_trigger.py for tasks to queue
[2024-06-29T19:27:40.188+0000] {logging_mixin.py:188} INFO - [2024-06-29T19:27:40.184+0000] {dagbag.py:545} INFO - Filling up the DagBag from /home/airflow/.local/lib/python3.12/site-packages/airflow/example_dags/example_latest_only_with_trigger.py
[2024-06-29T19:27:40.224+0000] {processor.py:840} INFO - DAG(s) 'latest_only_with_trigger' retrieved from /home/airflow/.local/lib/python3.12/site-packages/airflow/example_dags/example_latest_only_with_trigger.py
[2024-06-29T19:27:40.340+0000] {logging_mixin.py:188} INFO - [2024-06-29T19:27:40.332+0000] {dag.py:3096} INFO - Sync 1 DAGs
[2024-06-29T19:27:40.482+0000] {logging_mixin.py:188} INFO - [2024-06-29T19:27:40.482+0000] {dag.py:3954} INFO - Setting next_dagrun for latest_only_with_trigger to 2024-06-29 12:00:00+00:00, run_after=2024-06-29 16:00:00+00:00
[2024-06-29T19:27:40.720+0000] {processor.py:183} INFO - Processing /home/airflow/.local/lib/python3.12/site-packages/airflow/example_dags/example_latest_only_with_trigger.py took 0.589 seconds
[2024-06-29T19:28:11.482+0000] {processor.py:161} INFO - Started process (PID=210) to work on /home/airflow/.local/lib/python3.12/site-packages/airflow/example_dags/example_latest_only_with_trigger.py
[2024-06-29T19:28:11.494+0000] {processor.py:830} INFO - Processing file /home/airflow/.local/lib/python3.12/site-packages/airflow/example_dags/example_latest_only_with_trigger.py for tasks to queue
[2024-06-29T19:28:11.514+0000] {logging_mixin.py:188} INFO - [2024-06-29T19:28:11.513+0000] {dagbag.py:545} INFO - Filling up the DagBag from /home/airflow/.local/lib/python3.12/site-packages/airflow/example_dags/example_latest_only_with_trigger.py
[2024-06-29T19:28:11.551+0000] {processor.py:840} INFO - DAG(s) 'latest_only_with_trigger' retrieved from /home/airflow/.local/lib/python3.12/site-packages/airflow/example_dags/example_latest_only_with_trigger.py
[2024-06-29T19:28:11.912+0000] {logging_mixin.py:188} INFO - [2024-06-29T19:28:11.910+0000] {dag.py:3096} INFO - Sync 1 DAGs
[2024-06-29T19:28:12.078+0000] {logging_mixin.py:188} INFO - [2024-06-29T19:28:12.077+0000] {dag.py:3954} INFO - Setting next_dagrun for latest_only_with_trigger to 2024-06-29 12:00:00+00:00, run_after=2024-06-29 16:00:00+00:00
[2024-06-29T19:28:12.224+0000] {processor.py:183} INFO - Processing /home/airflow/.local/lib/python3.12/site-packages/airflow/example_dags/example_latest_only_with_trigger.py took 0.773 seconds
[2024-06-29T19:28:42.745+0000] {processor.py:161} INFO - Started process (PID=268) to work on /home/airflow/.local/lib/python3.12/site-packages/airflow/example_dags/example_latest_only_with_trigger.py
[2024-06-29T19:28:42.847+0000] {processor.py:830} INFO - Processing file /home/airflow/.local/lib/python3.12/site-packages/airflow/example_dags/example_latest_only_with_trigger.py for tasks to queue
[2024-06-29T19:28:42.856+0000] {logging_mixin.py:188} INFO - [2024-06-29T19:28:42.855+0000] {dagbag.py:545} INFO - Filling up the DagBag from /home/airflow/.local/lib/python3.12/site-packages/airflow/example_dags/example_latest_only_with_trigger.py
[2024-06-29T19:28:43.155+0000] {processor.py:840} INFO - DAG(s) 'latest_only_with_trigger' retrieved from /home/airflow/.local/lib/python3.12/site-packages/airflow/example_dags/example_latest_only_with_trigger.py
[2024-06-29T19:28:43.466+0000] {logging_mixin.py:188} INFO - [2024-06-29T19:28:43.464+0000] {dag.py:3096} INFO - Sync 1 DAGs
[2024-06-29T19:28:43.788+0000] {logging_mixin.py:188} INFO - [2024-06-29T19:28:43.786+0000] {dag.py:3954} INFO - Setting next_dagrun for latest_only_with_trigger to 2024-06-29 12:00:00+00:00, run_after=2024-06-29 16:00:00+00:00
[2024-06-29T19:28:44.019+0000] {processor.py:183} INFO - Processing /home/airflow/.local/lib/python3.12/site-packages/airflow/example_dags/example_latest_only_with_trigger.py took 1.286 seconds
