[2024-06-29T19:26:49.313+0000] {processor.py:161} INFO - Started process (PID=58) to work on /home/airflow/.local/lib/python3.12/site-packages/airflow/example_dags/example_sla_dag.py
[2024-06-29T19:26:49.318+0000] {processor.py:830} INFO - Processing file /home/airflow/.local/lib/python3.12/site-packages/airflow/example_dags/example_sla_dag.py for tasks to queue
[2024-06-29T19:26:49.327+0000] {logging_mixin.py:188} INFO - [2024-06-29T19:26:49.325+0000] {dagbag.py:545} INFO - Filling up the DagBag from /home/airflow/.local/lib/python3.12/site-packages/airflow/example_dags/example_sla_dag.py
[2024-06-29T19:26:49.421+0000] {processor.py:840} INFO - DAG(s) 'example_sla_dag' retrieved from /home/airflow/.local/lib/python3.12/site-packages/airflow/example_dags/example_sla_dag.py
[2024-06-29T19:26:49.806+0000] {logging_mixin.py:188} INFO - [2024-06-29T19:26:49.805+0000] {override.py:1829} INFO - Created Permission View: can delete on DAG:example_sla_dag
[2024-06-29T19:26:50.500+0000] {logging_mixin.py:188} INFO - [2024-06-29T19:26:50.500+0000] {override.py:1829} INFO - Created Permission View: can read on DAG:example_sla_dag
[2024-06-29T19:26:50.869+0000] {logging_mixin.py:188} INFO - [2024-06-29T19:26:50.867+0000] {override.py:1829} INFO - Created Permission View: can edit on DAG:example_sla_dag
[2024-06-29T19:26:50.871+0000] {logging_mixin.py:188} INFO - [2024-06-29T19:26:50.870+0000] {dag.py:3096} INFO - Sync 1 DAGs
[2024-06-29T19:26:50.891+0000] {logging_mixin.py:188} INFO - [2024-06-29T19:26:50.890+0000] {dag.py:3118} INFO - Creating ORM DAG for example_sla_dag
[2024-06-29T19:26:50.903+0000] {logging_mixin.py:188} INFO - [2024-06-29T19:26:50.903+0000] {dag.py:3954} INFO - Setting next_dagrun for example_sla_dag to 2024-06-29 19:24:00+00:00, run_after=2024-06-29 19:26:00+00:00
[2024-06-29T19:26:50.937+0000] {processor.py:183} INFO - Processing /home/airflow/.local/lib/python3.12/site-packages/airflow/example_dags/example_sla_dag.py took 1.643 seconds
[2024-06-29T19:27:21.017+0000] {processor.py:161} INFO - Started process (PID=117) to work on /home/airflow/.local/lib/python3.12/site-packages/airflow/example_dags/example_sla_dag.py
[2024-06-29T19:27:21.019+0000] {processor.py:830} INFO - Processing file /home/airflow/.local/lib/python3.12/site-packages/airflow/example_dags/example_sla_dag.py for tasks to queue
[2024-06-29T19:27:21.021+0000] {logging_mixin.py:188} INFO - [2024-06-29T19:27:21.020+0000] {dagbag.py:545} INFO - Filling up the DagBag from /home/airflow/.local/lib/python3.12/site-packages/airflow/example_dags/example_sla_dag.py
[2024-06-29T19:27:21.034+0000] {processor.py:840} INFO - DAG(s) 'example_sla_dag' retrieved from /home/airflow/.local/lib/python3.12/site-packages/airflow/example_dags/example_sla_dag.py
[2024-06-29T19:27:21.067+0000] {logging_mixin.py:188} INFO - [2024-06-29T19:27:21.066+0000] {dag.py:3096} INFO - Sync 1 DAGs
[2024-06-29T19:27:21.100+0000] {logging_mixin.py:188} INFO - [2024-06-29T19:27:21.099+0000] {dag.py:3954} INFO - Setting next_dagrun for example_sla_dag to 2024-06-29 19:24:00+00:00, run_after=2024-06-29 19:26:00+00:00
[2024-06-29T19:27:21.137+0000] {processor.py:183} INFO - Processing /home/airflow/.local/lib/python3.12/site-packages/airflow/example_dags/example_sla_dag.py took 0.127 seconds
[2024-06-29T19:27:51.513+0000] {processor.py:161} INFO - Started process (PID=177) to work on /home/airflow/.local/lib/python3.12/site-packages/airflow/example_dags/example_sla_dag.py
[2024-06-29T19:27:51.515+0000] {processor.py:830} INFO - Processing file /home/airflow/.local/lib/python3.12/site-packages/airflow/example_dags/example_sla_dag.py for tasks to queue
[2024-06-29T19:27:51.529+0000] {logging_mixin.py:188} INFO - [2024-06-29T19:27:51.528+0000] {dagbag.py:545} INFO - Filling up the DagBag from /home/airflow/.local/lib/python3.12/site-packages/airflow/example_dags/example_sla_dag.py
[2024-06-29T19:27:51.574+0000] {processor.py:840} INFO - DAG(s) 'example_sla_dag' retrieved from /home/airflow/.local/lib/python3.12/site-packages/airflow/example_dags/example_sla_dag.py
[2024-06-29T19:27:51.631+0000] {logging_mixin.py:188} INFO - [2024-06-29T19:27:51.630+0000] {dag.py:3096} INFO - Sync 1 DAGs
[2024-06-29T19:27:51.698+0000] {logging_mixin.py:188} INFO - [2024-06-29T19:27:51.691+0000] {dag.py:3954} INFO - Setting next_dagrun for example_sla_dag to 2024-06-29 19:24:00+00:00, run_after=2024-06-29 19:26:00+00:00
[2024-06-29T19:27:51.779+0000] {processor.py:183} INFO - Processing /home/airflow/.local/lib/python3.12/site-packages/airflow/example_dags/example_sla_dag.py took 0.290 seconds
[2024-06-29T19:28:27.733+0000] {processor.py:161} INFO - Started process (PID=235) to work on /home/airflow/.local/lib/python3.12/site-packages/airflow/example_dags/example_sla_dag.py
[2024-06-29T19:28:27.740+0000] {processor.py:830} INFO - Processing file /home/airflow/.local/lib/python3.12/site-packages/airflow/example_dags/example_sla_dag.py for tasks to queue
[2024-06-29T19:28:27.747+0000] {logging_mixin.py:188} INFO - [2024-06-29T19:28:27.746+0000] {dagbag.py:545} INFO - Filling up the DagBag from /home/airflow/.local/lib/python3.12/site-packages/airflow/example_dags/example_sla_dag.py
[2024-06-29T19:28:27.802+0000] {processor.py:840} INFO - DAG(s) 'example_sla_dag' retrieved from /home/airflow/.local/lib/python3.12/site-packages/airflow/example_dags/example_sla_dag.py
[2024-06-29T19:28:27.937+0000] {logging_mixin.py:188} INFO - [2024-06-29T19:28:27.935+0000] {dag.py:3096} INFO - Sync 1 DAGs
[2024-06-29T19:28:28.084+0000] {logging_mixin.py:188} INFO - [2024-06-29T19:28:28.084+0000] {dag.py:3954} INFO - Setting next_dagrun for example_sla_dag to 2024-06-29 19:26:00+00:00, run_after=2024-06-29 19:28:00+00:00
[2024-06-29T19:28:28.191+0000] {processor.py:183} INFO - Processing /home/airflow/.local/lib/python3.12/site-packages/airflow/example_dags/example_sla_dag.py took 0.482 seconds
[2024-06-29T19:29:04.302+0000] {processor.py:161} INFO - Started process (PID=294) to work on /home/airflow/.local/lib/python3.12/site-packages/airflow/example_dags/example_sla_dag.py
[2024-06-29T19:29:04.304+0000] {processor.py:830} INFO - Processing file /home/airflow/.local/lib/python3.12/site-packages/airflow/example_dags/example_sla_dag.py for tasks to queue
[2024-06-29T19:29:04.314+0000] {logging_mixin.py:188} INFO - [2024-06-29T19:29:04.313+0000] {dagbag.py:545} INFO - Filling up the DagBag from /home/airflow/.local/lib/python3.12/site-packages/airflow/example_dags/example_sla_dag.py
[2024-06-29T19:29:04.641+0000] {processor.py:840} INFO - DAG(s) 'example_sla_dag' retrieved from /home/airflow/.local/lib/python3.12/site-packages/airflow/example_dags/example_sla_dag.py
[2024-06-29T19:29:05.435+0000] {logging_mixin.py:188} INFO - [2024-06-29T19:29:05.426+0000] {dag.py:3096} INFO - Sync 1 DAGs
[2024-06-29T19:29:05.873+0000] {logging_mixin.py:188} INFO - [2024-06-29T19:29:05.872+0000] {dag.py:3954} INFO - Setting next_dagrun for example_sla_dag to 2024-06-29 19:26:00+00:00, run_after=2024-06-29 19:28:00+00:00
[2024-06-29T19:29:06.092+0000] {processor.py:183} INFO - Processing /home/airflow/.local/lib/python3.12/site-packages/airflow/example_dags/example_sla_dag.py took 1.804 seconds
