[2024-06-29T19:26:48.816+0000] {processor.py:161} INFO - Started process (PID=56) to work on /home/airflow/.local/lib/python3.12/site-packages/airflow/example_dags/example_sensor_decorator.py
[2024-06-29T19:26:48.817+0000] {processor.py:830} INFO - Processing file /home/airflow/.local/lib/python3.12/site-packages/airflow/example_dags/example_sensor_decorator.py for tasks to queue
[2024-06-29T19:26:48.821+0000] {logging_mixin.py:188} INFO - [2024-06-29T19:26:48.820+0000] {dagbag.py:545} INFO - Filling up the DagBag from /home/airflow/.local/lib/python3.12/site-packages/airflow/example_dags/example_sensor_decorator.py
[2024-06-29T19:26:48.836+0000] {processor.py:840} INFO - DAG(s) 'example_sensor_decorator' retrieved from /home/airflow/.local/lib/python3.12/site-packages/airflow/example_dags/example_sensor_decorator.py
[2024-06-29T19:26:49.125+0000] {logging_mixin.py:188} INFO - [2024-06-29T19:26:49.124+0000] {override.py:1829} INFO - Created Permission View: can delete on DAG:example_sensor_decorator
[2024-06-29T19:26:49.149+0000] {logging_mixin.py:188} INFO - [2024-06-29T19:26:49.149+0000] {override.py:1829} INFO - Created Permission View: can read on DAG:example_sensor_decorator
[2024-06-29T19:26:49.163+0000] {logging_mixin.py:188} INFO - [2024-06-29T19:26:49.163+0000] {override.py:1829} INFO - Created Permission View: can edit on DAG:example_sensor_decorator
[2024-06-29T19:26:49.166+0000] {logging_mixin.py:188} INFO - [2024-06-29T19:26:49.165+0000] {dag.py:3096} INFO - Sync 1 DAGs
[2024-06-29T19:26:49.198+0000] {logging_mixin.py:188} INFO - [2024-06-29T19:26:49.198+0000] {dag.py:3118} INFO - Creating ORM DAG for example_sensor_decorator
[2024-06-29T19:26:49.200+0000] {logging_mixin.py:188} INFO - [2024-06-29T19:26:49.200+0000] {dag.py:3954} INFO - Setting next_dagrun for example_sensor_decorator to None, run_after=None
[2024-06-29T19:26:49.241+0000] {processor.py:183} INFO - Processing /home/airflow/.local/lib/python3.12/site-packages/airflow/example_dags/example_sensor_decorator.py took 0.436 seconds
[2024-06-29T19:27:19.623+0000] {processor.py:161} INFO - Started process (PID=115) to work on /home/airflow/.local/lib/python3.12/site-packages/airflow/example_dags/example_sensor_decorator.py
[2024-06-29T19:27:19.632+0000] {processor.py:830} INFO - Processing file /home/airflow/.local/lib/python3.12/site-packages/airflow/example_dags/example_sensor_decorator.py for tasks to queue
[2024-06-29T19:27:19.646+0000] {logging_mixin.py:188} INFO - [2024-06-29T19:27:19.642+0000] {dagbag.py:545} INFO - Filling up the DagBag from /home/airflow/.local/lib/python3.12/site-packages/airflow/example_dags/example_sensor_decorator.py
[2024-06-29T19:27:19.699+0000] {processor.py:840} INFO - DAG(s) 'example_sensor_decorator' retrieved from /home/airflow/.local/lib/python3.12/site-packages/airflow/example_dags/example_sensor_decorator.py
[2024-06-29T19:27:19.814+0000] {logging_mixin.py:188} INFO - [2024-06-29T19:27:19.813+0000] {dag.py:3096} INFO - Sync 1 DAGs
[2024-06-29T19:27:19.861+0000] {logging_mixin.py:188} INFO - [2024-06-29T19:27:19.859+0000] {dag.py:3954} INFO - Setting next_dagrun for example_sensor_decorator to None, run_after=None
[2024-06-29T19:27:19.924+0000] {processor.py:183} INFO - Processing /home/airflow/.local/lib/python3.12/site-packages/airflow/example_dags/example_sensor_decorator.py took 0.340 seconds
[2024-06-29T19:27:50.765+0000] {processor.py:161} INFO - Started process (PID=175) to work on /home/airflow/.local/lib/python3.12/site-packages/airflow/example_dags/example_sensor_decorator.py
[2024-06-29T19:27:50.769+0000] {processor.py:830} INFO - Processing file /home/airflow/.local/lib/python3.12/site-packages/airflow/example_dags/example_sensor_decorator.py for tasks to queue
[2024-06-29T19:27:50.783+0000] {logging_mixin.py:188} INFO - [2024-06-29T19:27:50.782+0000] {dagbag.py:545} INFO - Filling up the DagBag from /home/airflow/.local/lib/python3.12/site-packages/airflow/example_dags/example_sensor_decorator.py
[2024-06-29T19:27:50.812+0000] {processor.py:840} INFO - DAG(s) 'example_sensor_decorator' retrieved from /home/airflow/.local/lib/python3.12/site-packages/airflow/example_dags/example_sensor_decorator.py
[2024-06-29T19:27:50.892+0000] {logging_mixin.py:188} INFO - [2024-06-29T19:27:50.891+0000] {dag.py:3096} INFO - Sync 1 DAGs
[2024-06-29T19:27:50.946+0000] {logging_mixin.py:188} INFO - [2024-06-29T19:27:50.945+0000] {dag.py:3954} INFO - Setting next_dagrun for example_sensor_decorator to None, run_after=None
[2024-06-29T19:27:51.038+0000] {processor.py:183} INFO - Processing /home/airflow/.local/lib/python3.12/site-packages/airflow/example_dags/example_sensor_decorator.py took 0.297 seconds
[2024-06-29T19:28:26.396+0000] {processor.py:161} INFO - Started process (PID=233) to work on /home/airflow/.local/lib/python3.12/site-packages/airflow/example_dags/example_sensor_decorator.py
[2024-06-29T19:28:26.410+0000] {processor.py:830} INFO - Processing file /home/airflow/.local/lib/python3.12/site-packages/airflow/example_dags/example_sensor_decorator.py for tasks to queue
[2024-06-29T19:28:26.541+0000] {logging_mixin.py:188} INFO - [2024-06-29T19:28:26.540+0000] {dagbag.py:545} INFO - Filling up the DagBag from /home/airflow/.local/lib/python3.12/site-packages/airflow/example_dags/example_sensor_decorator.py
[2024-06-29T19:28:26.604+0000] {processor.py:840} INFO - DAG(s) 'example_sensor_decorator' retrieved from /home/airflow/.local/lib/python3.12/site-packages/airflow/example_dags/example_sensor_decorator.py
[2024-06-29T19:28:26.728+0000] {logging_mixin.py:188} INFO - [2024-06-29T19:28:26.727+0000] {dag.py:3096} INFO - Sync 1 DAGs
[2024-06-29T19:28:26.839+0000] {logging_mixin.py:188} INFO - [2024-06-29T19:28:26.838+0000] {dag.py:3954} INFO - Setting next_dagrun for example_sensor_decorator to None, run_after=None
[2024-06-29T19:28:27.087+0000] {processor.py:183} INFO - Processing /home/airflow/.local/lib/python3.12/site-packages/airflow/example_dags/example_sensor_decorator.py took 0.944 seconds
[2024-06-29T19:29:00.702+0000] {processor.py:161} INFO - Started process (PID=291) to work on /home/airflow/.local/lib/python3.12/site-packages/airflow/example_dags/example_sensor_decorator.py
[2024-06-29T19:29:00.761+0000] {processor.py:830} INFO - Processing file /home/airflow/.local/lib/python3.12/site-packages/airflow/example_dags/example_sensor_decorator.py for tasks to queue
[2024-06-29T19:29:00.764+0000] {logging_mixin.py:188} INFO - [2024-06-29T19:29:00.764+0000] {dagbag.py:545} INFO - Filling up the DagBag from /home/airflow/.local/lib/python3.12/site-packages/airflow/example_dags/example_sensor_decorator.py
[2024-06-29T19:29:00.776+0000] {processor.py:840} INFO - DAG(s) 'example_sensor_decorator' retrieved from /home/airflow/.local/lib/python3.12/site-packages/airflow/example_dags/example_sensor_decorator.py
[2024-06-29T19:29:01.341+0000] {logging_mixin.py:188} INFO - [2024-06-29T19:29:01.337+0000] {dag.py:3096} INFO - Sync 1 DAGs
[2024-06-29T19:29:01.652+0000] {logging_mixin.py:188} INFO - [2024-06-29T19:29:01.652+0000] {dag.py:3954} INFO - Setting next_dagrun for example_sensor_decorator to None, run_after=None
[2024-06-29T19:29:01.879+0000] {processor.py:183} INFO - Processing /home/airflow/.local/lib/python3.12/site-packages/airflow/example_dags/example_sensor_decorator.py took 1.187 seconds
