[2024-06-29T19:26:59.492+0000] {processor.py:161} INFO - Started process (PID=80) to work on /home/airflow/.local/lib/python3.12/site-packages/airflow/example_dags/example_short_circuit_operator.py
[2024-06-29T19:26:59.494+0000] {processor.py:830} INFO - Processing file /home/airflow/.local/lib/python3.12/site-packages/airflow/example_dags/example_short_circuit_operator.py for tasks to queue
[2024-06-29T19:26:59.498+0000] {logging_mixin.py:188} INFO - [2024-06-29T19:26:59.497+0000] {dagbag.py:545} INFO - Filling up the DagBag from /home/airflow/.local/lib/python3.12/site-packages/airflow/example_dags/example_short_circuit_operator.py
[2024-06-29T19:26:59.520+0000] {processor.py:840} INFO - DAG(s) 'example_short_circuit_operator' retrieved from /home/airflow/.local/lib/python3.12/site-packages/airflow/example_dags/example_short_circuit_operator.py
[2024-06-29T19:26:59.738+0000] {logging_mixin.py:188} INFO - [2024-06-29T19:26:59.737+0000] {override.py:1829} INFO - Created Permission View: can delete on DAG:example_short_circuit_operator
[2024-06-29T19:26:59.766+0000] {logging_mixin.py:188} INFO - [2024-06-29T19:26:59.765+0000] {override.py:1829} INFO - Created Permission View: can read on DAG:example_short_circuit_operator
[2024-06-29T19:26:59.785+0000] {logging_mixin.py:188} INFO - [2024-06-29T19:26:59.783+0000] {override.py:1829} INFO - Created Permission View: can edit on DAG:example_short_circuit_operator
[2024-06-29T19:26:59.788+0000] {logging_mixin.py:188} INFO - [2024-06-29T19:26:59.786+0000] {dag.py:3096} INFO - Sync 1 DAGs
[2024-06-29T19:26:59.811+0000] {logging_mixin.py:188} INFO - [2024-06-29T19:26:59.811+0000] {dag.py:3118} INFO - Creating ORM DAG for example_short_circuit_operator
[2024-06-29T19:26:59.844+0000] {logging_mixin.py:188} INFO - [2024-06-29T19:26:59.843+0000] {dag.py:3954} INFO - Setting next_dagrun for example_short_circuit_operator to 2024-06-28 00:00:00+00:00, run_after=2024-06-29 00:00:00+00:00
[2024-06-29T19:26:59.892+0000] {processor.py:183} INFO - Processing /home/airflow/.local/lib/python3.12/site-packages/airflow/example_dags/example_short_circuit_operator.py took 0.410 seconds
[2024-06-29T19:27:33.243+0000] {processor.py:161} INFO - Started process (PID=139) to work on /home/airflow/.local/lib/python3.12/site-packages/airflow/example_dags/example_short_circuit_operator.py
[2024-06-29T19:27:33.291+0000] {processor.py:830} INFO - Processing file /home/airflow/.local/lib/python3.12/site-packages/airflow/example_dags/example_short_circuit_operator.py for tasks to queue
[2024-06-29T19:27:33.330+0000] {logging_mixin.py:188} INFO - [2024-06-29T19:27:33.329+0000] {dagbag.py:545} INFO - Filling up the DagBag from /home/airflow/.local/lib/python3.12/site-packages/airflow/example_dags/example_short_circuit_operator.py
[2024-06-29T19:27:33.493+0000] {processor.py:840} INFO - DAG(s) 'example_short_circuit_operator' retrieved from /home/airflow/.local/lib/python3.12/site-packages/airflow/example_dags/example_short_circuit_operator.py
[2024-06-29T19:27:33.830+0000] {logging_mixin.py:188} INFO - [2024-06-29T19:27:33.819+0000] {dag.py:3096} INFO - Sync 1 DAGs
[2024-06-29T19:27:34.055+0000] {logging_mixin.py:188} INFO - [2024-06-29T19:27:34.055+0000] {dag.py:3954} INFO - Setting next_dagrun for example_short_circuit_operator to 2024-06-28 00:00:00+00:00, run_after=2024-06-29 00:00:00+00:00
[2024-06-29T19:27:34.089+0000] {processor.py:183} INFO - Processing /home/airflow/.local/lib/python3.12/site-packages/airflow/example_dags/example_short_circuit_operator.py took 0.981 seconds
[2024-06-29T19:28:04.973+0000] {processor.py:161} INFO - Started process (PID=199) to work on /home/airflow/.local/lib/python3.12/site-packages/airflow/example_dags/example_short_circuit_operator.py
[2024-06-29T19:28:04.978+0000] {processor.py:830} INFO - Processing file /home/airflow/.local/lib/python3.12/site-packages/airflow/example_dags/example_short_circuit_operator.py for tasks to queue
[2024-06-29T19:28:04.991+0000] {logging_mixin.py:188} INFO - [2024-06-29T19:28:04.990+0000] {dagbag.py:545} INFO - Filling up the DagBag from /home/airflow/.local/lib/python3.12/site-packages/airflow/example_dags/example_short_circuit_operator.py
[2024-06-29T19:28:05.028+0000] {processor.py:840} INFO - DAG(s) 'example_short_circuit_operator' retrieved from /home/airflow/.local/lib/python3.12/site-packages/airflow/example_dags/example_short_circuit_operator.py
[2024-06-29T19:28:05.128+0000] {logging_mixin.py:188} INFO - [2024-06-29T19:28:05.124+0000] {dag.py:3096} INFO - Sync 1 DAGs
[2024-06-29T19:28:05.189+0000] {logging_mixin.py:188} INFO - [2024-06-29T19:28:05.188+0000] {dag.py:3954} INFO - Setting next_dagrun for example_short_circuit_operator to 2024-06-28 00:00:00+00:00, run_after=2024-06-29 00:00:00+00:00
[2024-06-29T19:28:05.262+0000] {processor.py:183} INFO - Processing /home/airflow/.local/lib/python3.12/site-packages/airflow/example_dags/example_short_circuit_operator.py took 0.324 seconds
[2024-06-29T19:28:39.634+0000] {processor.py:161} INFO - Started process (PID=257) to work on /home/airflow/.local/lib/python3.12/site-packages/airflow/example_dags/example_short_circuit_operator.py
[2024-06-29T19:28:39.644+0000] {processor.py:830} INFO - Processing file /home/airflow/.local/lib/python3.12/site-packages/airflow/example_dags/example_short_circuit_operator.py for tasks to queue
[2024-06-29T19:28:39.659+0000] {logging_mixin.py:188} INFO - [2024-06-29T19:28:39.658+0000] {dagbag.py:545} INFO - Filling up the DagBag from /home/airflow/.local/lib/python3.12/site-packages/airflow/example_dags/example_short_circuit_operator.py
[2024-06-29T19:28:39.701+0000] {processor.py:840} INFO - DAG(s) 'example_short_circuit_operator' retrieved from /home/airflow/.local/lib/python3.12/site-packages/airflow/example_dags/example_short_circuit_operator.py
[2024-06-29T19:28:39.809+0000] {logging_mixin.py:188} INFO - [2024-06-29T19:28:39.808+0000] {dag.py:3096} INFO - Sync 1 DAGs
[2024-06-29T19:28:39.926+0000] {logging_mixin.py:188} INFO - [2024-06-29T19:28:39.924+0000] {dag.py:3954} INFO - Setting next_dagrun for example_short_circuit_operator to 2024-06-28 00:00:00+00:00, run_after=2024-06-29 00:00:00+00:00
[2024-06-29T19:28:40.003+0000] {processor.py:183} INFO - Processing /home/airflow/.local/lib/python3.12/site-packages/airflow/example_dags/example_short_circuit_operator.py took 0.398 seconds
