[2024-06-29T19:26:58.117+0000] {processor.py:161} INFO - Started process (PID=76) to work on /home/airflow/.local/lib/python3.12/site-packages/airflow/example_dags/example_xcomargs.py
[2024-06-29T19:26:58.119+0000] {processor.py:830} INFO - Processing file /home/airflow/.local/lib/python3.12/site-packages/airflow/example_dags/example_xcomargs.py for tasks to queue
[2024-06-29T19:26:58.123+0000] {logging_mixin.py:188} INFO - [2024-06-29T19:26:58.122+0000] {dagbag.py:545} INFO - Filling up the DagBag from /home/airflow/.local/lib/python3.12/site-packages/airflow/example_dags/example_xcomargs.py
[2024-06-29T19:26:58.151+0000] {processor.py:840} INFO - DAG(s) 'example_xcom_args', 'example_xcom_args_with_operators' retrieved from /home/airflow/.local/lib/python3.12/site-packages/airflow/example_dags/example_xcomargs.py
[2024-06-29T19:26:58.355+0000] {logging_mixin.py:188} INFO - [2024-06-29T19:26:58.354+0000] {override.py:1829} INFO - Created Permission View: can delete on DAG:example_xcom_args
[2024-06-29T19:26:58.374+0000] {logging_mixin.py:188} INFO - [2024-06-29T19:26:58.374+0000] {override.py:1829} INFO - Created Permission View: can read on DAG:example_xcom_args
[2024-06-29T19:26:58.392+0000] {logging_mixin.py:188} INFO - [2024-06-29T19:26:58.392+0000] {override.py:1829} INFO - Created Permission View: can edit on DAG:example_xcom_args
[2024-06-29T19:26:58.444+0000] {logging_mixin.py:188} INFO - [2024-06-29T19:26:58.444+0000] {override.py:1829} INFO - Created Permission View: can delete on DAG:example_xcom_args_with_operators
[2024-06-29T19:26:58.459+0000] {logging_mixin.py:188} INFO - [2024-06-29T19:26:58.458+0000] {override.py:1829} INFO - Created Permission View: can read on DAG:example_xcom_args_with_operators
[2024-06-29T19:26:58.473+0000] {logging_mixin.py:188} INFO - [2024-06-29T19:26:58.472+0000] {override.py:1829} INFO - Created Permission View: can edit on DAG:example_xcom_args_with_operators
[2024-06-29T19:26:58.475+0000] {logging_mixin.py:188} INFO - [2024-06-29T19:26:58.474+0000] {dag.py:3096} INFO - Sync 2 DAGs
[2024-06-29T19:26:58.503+0000] {logging_mixin.py:188} INFO - [2024-06-29T19:26:58.502+0000] {dag.py:3118} INFO - Creating ORM DAG for example_xcom_args_with_operators
[2024-06-29T19:26:58.505+0000] {logging_mixin.py:188} INFO - [2024-06-29T19:26:58.505+0000] {dag.py:3118} INFO - Creating ORM DAG for example_xcom_args
[2024-06-29T19:26:58.508+0000] {logging_mixin.py:188} INFO - [2024-06-29T19:26:58.508+0000] {dag.py:3954} INFO - Setting next_dagrun for example_xcom_args to None, run_after=None
[2024-06-29T19:26:58.511+0000] {logging_mixin.py:188} INFO - [2024-06-29T19:26:58.510+0000] {dag.py:3954} INFO - Setting next_dagrun for example_xcom_args_with_operators to None, run_after=None
[2024-06-29T19:26:58.556+0000] {processor.py:183} INFO - Processing /home/airflow/.local/lib/python3.12/site-packages/airflow/example_dags/example_xcomargs.py took 0.451 seconds
[2024-06-29T19:27:28.709+0000] {processor.py:161} INFO - Started process (PID=135) to work on /home/airflow/.local/lib/python3.12/site-packages/airflow/example_dags/example_xcomargs.py
[2024-06-29T19:27:28.711+0000] {processor.py:830} INFO - Processing file /home/airflow/.local/lib/python3.12/site-packages/airflow/example_dags/example_xcomargs.py for tasks to queue
[2024-06-29T19:27:28.716+0000] {logging_mixin.py:188} INFO - [2024-06-29T19:27:28.715+0000] {dagbag.py:545} INFO - Filling up the DagBag from /home/airflow/.local/lib/python3.12/site-packages/airflow/example_dags/example_xcomargs.py
[2024-06-29T19:27:28.755+0000] {processor.py:840} INFO - DAG(s) 'example_xcom_args', 'example_xcom_args_with_operators' retrieved from /home/airflow/.local/lib/python3.12/site-packages/airflow/example_dags/example_xcomargs.py
[2024-06-29T19:27:28.844+0000] {logging_mixin.py:188} INFO - [2024-06-29T19:27:28.844+0000] {dag.py:3096} INFO - Sync 2 DAGs
[2024-06-29T19:27:28.877+0000] {logging_mixin.py:188} INFO - [2024-06-29T19:27:28.877+0000] {dag.py:3954} INFO - Setting next_dagrun for example_xcom_args to None, run_after=None
[2024-06-29T19:27:28.888+0000] {logging_mixin.py:188} INFO - [2024-06-29T19:27:28.887+0000] {dag.py:3954} INFO - Setting next_dagrun for example_xcom_args_with_operators to None, run_after=None
[2024-06-29T19:27:28.944+0000] {processor.py:183} INFO - Processing /home/airflow/.local/lib/python3.12/site-packages/airflow/example_dags/example_xcomargs.py took 0.249 seconds
[2024-06-29T19:28:01.580+0000] {processor.py:161} INFO - Started process (PID=195) to work on /home/airflow/.local/lib/python3.12/site-packages/airflow/example_dags/example_xcomargs.py
[2024-06-29T19:28:01.583+0000] {processor.py:830} INFO - Processing file /home/airflow/.local/lib/python3.12/site-packages/airflow/example_dags/example_xcomargs.py for tasks to queue
[2024-06-29T19:28:01.591+0000] {logging_mixin.py:188} INFO - [2024-06-29T19:28:01.591+0000] {dagbag.py:545} INFO - Filling up the DagBag from /home/airflow/.local/lib/python3.12/site-packages/airflow/example_dags/example_xcomargs.py
[2024-06-29T19:28:01.610+0000] {processor.py:840} INFO - DAG(s) 'example_xcom_args', 'example_xcom_args_with_operators' retrieved from /home/airflow/.local/lib/python3.12/site-packages/airflow/example_dags/example_xcomargs.py
[2024-06-29T19:28:01.656+0000] {logging_mixin.py:188} INFO - [2024-06-29T19:28:01.656+0000] {dag.py:3096} INFO - Sync 2 DAGs
[2024-06-29T19:28:01.682+0000] {logging_mixin.py:188} INFO - [2024-06-29T19:28:01.681+0000] {dag.py:3954} INFO - Setting next_dagrun for example_xcom_args to None, run_after=None
[2024-06-29T19:28:01.689+0000] {logging_mixin.py:188} INFO - [2024-06-29T19:28:01.688+0000] {dag.py:3954} INFO - Setting next_dagrun for example_xcom_args_with_operators to None, run_after=None
[2024-06-29T19:28:01.741+0000] {processor.py:183} INFO - Processing /home/airflow/.local/lib/python3.12/site-packages/airflow/example_dags/example_xcomargs.py took 0.170 seconds
[2024-06-29T19:28:37.757+0000] {processor.py:161} INFO - Started process (PID=253) to work on /home/airflow/.local/lib/python3.12/site-packages/airflow/example_dags/example_xcomargs.py
[2024-06-29T19:28:37.760+0000] {processor.py:830} INFO - Processing file /home/airflow/.local/lib/python3.12/site-packages/airflow/example_dags/example_xcomargs.py for tasks to queue
[2024-06-29T19:28:37.771+0000] {logging_mixin.py:188} INFO - [2024-06-29T19:28:37.770+0000] {dagbag.py:545} INFO - Filling up the DagBag from /home/airflow/.local/lib/python3.12/site-packages/airflow/example_dags/example_xcomargs.py
[2024-06-29T19:28:37.864+0000] {processor.py:840} INFO - DAG(s) 'example_xcom_args_with_operators', 'example_xcom_args' retrieved from /home/airflow/.local/lib/python3.12/site-packages/airflow/example_dags/example_xcomargs.py
[2024-06-29T19:28:38.179+0000] {logging_mixin.py:188} INFO - [2024-06-29T19:28:38.172+0000] {dag.py:3096} INFO - Sync 2 DAGs
[2024-06-29T19:28:38.330+0000] {logging_mixin.py:188} INFO - [2024-06-29T19:28:38.329+0000] {dag.py:3954} INFO - Setting next_dagrun for example_xcom_args to None, run_after=None
[2024-06-29T19:28:38.393+0000] {logging_mixin.py:188} INFO - [2024-06-29T19:28:38.393+0000] {dag.py:3954} INFO - Setting next_dagrun for example_xcom_args_with_operators to None, run_after=None
[2024-06-29T19:28:38.626+0000] {processor.py:183} INFO - Processing /home/airflow/.local/lib/python3.12/site-packages/airflow/example_dags/example_xcomargs.py took 0.908 seconds
