[2024-06-29T19:26:52.823+0000] {processor.py:161} INFO - Started process (PID=66) to work on /home/airflow/.local/lib/python3.12/site-packages/airflow/example_dags/example_python_operator.py
[2024-06-29T19:26:52.829+0000] {processor.py:830} INFO - Processing file /home/airflow/.local/lib/python3.12/site-packages/airflow/example_dags/example_python_operator.py for tasks to queue
[2024-06-29T19:26:52.834+0000] {logging_mixin.py:188} INFO - [2024-06-29T19:26:52.833+0000] {dagbag.py:545} INFO - Filling up the DagBag from /home/airflow/.local/lib/python3.12/site-packages/airflow/example_dags/example_python_operator.py
[2024-06-29T19:26:52.901+0000] {processor.py:840} INFO - DAG(s) 'example_python_operator' retrieved from /home/airflow/.local/lib/python3.12/site-packages/airflow/example_dags/example_python_operator.py
[2024-06-29T19:26:53.770+0000] {logging_mixin.py:188} INFO - [2024-06-29T19:26:53.768+0000] {override.py:1829} INFO - Created Permission View: can delete on DAG:example_python_operator
[2024-06-29T19:26:53.814+0000] {logging_mixin.py:188} INFO - [2024-06-29T19:26:53.811+0000] {override.py:1829} INFO - Created Permission View: can read on DAG:example_python_operator
[2024-06-29T19:26:53.835+0000] {logging_mixin.py:188} INFO - [2024-06-29T19:26:53.834+0000] {override.py:1829} INFO - Created Permission View: can edit on DAG:example_python_operator
[2024-06-29T19:26:53.837+0000] {logging_mixin.py:188} INFO - [2024-06-29T19:26:53.836+0000] {dag.py:3096} INFO - Sync 1 DAGs
[2024-06-29T19:26:53.889+0000] {logging_mixin.py:188} INFO - [2024-06-29T19:26:53.889+0000] {dag.py:3118} INFO - Creating ORM DAG for example_python_operator
[2024-06-29T19:26:53.892+0000] {logging_mixin.py:188} INFO - [2024-06-29T19:26:53.892+0000] {dag.py:3954} INFO - Setting next_dagrun for example_python_operator to None, run_after=None
[2024-06-29T19:26:53.959+0000] {processor.py:183} INFO - Processing /home/airflow/.local/lib/python3.12/site-packages/airflow/example_dags/example_python_operator.py took 1.149 seconds
[2024-06-29T19:27:24.302+0000] {processor.py:161} INFO - Started process (PID=125) to work on /home/airflow/.local/lib/python3.12/site-packages/airflow/example_dags/example_python_operator.py
[2024-06-29T19:27:24.304+0000] {processor.py:830} INFO - Processing file /home/airflow/.local/lib/python3.12/site-packages/airflow/example_dags/example_python_operator.py for tasks to queue
[2024-06-29T19:27:24.307+0000] {logging_mixin.py:188} INFO - [2024-06-29T19:27:24.306+0000] {dagbag.py:545} INFO - Filling up the DagBag from /home/airflow/.local/lib/python3.12/site-packages/airflow/example_dags/example_python_operator.py
[2024-06-29T19:27:24.328+0000] {processor.py:840} INFO - DAG(s) 'example_python_operator' retrieved from /home/airflow/.local/lib/python3.12/site-packages/airflow/example_dags/example_python_operator.py
[2024-06-29T19:27:24.437+0000] {logging_mixin.py:188} INFO - [2024-06-29T19:27:24.435+0000] {dag.py:3096} INFO - Sync 1 DAGs
[2024-06-29T19:27:24.519+0000] {logging_mixin.py:188} INFO - [2024-06-29T19:27:24.518+0000] {dag.py:3954} INFO - Setting next_dagrun for example_python_operator to None, run_after=None
[2024-06-29T19:27:24.596+0000] {processor.py:183} INFO - Processing /home/airflow/.local/lib/python3.12/site-packages/airflow/example_dags/example_python_operator.py took 0.303 seconds
[2024-06-29T19:27:57.797+0000] {processor.py:161} INFO - Started process (PID=185) to work on /home/airflow/.local/lib/python3.12/site-packages/airflow/example_dags/example_python_operator.py
[2024-06-29T19:27:57.811+0000] {processor.py:830} INFO - Processing file /home/airflow/.local/lib/python3.12/site-packages/airflow/example_dags/example_python_operator.py for tasks to queue
[2024-06-29T19:27:57.823+0000] {logging_mixin.py:188} INFO - [2024-06-29T19:27:57.816+0000] {dagbag.py:545} INFO - Filling up the DagBag from /home/airflow/.local/lib/python3.12/site-packages/airflow/example_dags/example_python_operator.py
[2024-06-29T19:27:57.918+0000] {processor.py:840} INFO - DAG(s) 'example_python_operator' retrieved from /home/airflow/.local/lib/python3.12/site-packages/airflow/example_dags/example_python_operator.py
[2024-06-29T19:27:58.123+0000] {logging_mixin.py:188} INFO - [2024-06-29T19:27:58.121+0000] {dag.py:3096} INFO - Sync 1 DAGs
[2024-06-29T19:27:58.258+0000] {logging_mixin.py:188} INFO - [2024-06-29T19:27:58.257+0000] {dag.py:3954} INFO - Setting next_dagrun for example_python_operator to None, run_after=None
[2024-06-29T19:27:58.466+0000] {processor.py:183} INFO - Processing /home/airflow/.local/lib/python3.12/site-packages/airflow/example_dags/example_python_operator.py took 0.755 seconds
[2024-06-29T19:28:30.604+0000] {processor.py:161} INFO - Started process (PID=243) to work on /home/airflow/.local/lib/python3.12/site-packages/airflow/example_dags/example_python_operator.py
[2024-06-29T19:28:30.611+0000] {processor.py:830} INFO - Processing file /home/airflow/.local/lib/python3.12/site-packages/airflow/example_dags/example_python_operator.py for tasks to queue
[2024-06-29T19:28:30.618+0000] {logging_mixin.py:188} INFO - [2024-06-29T19:28:30.617+0000] {dagbag.py:545} INFO - Filling up the DagBag from /home/airflow/.local/lib/python3.12/site-packages/airflow/example_dags/example_python_operator.py
[2024-06-29T19:28:30.802+0000] {processor.py:840} INFO - DAG(s) 'example_python_operator' retrieved from /home/airflow/.local/lib/python3.12/site-packages/airflow/example_dags/example_python_operator.py
[2024-06-29T19:28:31.046+0000] {logging_mixin.py:188} INFO - [2024-06-29T19:28:31.042+0000] {dag.py:3096} INFO - Sync 1 DAGs
[2024-06-29T19:28:31.175+0000] {logging_mixin.py:188} INFO - [2024-06-29T19:28:31.174+0000] {dag.py:3954} INFO - Setting next_dagrun for example_python_operator to None, run_after=None
[2024-06-29T19:28:31.931+0000] {processor.py:183} INFO - Processing /home/airflow/.local/lib/python3.12/site-packages/airflow/example_dags/example_python_operator.py took 1.350 seconds
