[2024-06-29T19:26:54.593+0000] {processor.py:161} INFO - Started process (PID=68) to work on /home/airflow/.local/lib/python3.12/site-packages/airflow/example_dags/tutorial.py
[2024-06-29T19:26:54.597+0000] {processor.py:830} INFO - Processing file /home/airflow/.local/lib/python3.12/site-packages/airflow/example_dags/tutorial.py for tasks to queue
[2024-06-29T19:26:54.602+0000] {logging_mixin.py:188} INFO - [2024-06-29T19:26:54.601+0000] {dagbag.py:545} INFO - Filling up the DagBag from /home/airflow/.local/lib/python3.12/site-packages/airflow/example_dags/tutorial.py
[2024-06-29T19:26:54.635+0000] {processor.py:840} INFO - DAG(s) 'tutorial' retrieved from /home/airflow/.local/lib/python3.12/site-packages/airflow/example_dags/tutorial.py
[2024-06-29T19:26:55.040+0000] {logging_mixin.py:188} INFO - [2024-06-29T19:26:55.036+0000] {override.py:1829} INFO - Created Permission View: can delete on DAG:tutorial
[2024-06-29T19:26:55.084+0000] {logging_mixin.py:188} INFO - [2024-06-29T19:26:55.083+0000] {override.py:1829} INFO - Created Permission View: can read on DAG:tutorial
[2024-06-29T19:26:55.099+0000] {logging_mixin.py:188} INFO - [2024-06-29T19:26:55.098+0000] {override.py:1829} INFO - Created Permission View: can edit on DAG:tutorial
[2024-06-29T19:26:55.101+0000] {logging_mixin.py:188} INFO - [2024-06-29T19:26:55.100+0000] {dag.py:3096} INFO - Sync 1 DAGs
[2024-06-29T19:26:55.136+0000] {logging_mixin.py:188} INFO - [2024-06-29T19:26:55.135+0000] {dag.py:3118} INFO - Creating ORM DAG for tutorial
[2024-06-29T19:26:55.162+0000] {logging_mixin.py:188} INFO - [2024-06-29T19:26:55.162+0000] {dag.py:3954} INFO - Setting next_dagrun for tutorial to 2024-06-28 00:00:00+00:00, run_after=2024-06-29 00:00:00+00:00
[2024-06-29T19:26:55.236+0000] {processor.py:183} INFO - Processing /home/airflow/.local/lib/python3.12/site-packages/airflow/example_dags/tutorial.py took 0.661 seconds
[2024-06-29T19:27:25.724+0000] {processor.py:161} INFO - Started process (PID=127) to work on /home/airflow/.local/lib/python3.12/site-packages/airflow/example_dags/tutorial.py
[2024-06-29T19:27:25.727+0000] {processor.py:830} INFO - Processing file /home/airflow/.local/lib/python3.12/site-packages/airflow/example_dags/tutorial.py for tasks to queue
[2024-06-29T19:27:25.731+0000] {logging_mixin.py:188} INFO - [2024-06-29T19:27:25.730+0000] {dagbag.py:545} INFO - Filling up the DagBag from /home/airflow/.local/lib/python3.12/site-packages/airflow/example_dags/tutorial.py
[2024-06-29T19:27:25.751+0000] {processor.py:840} INFO - DAG(s) 'tutorial' retrieved from /home/airflow/.local/lib/python3.12/site-packages/airflow/example_dags/tutorial.py
[2024-06-29T19:27:25.839+0000] {logging_mixin.py:188} INFO - [2024-06-29T19:27:25.838+0000] {dag.py:3096} INFO - Sync 1 DAGs
[2024-06-29T19:27:25.901+0000] {logging_mixin.py:188} INFO - [2024-06-29T19:27:25.901+0000] {dag.py:3954} INFO - Setting next_dagrun for tutorial to 2024-06-28 00:00:00+00:00, run_after=2024-06-29 00:00:00+00:00
[2024-06-29T19:27:25.948+0000] {processor.py:183} INFO - Processing /home/airflow/.local/lib/python3.12/site-packages/airflow/example_dags/tutorial.py took 0.234 seconds
[2024-06-29T19:27:58.638+0000] {processor.py:161} INFO - Started process (PID=187) to work on /home/airflow/.local/lib/python3.12/site-packages/airflow/example_dags/tutorial.py
[2024-06-29T19:27:58.642+0000] {processor.py:830} INFO - Processing file /home/airflow/.local/lib/python3.12/site-packages/airflow/example_dags/tutorial.py for tasks to queue
[2024-06-29T19:27:58.655+0000] {logging_mixin.py:188} INFO - [2024-06-29T19:27:58.653+0000] {dagbag.py:545} INFO - Filling up the DagBag from /home/airflow/.local/lib/python3.12/site-packages/airflow/example_dags/tutorial.py
[2024-06-29T19:27:58.709+0000] {processor.py:840} INFO - DAG(s) 'tutorial' retrieved from /home/airflow/.local/lib/python3.12/site-packages/airflow/example_dags/tutorial.py
[2024-06-29T19:27:58.876+0000] {logging_mixin.py:188} INFO - [2024-06-29T19:27:58.875+0000] {dag.py:3096} INFO - Sync 1 DAGs
[2024-06-29T19:27:59.260+0000] {logging_mixin.py:188} INFO - [2024-06-29T19:27:59.259+0000] {dag.py:3954} INFO - Setting next_dagrun for tutorial to 2024-06-28 00:00:00+00:00, run_after=2024-06-29 00:00:00+00:00
[2024-06-29T19:27:59.357+0000] {processor.py:183} INFO - Processing /home/airflow/.local/lib/python3.12/site-packages/airflow/example_dags/tutorial.py took 0.742 seconds
[2024-06-29T19:28:34.091+0000] {processor.py:161} INFO - Started process (PID=245) to work on /home/airflow/.local/lib/python3.12/site-packages/airflow/example_dags/tutorial.py
[2024-06-29T19:28:34.100+0000] {processor.py:830} INFO - Processing file /home/airflow/.local/lib/python3.12/site-packages/airflow/example_dags/tutorial.py for tasks to queue
[2024-06-29T19:28:34.138+0000] {logging_mixin.py:188} INFO - [2024-06-29T19:28:34.137+0000] {dagbag.py:545} INFO - Filling up the DagBag from /home/airflow/.local/lib/python3.12/site-packages/airflow/example_dags/tutorial.py
[2024-06-29T19:28:34.220+0000] {processor.py:840} INFO - DAG(s) 'tutorial' retrieved from /home/airflow/.local/lib/python3.12/site-packages/airflow/example_dags/tutorial.py
[2024-06-29T19:28:34.346+0000] {logging_mixin.py:188} INFO - [2024-06-29T19:28:34.346+0000] {dag.py:3096} INFO - Sync 1 DAGs
[2024-06-29T19:28:34.479+0000] {logging_mixin.py:188} INFO - [2024-06-29T19:28:34.478+0000] {dag.py:3954} INFO - Setting next_dagrun for tutorial to 2024-06-28 00:00:00+00:00, run_after=2024-06-29 00:00:00+00:00
[2024-06-29T19:28:34.676+0000] {processor.py:183} INFO - Processing /home/airflow/.local/lib/python3.12/site-packages/airflow/example_dags/tutorial.py took 0.621 seconds
