[2024-06-29T19:26:50.993+0000] {processor.py:161} INFO - Started process (PID=60) to work on /home/airflow/.local/lib/python3.12/site-packages/airflow/example_dags/tutorial_taskflow_api.py
[2024-06-29T19:26:50.995+0000] {processor.py:830} INFO - Processing file /home/airflow/.local/lib/python3.12/site-packages/airflow/example_dags/tutorial_taskflow_api.py for tasks to queue
[2024-06-29T19:26:50.998+0000] {logging_mixin.py:188} INFO - [2024-06-29T19:26:50.997+0000] {dagbag.py:545} INFO - Filling up the DagBag from /home/airflow/.local/lib/python3.12/site-packages/airflow/example_dags/tutorial_taskflow_api.py
[2024-06-29T19:26:51.014+0000] {processor.py:840} INFO - DAG(s) 'tutorial_taskflow_api' retrieved from /home/airflow/.local/lib/python3.12/site-packages/airflow/example_dags/tutorial_taskflow_api.py
[2024-06-29T19:26:51.250+0000] {logging_mixin.py:188} INFO - [2024-06-29T19:26:51.248+0000] {override.py:1829} INFO - Created Permission View: can delete on DAG:tutorial_taskflow_api
[2024-06-29T19:26:51.288+0000] {logging_mixin.py:188} INFO - [2024-06-29T19:26:51.288+0000] {override.py:1829} INFO - Created Permission View: can read on DAG:tutorial_taskflow_api
[2024-06-29T19:26:51.302+0000] {logging_mixin.py:188} INFO - [2024-06-29T19:26:51.302+0000] {override.py:1829} INFO - Created Permission View: can edit on DAG:tutorial_taskflow_api
[2024-06-29T19:26:51.304+0000] {logging_mixin.py:188} INFO - [2024-06-29T19:26:51.303+0000] {dag.py:3096} INFO - Sync 1 DAGs
[2024-06-29T19:26:51.343+0000] {logging_mixin.py:188} INFO - [2024-06-29T19:26:51.342+0000] {dag.py:3118} INFO - Creating ORM DAG for tutorial_taskflow_api
[2024-06-29T19:26:51.346+0000] {logging_mixin.py:188} INFO - [2024-06-29T19:26:51.345+0000] {dag.py:3954} INFO - Setting next_dagrun for tutorial_taskflow_api to None, run_after=None
[2024-06-29T19:26:51.386+0000] {processor.py:183} INFO - Processing /home/airflow/.local/lib/python3.12/site-packages/airflow/example_dags/tutorial_taskflow_api.py took 0.403 seconds
[2024-06-29T19:27:22.393+0000] {processor.py:161} INFO - Started process (PID=119) to work on /home/airflow/.local/lib/python3.12/site-packages/airflow/example_dags/tutorial_taskflow_api.py
[2024-06-29T19:27:22.396+0000] {processor.py:830} INFO - Processing file /home/airflow/.local/lib/python3.12/site-packages/airflow/example_dags/tutorial_taskflow_api.py for tasks to queue
[2024-06-29T19:27:22.400+0000] {logging_mixin.py:188} INFO - [2024-06-29T19:27:22.399+0000] {dagbag.py:545} INFO - Filling up the DagBag from /home/airflow/.local/lib/python3.12/site-packages/airflow/example_dags/tutorial_taskflow_api.py
[2024-06-29T19:27:22.420+0000] {processor.py:840} INFO - DAG(s) 'tutorial_taskflow_api' retrieved from /home/airflow/.local/lib/python3.12/site-packages/airflow/example_dags/tutorial_taskflow_api.py
[2024-06-29T19:27:22.519+0000] {logging_mixin.py:188} INFO - [2024-06-29T19:27:22.517+0000] {dag.py:3096} INFO - Sync 1 DAGs
[2024-06-29T19:27:22.599+0000] {logging_mixin.py:188} INFO - [2024-06-29T19:27:22.597+0000] {dag.py:3954} INFO - Setting next_dagrun for tutorial_taskflow_api to None, run_after=None
[2024-06-29T19:27:22.704+0000] {processor.py:183} INFO - Processing /home/airflow/.local/lib/python3.12/site-packages/airflow/example_dags/tutorial_taskflow_api.py took 0.350 seconds
[2024-06-29T19:27:52.928+0000] {processor.py:161} INFO - Started process (PID=179) to work on /home/airflow/.local/lib/python3.12/site-packages/airflow/example_dags/tutorial_taskflow_api.py
[2024-06-29T19:27:53.076+0000] {processor.py:830} INFO - Processing file /home/airflow/.local/lib/python3.12/site-packages/airflow/example_dags/tutorial_taskflow_api.py for tasks to queue
[2024-06-29T19:27:53.098+0000] {logging_mixin.py:188} INFO - [2024-06-29T19:27:53.097+0000] {dagbag.py:545} INFO - Filling up the DagBag from /home/airflow/.local/lib/python3.12/site-packages/airflow/example_dags/tutorial_taskflow_api.py
[2024-06-29T19:27:53.153+0000] {processor.py:840} INFO - DAG(s) 'tutorial_taskflow_api' retrieved from /home/airflow/.local/lib/python3.12/site-packages/airflow/example_dags/tutorial_taskflow_api.py
[2024-06-29T19:27:53.256+0000] {logging_mixin.py:188} INFO - [2024-06-29T19:27:53.253+0000] {dag.py:3096} INFO - Sync 1 DAGs
[2024-06-29T19:27:53.357+0000] {logging_mixin.py:188} INFO - [2024-06-29T19:27:53.354+0000] {dag.py:3954} INFO - Setting next_dagrun for tutorial_taskflow_api to None, run_after=None
[2024-06-29T19:27:53.522+0000] {processor.py:183} INFO - Processing /home/airflow/.local/lib/python3.12/site-packages/airflow/example_dags/tutorial_taskflow_api.py took 0.615 seconds
[2024-06-29T19:28:28.320+0000] {processor.py:161} INFO - Started process (PID=237) to work on /home/airflow/.local/lib/python3.12/site-packages/airflow/example_dags/tutorial_taskflow_api.py
[2024-06-29T19:28:28.335+0000] {processor.py:830} INFO - Processing file /home/airflow/.local/lib/python3.12/site-packages/airflow/example_dags/tutorial_taskflow_api.py for tasks to queue
[2024-06-29T19:28:28.342+0000] {logging_mixin.py:188} INFO - [2024-06-29T19:28:28.341+0000] {dagbag.py:545} INFO - Filling up the DagBag from /home/airflow/.local/lib/python3.12/site-packages/airflow/example_dags/tutorial_taskflow_api.py
[2024-06-29T19:28:28.411+0000] {processor.py:840} INFO - DAG(s) 'tutorial_taskflow_api' retrieved from /home/airflow/.local/lib/python3.12/site-packages/airflow/example_dags/tutorial_taskflow_api.py
[2024-06-29T19:28:28.497+0000] {logging_mixin.py:188} INFO - [2024-06-29T19:28:28.496+0000] {dag.py:3096} INFO - Sync 1 DAGs
[2024-06-29T19:28:28.571+0000] {logging_mixin.py:188} INFO - [2024-06-29T19:28:28.571+0000] {dag.py:3954} INFO - Setting next_dagrun for tutorial_taskflow_api to None, run_after=None
[2024-06-29T19:28:28.677+0000] {processor.py:183} INFO - Processing /home/airflow/.local/lib/python3.12/site-packages/airflow/example_dags/tutorial_taskflow_api.py took 0.392 seconds
[2024-06-29T19:29:07.847+0000] {processor.py:161} INFO - Started process (PID=296) to work on /home/airflow/.local/lib/python3.12/site-packages/airflow/example_dags/tutorial_taskflow_api.py
[2024-06-29T19:29:07.857+0000] {processor.py:830} INFO - Processing file /home/airflow/.local/lib/python3.12/site-packages/airflow/example_dags/tutorial_taskflow_api.py for tasks to queue
[2024-06-29T19:29:07.865+0000] {logging_mixin.py:188} INFO - [2024-06-29T19:29:07.864+0000] {dagbag.py:545} INFO - Filling up the DagBag from /home/airflow/.local/lib/python3.12/site-packages/airflow/example_dags/tutorial_taskflow_api.py
[2024-06-29T19:29:07.902+0000] {processor.py:840} INFO - DAG(s) 'tutorial_taskflow_api' retrieved from /home/airflow/.local/lib/python3.12/site-packages/airflow/example_dags/tutorial_taskflow_api.py
[2024-06-29T19:29:08.322+0000] {logging_mixin.py:188} INFO - [2024-06-29T19:29:08.320+0000] {dag.py:3096} INFO - Sync 1 DAGs
[2024-06-29T19:29:08.440+0000] {logging_mixin.py:188} INFO - [2024-06-29T19:29:08.440+0000] {dag.py:3954} INFO - Setting next_dagrun for tutorial_taskflow_api to None, run_after=None
[2024-06-29T19:29:08.658+0000] {processor.py:183} INFO - Processing /home/airflow/.local/lib/python3.12/site-packages/airflow/example_dags/tutorial_taskflow_api.py took 0.980 seconds
